{"src/core/i18n.js":{"path":"src/core/i18n.js","s":{"1":1,"2":1,"3":1,"4":1,"5":1,"6":28001,"7":28001,"8":26062,"9":1939,"10":28001,"11":7360,"12":28001,"13":480,"14":480,"15":10240,"16":10240,"17":480,"18":320,"19":320,"20":9120,"21":9120,"22":320,"23":960,"24":960,"25":8320,"26":8320,"27":960,"28":1939,"29":1939,"30":3,"31":3,"32":3,"33":3,"34":3,"35":3,"36":3,"37":3,"38":160,"39":160,"40":1767,"41":1767,"42":1767,"43":1767,"44":214,"45":214,"46":214,"47":1767,"48":1939,"49":7360,"50":7360,"51":6123,"52":1237,"53":7360,"54":1,"55":160,"56":1600,"57":1600,"58":1,"59":1601,"60":1601,"61":1601,"62":1280,"63":960,"64":320,"65":321,"66":1,"67":1,"68":1,"69":1,"70":1,"71":1,"72":1,"73":1,"74":1,"75":1,"76":1,"77":1,"78":1,"79":1,"80":1,"81":1,"82":1,"83":1,"84":160,"85":160,"86":1600,"87":1600,"88":160,"89":160,"90":160,"91":160,"92":160,"93":160,"94":160,"95":160,"96":6240,"97":6240,"98":160,"99":2880,"100":2880,"101":160,"102":160,"103":160,"104":160,"105":160,"106":160,"107":160,"108":160,"109":160,"110":1,"111":160,"112":160,"113":160,"114":160,"115":160,"116":1,"117":321,"118":637,"119":159,"120":159,"121":157,"122":157,"123":157,"124":157,"125":2,"126":2,"127":0,"128":0,"129":0,"130":0,"131":0,"132":0,"133":2,"134":1,"135":1,"136":1,"137":1,"138":1,"139":1,"140":1,"141":1,"142":1,"143":1,"144":1,"145":1,"146":1,"147":158,"148":158,"149":158,"150":158,"151":156,"152":0,"153":2,"154":1},"b":{"1":[0,1],"2":[26062,1939],"3":[28001,27824,27475],"4":[7360,20641],"5":[10240,0],"6":[9120,0],"7":[8320,0],"8":[3,3,3,3,160,1767],"9":[214,1553],"10":[1767,214],"11":[214,0],"12":[214,36],"13":[6123,1237],"14":[7360,7314,7222],"15":[1600,0],"16":[0,1601],"17":[1280,321],"18":[960,320],"19":[1,0],"20":[1,0],"21":[1,1,0,0],"22":[1,0],"23":[1600,0],"24":[6240,0],"25":[2880,0],"26":[637,9],"27":[157,2],"28":[159,158,158,157],"29":[157,0],"30":[2,0],"31":[2,1],"32":[0,2],"33":[2,0],"34":[1,1],"35":[2,2],"36":[1,0],"37":[1,0],"38":[1,0],"39":[158,0],"40":[156,2],"41":[158,157]},"f":{"1":1,"2":28001,"3":480,"4":320,"5":960,"6":1939,"7":7360,"8":160,"9":1601,"10":1,"11":0,"12":1,"13":1,"14":1,"15":1,"16":160,"17":160,"18":160,"19":160,"20":160,"21":160,"22":160,"23":160,"24":160,"25":160,"26":160,"27":160,"28":160,"29":321,"30":637,"31":159,"32":1,"33":0,"34":2},"fnMap":{"1":{"name":"(anonymous_1)","line":1,"loc":{"start":{"line":1,"column":1},"end":{"line":1,"column":13}}},"2":{"name":"(anonymous_2)","line":6,"loc":{"start":{"line":6,"column":14},"end":{"line":6,"column":42}}},"3":{"name":"(anonymous_3)","line":18,"loc":{"start":{"line":18,"column":23},"end":{"line":18,"column":51}}},"4":{"name":"(anonymous_4)","line":27,"loc":{"start":{"line":27,"column":21},"end":{"line":27,"column":49}}},"5":{"name":"(anonymous_5)","line":36,"loc":{"start":{"line":36,"column":16},"end":{"line":36,"column":44}}},"6":{"name":"(anonymous_6)","line":45,"loc":{"start":{"line":45,"column":20},"end":{"line":45,"column":35}}},"7":{"name":"(anonymous_7)","line":78,"loc":{"start":{"line":78,"column":18},"end":{"line":78,"column":46}}},"8":{"name":"(anonymous_8)","line":89,"loc":{"start":{"line":89,"column":20},"end":{"line":89,"column":42}}},"9":{"name":"(anonymous_9)","line":97,"loc":{"start":{"line":97,"column":10},"end":{"line":97,"column":35}}},"10":{"name":"(anonymous_10)","line":111,"loc":{"start":{"line":111,"column":22},"end":{"line":111,"column":38}}},"11":{"name":"(anonymous_11)","line":120,"loc":{"start":{"line":120,"column":9},"end":{"line":120,"column":20}}},"12":{"name":"(anonymous_12)","line":123,"loc":{"start":{"line":123,"column":46},"end":{"line":123,"column":57}}},"13":{"name":"(anonymous_13)","line":130,"loc":{"start":{"line":130,"column":13},"end":{"line":130,"column":24}}},"14":{"name":"(anonymous_14)","line":135,"loc":{"start":{"line":135,"column":9},"end":{"line":135,"column":23}}},"15":{"name":"(anonymous_15)","line":136,"loc":{"start":{"line":136,"column":18},"end":{"line":136,"column":29}}},"16":{"name":"(anonymous_16)","line":146,"loc":{"start":{"line":146,"column":23},"end":{"line":146,"column":38}}},"17":{"name":"(anonymous_17)","line":155,"loc":{"start":{"line":155,"column":15},"end":{"line":155,"column":27}}},"18":{"name":"(anonymous_18)","line":178,"loc":{"start":{"line":178,"column":20},"end":{"line":178,"column":32}}},"19":{"name":"(anonymous_19)","line":222,"loc":{"start":{"line":222,"column":13},"end":{"line":222,"column":29}}},"20":{"name":"(anonymous_20)","line":237,"loc":{"start":{"line":237,"column":8},"end":{"line":237,"column":20}}},"21":{"name":"(anonymous_21)","line":240,"loc":{"start":{"line":240,"column":11},"end":{"line":240,"column":23}}},"22":{"name":"(anonymous_22)","line":243,"loc":{"start":{"line":243,"column":17},"end":{"line":243,"column":29}}},"23":{"name":"(anonymous_23)","line":246,"loc":{"start":{"line":246,"column":19},"end":{"line":246,"column":31}}},"24":{"name":"(anonymous_24)","line":249,"loc":{"start":{"line":249,"column":10},"end":{"line":249,"column":22}}},"25":{"name":"(anonymous_25)","line":252,"loc":{"start":{"line":252,"column":13},"end":{"line":252,"column":25}}},"26":{"name":"(anonymous_26)","line":255,"loc":{"start":{"line":255,"column":18},"end":{"line":255,"column":30}}},"27":{"name":"(anonymous_27)","line":269,"loc":{"start":{"line":269,"column":9},"end":{"line":269,"column":21}}},"28":{"name":"(anonymous_28)","line":321,"loc":{"start":{"line":321,"column":19},"end":{"line":321,"column":31}}},"29":{"name":"(anonymous_29)","line":352,"loc":{"start":{"line":352,"column":6},"end":{"line":352,"column":27}}},"30":{"name":"(anonymous_30)","line":355,"loc":{"start":{"line":355,"column":19},"end":{"line":355,"column":31}}},"31":{"name":"(anonymous_31)","line":358,"loc":{"start":{"line":358,"column":15},"end":{"line":358,"column":42}}},"32":{"name":"(anonymous_32)","line":381,"loc":{"start":{"line":381,"column":32},"end":{"line":381,"column":42}}},"33":{"name":"(anonymous_33)","line":408,"loc":{"start":{"line":408,"column":17},"end":{"line":408,"column":29}}},"34":{"name":"(anonymous_34)","line":411,"loc":{"start":{"line":411,"column":21},"end":{"line":411,"column":33}}}},"statementMap":{"1":{"start":{"line":1,"column":0},"end":{"line":416,"column":5}},"2":{"start":{"line":2,"column":1},"end":{"line":2,"column":15}},"3":{"start":{"line":3,"column":1},"end":{"line":3,"column":66}},"4":{"start":{"line":4,"column":1},"end":{"line":4,"column":21}},"5":{"start":{"line":5,"column":1},"end":{"line":87,"column":3}},"6":{"start":{"line":7,"column":3},"end":{"line":7,"column":14}},"7":{"start":{"line":8,"column":3},"end":{"line":12,"column":4}},"8":{"start":{"line":9,"column":4},"end":{"line":9,"column":51}},"9":{"start":{"line":11,"column":4},"end":{"line":11,"column":43}},"10":{"start":{"line":13,"column":3},"end":{"line":15,"column":4}},"11":{"start":{"line":14,"column":4},"end":{"line":14,"column":54}},"12":{"start":{"line":16,"column":3},"end":{"line":16,"column":17}},"13":{"start":{"line":19,"column":3},"end":{"line":19,"column":24}},"14":{"start":{"line":20,"column":3},"end":{"line":24,"column":4}},"15":{"start":{"line":21,"column":4},"end":{"line":23,"column":5}},"16":{"start":{"line":22,"column":5},"end":{"line":22,"column":61}},"17":{"start":{"line":25,"column":3},"end":{"line":25,"column":17}},"18":{"start":{"line":28,"column":3},"end":{"line":28,"column":24}},"19":{"start":{"line":29,"column":3},"end":{"line":33,"column":4}},"20":{"start":{"line":30,"column":4},"end":{"line":32,"column":5}},"21":{"start":{"line":31,"column":5},"end":{"line":31,"column":61}},"22":{"start":{"line":34,"column":3},"end":{"line":34,"column":17}},"23":{"start":{"line":37,"column":3},"end":{"line":37,"column":19}},"24":{"start":{"line":38,"column":3},"end":{"line":42,"column":4}},"25":{"start":{"line":39,"column":4},"end":{"line":41,"column":5}},"26":{"start":{"line":40,"column":5},"end":{"line":40,"column":57}},"27":{"start":{"line":43,"column":3},"end":{"line":43,"column":17}},"28":{"start":{"line":46,"column":3},"end":{"line":46,"column":35}},"29":{"start":{"line":47,"column":3},"end":{"line":75,"column":4}},"30":{"start":{"line":49,"column":5},"end":{"line":49,"column":22}},"31":{"start":{"line":50,"column":5},"end":{"line":50,"column":11}},"32":{"start":{"line":52,"column":5},"end":{"line":52,"column":40}},"33":{"start":{"line":53,"column":5},"end":{"line":53,"column":11}},"34":{"start":{"line":55,"column":5},"end":{"line":55,"column":40}},"35":{"start":{"line":56,"column":5},"end":{"line":56,"column":11}},"36":{"start":{"line":58,"column":5},"end":{"line":58,"column":19}},"37":{"start":{"line":59,"column":5},"end":{"line":59,"column":11}},"38":{"start":{"line":61,"column":5},"end":{"line":61,"column":16}},"39":{"start":{"line":62,"column":5},"end":{"line":62,"column":11}},"40":{"start":{"line":64,"column":5},"end":{"line":64,"column":18}},"41":{"start":{"line":65,"column":5},"end":{"line":65,"column":28}},"42":{"start":{"line":66,"column":5},"end":{"line":66,"column":27}},"43":{"start":{"line":67,"column":5},"end":{"line":73,"column":6}},"44":{"start":{"line":69,"column":6},"end":{"line":69,"column":47}},"45":{"start":{"line":70,"column":6},"end":{"line":72,"column":7}},"46":{"start":{"line":71,"column":7},"end":{"line":71,"column":25}},"47":{"start":{"line":74,"column":5},"end":{"line":74,"column":11}},"48":{"start":{"line":76,"column":3},"end":{"line":76,"column":17}},"49":{"start":{"line":79,"column":3},"end":{"line":79,"column":14}},"50":{"start":{"line":80,"column":3},"end":{"line":84,"column":4}},"51":{"start":{"line":81,"column":4},"end":{"line":81,"column":68}},"52":{"start":{"line":83,"column":4},"end":{"line":83,"column":67}},"53":{"start":{"line":85,"column":3},"end":{"line":85,"column":17}},"54":{"start":{"line":89,"column":1},"end":{"line":95,"column":3}},"55":{"start":{"line":90,"column":2},"end":{"line":94,"column":3}},"56":{"start":{"line":91,"column":3},"end":{"line":93,"column":4}},"57":{"start":{"line":92,"column":4},"end":{"line":92,"column":36}},"58":{"start":{"line":97,"column":1},"end":{"line":109,"column":3}},"59":{"start":{"line":98,"column":2},"end":{"line":98,"column":49}},"60":{"start":{"line":99,"column":2},"end":{"line":99,"column":24}},"61":{"start":{"line":100,"column":2},"end":{"line":108,"column":3}},"62":{"start":{"line":101,"column":3},"end":{"line":105,"column":4}},"63":{"start":{"line":102,"column":4},"end":{"line":102,"column":50}},"64":{"start":{"line":104,"column":4},"end":{"line":104,"column":55}},"65":{"start":{"line":107,"column":3},"end":{"line":107,"column":47}},"66":{"start":{"line":111,"column":1},"end":{"line":143,"column":3}},"67":{"start":{"line":113,"column":2},"end":{"line":113,"column":44}},"68":{"start":{"line":114,"column":2},"end":{"line":114,"column":82}},"69":{"start":{"line":115,"column":2},"end":{"line":115,"column":48}},"70":{"start":{"line":116,"column":2},"end":{"line":116,"column":19}},"71":{"start":{"line":118,"column":2},"end":{"line":118,"column":24}},"72":{"start":{"line":119,"column":2},"end":{"line":121,"column":4}},"73":{"start":{"line":123,"column":2},"end":{"line":128,"column":4}},"74":{"start":{"line":124,"column":3},"end":{"line":127,"column":4}},"75":{"start":{"line":125,"column":4},"end":{"line":125,"column":18}},"76":{"start":{"line":126,"column":4},"end":{"line":126,"column":29}},"77":{"start":{"line":130,"column":2},"end":{"line":132,"column":8}},"78":{"start":{"line":131,"column":3},"end":{"line":131,"column":46}},"79":{"start":{"line":134,"column":2},"end":{"line":142,"column":4}},"80":{"start":{"line":136,"column":4},"end":{"line":140,"column":6}},"81":{"start":{"line":137,"column":5},"end":{"line":139,"column":6}},"82":{"start":{"line":138,"column":6},"end":{"line":138,"column":23}},"83":{"start":{"line":145,"column":1},"end":{"line":319,"column":3}},"84":{"start":{"line":147,"column":3},"end":{"line":147,"column":11}},"85":{"start":{"line":148,"column":3},"end":{"line":152,"column":4}},"86":{"start":{"line":149,"column":4},"end":{"line":151,"column":5}},"87":{"start":{"line":150,"column":5},"end":{"line":150,"column":38}},"88":{"start":{"line":153,"column":3},"end":{"line":153,"column":14}},"89":{"start":{"line":156,"column":3},"end":{"line":175,"column":5}},"90":{"start":{"line":176,"column":3},"end":{"line":176,"column":18}},"91":{"start":{"line":179,"column":3},"end":{"line":219,"column":5}},"92":{"start":{"line":220,"column":3},"end":{"line":220,"column":23}},"93":{"start":{"line":223,"column":3},"end":{"line":223,"column":12}},"94":{"start":{"line":224,"column":3},"end":{"line":224,"column":23}},"95":{"start":{"line":225,"column":3},"end":{"line":229,"column":4}},"96":{"start":{"line":226,"column":4},"end":{"line":228,"column":5}},"97":{"start":{"line":227,"column":5},"end":{"line":227,"column":88}},"98":{"start":{"line":230,"column":3},"end":{"line":234,"column":4}},"99":{"start":{"line":231,"column":4},"end":{"line":233,"column":5}},"100":{"start":{"line":232,"column":5},"end":{"line":232,"column":94}},"101":{"start":{"line":235,"column":3},"end":{"line":235,"column":25}},"102":{"start":{"line":238,"column":3},"end":{"line":238,"column":93}},"103":{"start":{"line":241,"column":3},"end":{"line":241,"column":64}},"104":{"start":{"line":244,"column":3},"end":{"line":244,"column":57}},"105":{"start":{"line":247,"column":3},"end":{"line":247,"column":135}},"106":{"start":{"line":250,"column":3},"end":{"line":250,"column":137}},"107":{"start":{"line":253,"column":3},"end":{"line":253,"column":159}},"108":{"start":{"line":256,"column":3},"end":{"line":267,"column":35}},"109":{"start":{"line":270,"column":3},"end":{"line":317,"column":35}},"110":{"start":{"line":321,"column":1},"end":{"line":349,"column":3}},"111":{"start":{"line":322,"column":2},"end":{"line":331,"column":34}},"112":{"start":{"line":333,"column":2},"end":{"line":344,"column":5}},"113":{"start":{"line":346,"column":2},"end":{"line":346,"column":38}},"114":{"start":{"line":347,"column":2},"end":{"line":347,"column":28}},"115":{"start":{"line":348,"column":2},"end":{"line":348,"column":14}},"116":{"start":{"line":351,"column":1},"end":{"line":414,"column":3}},"117":{"start":{"line":353,"column":3},"end":{"line":353,"column":24}},"118":{"start":{"line":356,"column":3},"end":{"line":356,"column":26}},"119":{"start":{"line":359,"column":3},"end":{"line":359,"column":21}},"120":{"start":{"line":360,"column":3},"end":{"line":399,"column":4}},"121":{"start":{"line":361,"column":4},"end":{"line":361,"column":16}},"122":{"start":{"line":362,"column":4},"end":{"line":362,"column":52}},"123":{"start":{"line":363,"column":4},"end":{"line":363,"column":36}},"124":{"start":{"line":364,"column":4},"end":{"line":364,"column":41}},"125":{"start":{"line":366,"column":4},"end":{"line":398,"column":5}},"126":{"start":{"line":367,"column":5},"end":{"line":397,"column":6}},"127":{"start":{"line":369,"column":6},"end":{"line":377,"column":7}},"128":{"start":{"line":370,"column":7},"end":{"line":370,"column":42}},"129":{"start":{"line":371,"column":7},"end":{"line":371,"column":19}},"130":{"start":{"line":372,"column":7},"end":{"line":372,"column":39}},"131":{"start":{"line":373,"column":7},"end":{"line":373,"column":44}},"132":{"start":{"line":376,"column":7},"end":{"line":376,"column":125}},"133":{"start":{"line":378,"column":12},"end":{"line":397,"column":6}},"134":{"start":{"line":380,"column":6},"end":{"line":380,"column":19}},"135":{"start":{"line":381,"column":6},"end":{"line":393,"column":9}},"136":{"start":{"line":382,"column":7},"end":{"line":382,"column":19}},"137":{"start":{"line":383,"column":7},"end":{"line":383,"column":55}},"138":{"start":{"line":384,"column":7},"end":{"line":384,"column":39}},"139":{"start":{"line":385,"column":7},"end":{"line":385,"column":44}},"140":{"start":{"line":386,"column":7},"end":{"line":386,"column":48}},"141":{"start":{"line":387,"column":7},"end":{"line":389,"column":8}},"142":{"start":{"line":388,"column":8},"end":{"line":388,"column":41}},"143":{"start":{"line":390,"column":7},"end":{"line":392,"column":8}},"144":{"start":{"line":391,"column":8},"end":{"line":391,"column":25}},"145":{"start":{"line":395,"column":6},"end":{"line":395,"column":114}},"146":{"start":{"line":396,"column":6},"end":{"line":396,"column":19}},"147":{"start":{"line":400,"column":3},"end":{"line":400,"column":44}},"148":{"start":{"line":401,"column":3},"end":{"line":403,"column":4}},"149":{"start":{"line":402,"column":4},"end":{"line":402,"column":37}},"150":{"start":{"line":404,"column":3},"end":{"line":406,"column":4}},"151":{"start":{"line":405,"column":4},"end":{"line":405,"column":21}},"152":{"start":{"line":409,"column":3},"end":{"line":409,"column":21}},"153":{"start":{"line":412,"column":3},"end":{"line":412,"column":40}},"154":{"start":{"line":415,"column":1},"end":{"line":415,"column":29}}},"branchMap":{"1":{"line":3,"type":"cond-expr","locations":[{"start":{"line":3,"column":34},"end":{"line":3,"column":58}},{"start":{"line":3,"column":61},"end":{"line":3,"column":65}}]},"2":{"line":8,"type":"if","locations":[{"start":{"line":8,"column":3},"end":{"line":8,"column":3}},{"start":{"line":8,"column":3},"end":{"line":8,"column":3}}]},"3":{"line":8,"type":"binary-expr","locations":[{"start":{"line":8,"column":7},"end":{"line":8,"column":26}},{"start":{"line":8,"column":30},"end":{"line":8,"column":62}},{"start":{"line":8,"column":66},"end":{"line":8,"column":103}}]},"4":{"line":13,"type":"if","locations":[{"start":{"line":13,"column":3},"end":{"line":13,"column":3}},{"start":{"line":13,"column":3},"end":{"line":13,"column":3}}]},"5":{"line":21,"type":"if","locations":[{"start":{"line":21,"column":4},"end":{"line":21,"column":4}},{"start":{"line":21,"column":4},"end":{"line":21,"column":4}}]},"6":{"line":30,"type":"if","locations":[{"start":{"line":30,"column":4},"end":{"line":30,"column":4}},{"start":{"line":30,"column":4},"end":{"line":30,"column":4}}]},"7":{"line":39,"type":"if","locations":[{"start":{"line":39,"column":4},"end":{"line":39,"column":4}},{"start":{"line":39,"column":4},"end":{"line":39,"column":4}}]},"8":{"line":47,"type":"switch","locations":[{"start":{"line":48,"column":4},"end":{"line":50,"column":11}},{"start":{"line":51,"column":4},"end":{"line":53,"column":11}},{"start":{"line":54,"column":4},"end":{"line":56,"column":11}},{"start":{"line":57,"column":4},"end":{"line":59,"column":11}},{"start":{"line":60,"column":4},"end":{"line":62,"column":11}},{"start":{"line":63,"column":4},"end":{"line":74,"column":11}}]},"9":{"line":67,"type":"if","locations":[{"start":{"line":67,"column":5},"end":{"line":67,"column":5}},{"start":{"line":67,"column":5},"end":{"line":67,"column":5}}]},"10":{"line":67,"type":"binary-expr","locations":[{"start":{"line":67,"column":9},"end":{"line":67,"column":19}},{"start":{"line":67,"column":23},"end":{"line":67,"column":44}}]},"11":{"line":70,"type":"if","locations":[{"start":{"line":70,"column":6},"end":{"line":70,"column":6}},{"start":{"line":70,"column":6},"end":{"line":70,"column":6}}]},"12":{"line":70,"type":"binary-expr","locations":[{"start":{"line":70,"column":10},"end":{"line":70,"column":28}},{"start":{"line":70,"column":32},"end":{"line":70,"column":47}}]},"13":{"line":80,"type":"if","locations":[{"start":{"line":80,"column":3},"end":{"line":80,"column":3}},{"start":{"line":80,"column":3},"end":{"line":80,"column":3}}]},"14":{"line":80,"type":"binary-expr","locations":[{"start":{"line":80,"column":7},"end":{"line":80,"column":26}},{"start":{"line":80,"column":30},"end":{"line":80,"column":62}},{"start":{"line":80,"column":66},"end":{"line":80,"column":103}}]},"15":{"line":91,"type":"if","locations":[{"start":{"line":91,"column":3},"end":{"line":91,"column":3}},{"start":{"line":91,"column":3},"end":{"line":91,"column":3}}]},"16":{"line":98,"type":"cond-expr","locations":[{"start":{"line":98,"column":33},"end":{"line":98,"column":41}},{"start":{"line":98,"column":44},"end":{"line":98,"column":48}}]},"17":{"line":100,"type":"if","locations":[{"start":{"line":100,"column":2},"end":{"line":100,"column":2}},{"start":{"line":100,"column":2},"end":{"line":100,"column":2}}]},"18":{"line":101,"type":"if","locations":[{"start":{"line":101,"column":3},"end":{"line":101,"column":3}},{"start":{"line":101,"column":3},"end":{"line":101,"column":3}}]},"19":{"line":114,"type":"binary-expr","locations":[{"start":{"line":114,"column":13},"end":{"line":114,"column":53}},{"start":{"line":114,"column":57},"end":{"line":114,"column":81}}]},"20":{"line":124,"type":"if","locations":[{"start":{"line":124,"column":3},"end":{"line":124,"column":3}},{"start":{"line":124,"column":3},"end":{"line":124,"column":3}}]},"21":{"line":124,"type":"binary-expr","locations":[{"start":{"line":124,"column":8},"end":{"line":124,"column":18}},{"start":{"line":124,"column":23},"end":{"line":124,"column":39}},{"start":{"line":124,"column":43},"end":{"line":124,"column":71}},{"start":{"line":124,"column":75},"end":{"line":124,"column":105}}]},"22":{"line":137,"type":"if","locations":[{"start":{"line":137,"column":5},"end":{"line":137,"column":5}},{"start":{"line":137,"column":5},"end":{"line":137,"column":5}}]},"23":{"line":149,"type":"if","locations":[{"start":{"line":149,"column":4},"end":{"line":149,"column":4}},{"start":{"line":149,"column":4},"end":{"line":149,"column":4}}]},"24":{"line":226,"type":"if","locations":[{"start":{"line":226,"column":4},"end":{"line":226,"column":4}},{"start":{"line":226,"column":4},"end":{"line":226,"column":4}}]},"25":{"line":231,"type":"if","locations":[{"start":{"line":231,"column":4},"end":{"line":231,"column":4}},{"start":{"line":231,"column":4},"end":{"line":231,"column":4}}]},"26":{"line":356,"type":"binary-expr","locations":[{"start":{"line":356,"column":10},"end":{"line":356,"column":14}},{"start":{"line":356,"column":18},"end":{"line":356,"column":25}}]},"27":{"line":360,"type":"if","locations":[{"start":{"line":360,"column":3},"end":{"line":360,"column":3}},{"start":{"line":360,"column":3},"end":{"line":360,"column":3}}]},"28":{"line":360,"type":"binary-expr","locations":[{"start":{"line":360,"column":7},"end":{"line":360,"column":12}},{"start":{"line":360,"column":16},"end":{"line":360,"column":32}},{"start":{"line":360,"column":37},"end":{"line":360,"column":58}},{"start":{"line":360,"column":62},"end":{"line":360,"column":89}}]},"29":{"line":362,"type":"binary-expr","locations":[{"start":{"line":362,"column":26},"end":{"line":362,"column":45}},{"start":{"line":362,"column":49},"end":{"line":362,"column":51}}]},"30":{"line":366,"type":"if","locations":[{"start":{"line":366,"column":4},"end":{"line":366,"column":4}},{"start":{"line":366,"column":4},"end":{"line":366,"column":4}}]},"31":{"line":366,"type":"binary-expr","locations":[{"start":{"line":366,"column":10},"end":{"line":366,"column":31}},{"start":{"line":366,"column":35},"end":{"line":366,"column":62}}]},"32":{"line":367,"type":"if","locations":[{"start":{"line":367,"column":5},"end":{"line":367,"column":5}},{"start":{"line":367,"column":5},"end":{"line":367,"column":5}}]},"33":{"line":367,"type":"binary-expr","locations":[{"start":{"line":367,"column":9},"end":{"line":367,"column":39}},{"start":{"line":367,"column":43},"end":{"line":367,"column":67}}]},"34":{"line":378,"type":"if","locations":[{"start":{"line":378,"column":12},"end":{"line":378,"column":12}},{"start":{"line":378,"column":12},"end":{"line":378,"column":12}}]},"35":{"line":378,"type":"binary-expr","locations":[{"start":{"line":378,"column":16},"end":{"line":378,"column":27}},{"start":{"line":378,"column":31},"end":{"line":378,"column":47}}]},"36":{"line":383,"type":"binary-expr","locations":[{"start":{"line":383,"column":29},"end":{"line":383,"column":48}},{"start":{"line":383,"column":52},"end":{"line":383,"column":54}}]},"37":{"line":387,"type":"if","locations":[{"start":{"line":387,"column":7},"end":{"line":387,"column":7}},{"start":{"line":387,"column":7},"end":{"line":387,"column":7}}]},"38":{"line":390,"type":"if","locations":[{"start":{"line":390,"column":7},"end":{"line":390,"column":7}},{"start":{"line":390,"column":7},"end":{"line":390,"column":7}}]},"39":{"line":401,"type":"if","locations":[{"start":{"line":401,"column":3},"end":{"line":401,"column":3}},{"start":{"line":401,"column":3},"end":{"line":401,"column":3}}]},"40":{"line":404,"type":"if","locations":[{"start":{"line":404,"column":3},"end":{"line":404,"column":3}},{"start":{"line":404,"column":3},"end":{"line":404,"column":3}}]},"41":{"line":404,"type":"binary-expr","locations":[{"start":{"line":404,"column":7},"end":{"line":404,"column":13}},{"start":{"line":404,"column":17},"end":{"line":404,"column":19}}]}}},"src/core/core.js":{"path":"src/core/core.js","s":{"1":1,"2":1,"3":15,"4":15,"5":15,"6":1,"7":1,"8":0,"9":1,"10":1,"11":5,"12":1,"13":1,"14":4,"15":2,"16":5,"17":4,"18":3,"19":1,"20":5,"21":1,"22":3,"23":5,"24":2,"25":1,"26":1,"27":2077,"28":1,"29":4,"30":1,"31":408,"32":5,"33":403,"34":401,"35":2,"36":1,"37":398,"38":1,"39":2,"40":1,"41":26,"42":26,"43":105,"44":24,"45":2,"46":1,"47":24,"48":24,"49":163,"50":23,"51":1,"52":1,"53":2,"54":1,"55":569,"56":1,"57":566,"58":12,"59":12,"60":566,"61":1,"62":0,"63":1,"64":6,"65":6,"66":166,"67":166,"68":5,"69":1,"70":1,"71":7,"72":7,"73":0,"74":7,"75":399,"76":8,"77":7,"78":1,"79":6,"80":5,"81":1,"82":2,"83":1,"84":1,"85":15,"86":15,"87":15,"88":1,"89":2,"90":2,"91":2,"92":2,"93":1,"94":334,"95":334,"96":1,"97":333,"98":1,"99":332,"100":28,"101":304,"102":1,"103":1,"104":1,"105":3,"106":1,"107":3,"108":1,"109":24,"110":1,"111":109,"112":0,"113":109,"114":1,"115":1,"116":1,"117":129,"118":1,"119":64,"120":1,"121":3,"122":3,"123":1,"124":2},"b":{"1":[15,0],"2":[1,0],"3":[1,1,1],"4":[1,0],"5":[1,4],"6":[2,2],"7":[3,1],"8":[1,4],"9":[2,3],"10":[5,403],"11":[408,405],"12":[401,2],"13":[403,403],"14":[4,397],"15":[4,393],"16":[24,81],"17":[105,97,88],"18":[23,140],"19":[163,151],"20":[569,29,540],"21":[12,554],"22":[566,38],"23":[28,538],"24":[1,5],"25":[6,5],"26":[166,0],"27":[5,161],"28":[0,7],"29":[8,391],"30":[1,6],"31":[5,1],"32":[6,2],"33":[1,1],"34":[15,0],"35":[2,0],"36":[334,0],"37":[1,333],"38":[1,332],"39":[28,304],"40":[332,331],"41":[0,109],"42":[109,109,109,109],"43":[2,2]},"f":{"1":1,"2":15,"3":0,"4":0,"5":5,"6":1,"7":4,"8":3,"9":2077,"10":4,"11":408,"12":398,"13":2,"14":26,"15":24,"16":2,"17":569,"18":566,"19":0,"20":6,"21":7,"22":15,"23":2,"24":334,"25":1,"26":3,"27":3,"28":24,"29":109,"30":1,"31":129,"32":64,"33":3,"34":2},"fnMap":{"1":{"name":"(anonymous_1)","line":1,"loc":{"start":{"line":1,"column":1},"end":{"line":1,"column":13}}},"2":{"name":"(anonymous_2)","line":4,"loc":{"start":{"line":4,"column":6},"end":{"line":4,"column":22}}},"3":{"name":"(anonymous_3)","line":16,"loc":{"start":{"line":16,"column":8},"end":{"line":16,"column":18}}},"4":{"name":"(anonymous_4)","line":17,"loc":{"start":{"line":17,"column":10},"end":{"line":17,"column":20}}},"5":{"name":"(anonymous_5)","line":22,"loc":{"start":{"line":22,"column":20},"end":{"line":22,"column":31}}},"6":{"name":"now","line":35,"loc":{"start":{"line":35,"column":13},"end":{"line":35,"column":28}}},"7":{"name":"(anonymous_7)","line":42,"loc":{"start":{"line":42,"column":11},"end":{"line":42,"column":32}}},"8":{"name":"(anonymous_8)","line":51,"loc":{"start":{"line":51,"column":20},"end":{"line":51,"column":31}}},"9":{"name":"(anonymous_9)","line":76,"loc":{"start":{"line":76,"column":12},"end":{"line":76,"column":24}}},"10":{"name":"(anonymous_10)","line":84,"loc":{"start":{"line":84,"column":14},"end":{"line":84,"column":26}}},"11":{"name":"(anonymous_11)","line":94,"loc":{"start":{"line":94,"column":14},"end":{"line":94,"column":38}}},"12":{"name":"(anonymous_12)","line":110,"loc":{"start":{"line":110,"column":13},"end":{"line":110,"column":37}}},"13":{"name":"(anonymous_13)","line":119,"loc":{"start":{"line":119,"column":17},"end":{"line":119,"column":30}}},"14":{"name":"(anonymous_14)","line":128,"loc":{"start":{"line":128,"column":27},"end":{"line":128,"column":43}}},"15":{"name":"(anonymous_15)","line":143,"loc":{"start":{"line":143,"column":29},"end":{"line":143,"column":45}}},"16":{"name":"(anonymous_16)","line":158,"loc":{"start":{"line":158,"column":19},"end":{"line":158,"column":32}}},"17":{"name":"(anonymous_17)","line":167,"loc":{"start":{"line":167,"column":17},"end":{"line":167,"column":33}}},"18":{"name":"(anonymous_18)","line":177,"loc":{"start":{"line":177,"column":21},"end":{"line":177,"column":44}}},"19":{"name":"(anonymous_19)","line":185,"loc":{"start":{"line":185,"column":21},"end":{"line":185,"column":33}}},"20":{"name":"(anonymous_20)","line":189,"loc":{"start":{"line":189,"column":30},"end":{"line":189,"column":53}}},"21":{"name":"(anonymous_21)","line":201,"loc":{"start":{"line":201,"column":24},"end":{"line":201,"column":45}}},"22":{"name":"(anonymous_22)","line":223,"loc":{"start":{"line":223,"column":17},"end":{"line":223,"column":30}}},"23":{"name":"(anonymous_23)","line":229,"loc":{"start":{"line":229,"column":27},"end":{"line":229,"column":40}}},"24":{"name":"(anonymous_24)","line":237,"loc":{"start":{"line":237,"column":16},"end":{"line":237,"column":45}}},"25":{"name":"(anonymous_25)","line":257,"loc":{"start":{"line":257,"column":26},"end":{"line":257,"column":43}}},"26":{"name":"(anonymous_26)","line":266,"loc":{"start":{"line":266,"column":21},"end":{"line":266,"column":38}}},"27":{"name":"(anonymous_27)","line":275,"loc":{"start":{"line":275,"column":21},"end":{"line":275,"column":38}}},"28":{"name":"(anonymous_28)","line":284,"loc":{"start":{"line":284,"column":19},"end":{"line":284,"column":36}}},"29":{"name":"(anonymous_29)","line":293,"loc":{"start":{"line":293,"column":18},"end":{"line":293,"column":48}}},"30":{"name":"(anonymous_30)","line":303,"loc":{"start":{"line":303,"column":19},"end":{"line":303,"column":36}}},"31":{"name":"(anonymous_31)","line":312,"loc":{"start":{"line":312,"column":20},"end":{"line":312,"column":37}}},"32":{"name":"(anonymous_32)","line":321,"loc":{"start":{"line":321,"column":19},"end":{"line":321,"column":36}}},"33":{"name":"(anonymous_33)","line":334,"loc":{"start":{"line":334,"column":23},"end":{"line":334,"column":39}}},"34":{"name":"(anonymous_34)","line":338,"loc":{"start":{"line":338,"column":28},"end":{"line":338,"column":44}}}},"statementMap":{"1":{"start":{"line":1,"column":0},"end":{"line":343,"column":5}},"2":{"start":{"line":2,"column":1},"end":{"line":9,"column":4}},"3":{"start":{"line":5,"column":3},"end":{"line":7,"column":4}},"4":{"start":{"line":6,"column":4},"end":{"line":6,"column":10}},"5":{"start":{"line":8,"column":3},"end":{"line":8,"column":36}},"6":{"start":{"line":11,"column":1},"end":{"line":19,"column":2}},"7":{"start":{"line":12,"column":2},"end":{"line":12,"column":23}},"8":{"start":{"line":15,"column":2},"end":{"line":18,"column":4}},"9":{"start":{"line":20,"column":1},"end":{"line":20,"column":29}},"10":{"start":{"line":22,"column":1},"end":{"line":68,"column":3}},"11":{"start":{"line":34,"column":2},"end":{"line":40,"column":3}},"12":{"start":{"line":35,"column":3},"end":{"line":37,"column":5}},"13":{"start":{"line":36,"column":4},"end":{"line":36,"column":32}},"14":{"start":{"line":38,"column":9},"end":{"line":40,"column":3}},"15":{"start":{"line":39,"column":3},"end":{"line":39,"column":20}},"16":{"start":{"line":42,"column":2},"end":{"line":48,"column":4}},"17":{"start":{"line":43,"column":3},"end":{"line":47,"column":4}},"18":{"start":{"line":44,"column":4},"end":{"line":44,"column":24}},"19":{"start":{"line":46,"column":4},"end":{"line":46,"column":21}},"20":{"start":{"line":50,"column":2},"end":{"line":61,"column":3}},"21":{"start":{"line":51,"column":3},"end":{"line":60,"column":5}},"22":{"start":{"line":52,"column":4},"end":{"line":59,"column":8}},"23":{"start":{"line":64,"column":2},"end":{"line":66,"column":3}},"24":{"start":{"line":65,"column":3},"end":{"line":65,"column":30}},"25":{"start":{"line":69,"column":1},"end":{"line":69,"column":20}},"26":{"start":{"line":76,"column":1},"end":{"line":78,"column":3}},"27":{"start":{"line":77,"column":2},"end":{"line":77,"column":32}},"28":{"start":{"line":84,"column":1},"end":{"line":86,"column":3}},"29":{"start":{"line":85,"column":2},"end":{"line":85,"column":20}},"30":{"start":{"line":94,"column":1},"end":{"line":102,"column":3}},"31":{"start":{"line":95,"column":2},"end":{"line":101,"column":3}},"32":{"start":{"line":96,"column":3},"end":{"line":96,"column":42}},"33":{"start":{"line":97,"column":9},"end":{"line":101,"column":3}},"34":{"start":{"line":98,"column":3},"end":{"line":98,"column":57}},"35":{"start":{"line":100,"column":3},"end":{"line":100,"column":46}},"36":{"start":{"line":110,"column":1},"end":{"line":112,"column":3}},"37":{"start":{"line":111,"column":2},"end":{"line":111,"column":40}},"38":{"start":{"line":119,"column":1},"end":{"line":121,"column":3}},"39":{"start":{"line":120,"column":2},"end":{"line":120,"column":38}},"40":{"start":{"line":128,"column":1},"end":{"line":136,"column":3}},"41":{"start":{"line":129,"column":2},"end":{"line":129,"column":141}},"42":{"start":{"line":130,"column":2},"end":{"line":134,"column":3}},"43":{"start":{"line":131,"column":3},"end":{"line":133,"column":4}},"44":{"start":{"line":132,"column":4},"end":{"line":132,"column":13}},"45":{"start":{"line":135,"column":2},"end":{"line":135,"column":12}},"46":{"start":{"line":143,"column":1},"end":{"line":151,"column":3}},"47":{"start":{"line":144,"column":2},"end":{"line":144,"column":106}},"48":{"start":{"line":145,"column":2},"end":{"line":149,"column":3}},"49":{"start":{"line":146,"column":3},"end":{"line":148,"column":4}},"50":{"start":{"line":147,"column":4},"end":{"line":147,"column":13}},"51":{"start":{"line":150,"column":2},"end":{"line":150,"column":12}},"52":{"start":{"line":158,"column":1},"end":{"line":160,"column":3}},"53":{"start":{"line":159,"column":2},"end":{"line":159,"column":40}},"54":{"start":{"line":167,"column":1},"end":{"line":169,"column":3}},"55":{"start":{"line":168,"column":2},"end":{"line":168,"column":68}},"56":{"start":{"line":177,"column":1},"end":{"line":183,"column":3}},"57":{"start":{"line":178,"column":2},"end":{"line":181,"column":3}},"58":{"start":{"line":179,"column":4},"end":{"line":179,"column":17}},"59":{"start":{"line":180,"column":4},"end":{"line":180,"column":38}},"60":{"start":{"line":182,"column":2},"end":{"line":182,"column":94}},"61":{"start":{"line":185,"column":1},"end":{"line":187,"column":3}},"62":{"start":{"line":186,"column":2},"end":{"line":186,"column":64}},"63":{"start":{"line":189,"column":1},"end":{"line":199,"column":3}},"64":{"start":{"line":190,"column":2},"end":{"line":190,"column":117}},"65":{"start":{"line":191,"column":2},"end":{"line":197,"column":3}},"66":{"start":{"line":192,"column":3},"end":{"line":196,"column":4}},"67":{"start":{"line":193,"column":4},"end":{"line":195,"column":5}},"68":{"start":{"line":194,"column":5},"end":{"line":194,"column":14}},"69":{"start":{"line":198,"column":2},"end":{"line":198,"column":14}},"70":{"start":{"line":201,"column":1},"end":{"line":221,"column":3}},"71":{"start":{"line":202,"column":2},"end":{"line":202,"column":47}},"72":{"start":{"line":203,"column":2},"end":{"line":203,"column":50}},"73":{"start":{"line":203,"column":15},"end":{"line":203,"column":49}},"74":{"start":{"line":204,"column":2},"end":{"line":208,"column":3}},"75":{"start":{"line":205,"column":3},"end":{"line":207,"column":4}},"76":{"start":{"line":206,"column":4},"end":{"line":206,"column":14}},"77":{"start":{"line":209,"column":2},"end":{"line":211,"column":3}},"78":{"start":{"line":210,"column":3},"end":{"line":210,"column":15}},"79":{"start":{"line":212,"column":2},"end":{"line":220,"column":3}},"80":{"start":{"line":213,"column":3},"end":{"line":213,"column":25}},"81":{"start":{"line":215,"column":3},"end":{"line":219,"column":4}},"82":{"start":{"line":216,"column":4},"end":{"line":218,"column":5}},"83":{"start":{"line":217,"column":5},"end":{"line":217,"column":27}},"84":{"start":{"line":223,"column":1},"end":{"line":227,"column":3}},"85":{"start":{"line":224,"column":2},"end":{"line":224,"column":22}},"86":{"start":{"line":225,"column":2},"end":{"line":225,"column":20}},"87":{"start":{"line":226,"column":2},"end":{"line":226,"column":41}},"88":{"start":{"line":229,"column":1},"end":{"line":234,"column":3}},"89":{"start":{"line":230,"column":2},"end":{"line":230,"column":22}},"90":{"start":{"line":231,"column":2},"end":{"line":231,"column":25}},"91":{"start":{"line":232,"column":2},"end":{"line":232,"column":62}},"92":{"start":{"line":233,"column":2},"end":{"line":233,"column":41}},"93":{"start":{"line":237,"column":1},"end":{"line":250,"column":3}},"94":{"start":{"line":238,"column":2},"end":{"line":238,"column":32}},"95":{"start":{"line":239,"column":2},"end":{"line":248,"column":3}},"96":{"start":{"line":240,"column":3},"end":{"line":240,"column":16}},"97":{"start":{"line":241,"column":9},"end":{"line":248,"column":3}},"98":{"start":{"line":242,"column":3},"end":{"line":242,"column":48}},"99":{"start":{"line":243,"column":9},"end":{"line":248,"column":3}},"100":{"start":{"line":247,"column":3},"end":{"line":247,"column":16}},"101":{"start":{"line":249,"column":2},"end":{"line":249,"column":14}},"102":{"start":{"line":257,"column":1},"end":{"line":259,"column":3}},"103":{"start":{"line":258,"column":2},"end":{"line":258,"column":48}},"104":{"start":{"line":266,"column":1},"end":{"line":268,"column":3}},"105":{"start":{"line":267,"column":2},"end":{"line":267,"column":42}},"106":{"start":{"line":275,"column":1},"end":{"line":277,"column":3}},"107":{"start":{"line":276,"column":2},"end":{"line":276,"column":42}},"108":{"start":{"line":284,"column":1},"end":{"line":286,"column":3}},"109":{"start":{"line":285,"column":2},"end":{"line":285,"column":40}},"110":{"start":{"line":293,"column":1},"end":{"line":296,"column":3}},"111":{"start":{"line":294,"column":2},"end":{"line":294,"column":100}},"112":{"start":{"line":294,"column":86},"end":{"line":294,"column":99}},"113":{"start":{"line":295,"column":2},"end":{"line":295,"column":67}},"114":{"start":{"line":303,"column":1},"end":{"line":305,"column":3}},"115":{"start":{"line":304,"column":2},"end":{"line":304,"column":40}},"116":{"start":{"line":312,"column":1},"end":{"line":314,"column":3}},"117":{"start":{"line":313,"column":2},"end":{"line":313,"column":41}},"118":{"start":{"line":321,"column":1},"end":{"line":333,"column":3}},"119":{"start":{"line":332,"column":2},"end":{"line":332,"column":50}},"120":{"start":{"line":334,"column":1},"end":{"line":337,"column":3}},"121":{"start":{"line":335,"column":2},"end":{"line":335,"column":1521}},"122":{"start":{"line":336,"column":2},"end":{"line":336,"column":34}},"123":{"start":{"line":338,"column":1},"end":{"line":341,"column":3}},"124":{"start":{"line":340,"column":2},"end":{"line":340,"column":39}}},"branchMap":{"1":{"line":5,"type":"if","locations":[{"start":{"line":5,"column":3},"end":{"line":5,"column":3}},{"start":{"line":5,"column":3},"end":{"line":5,"column":3}}]},"2":{"line":11,"type":"if","locations":[{"start":{"line":11,"column":1},"end":{"line":11,"column":1}},{"start":{"line":11,"column":1},"end":{"line":11,"column":1}}]},"3":{"line":11,"type":"binary-expr","locations":[{"start":{"line":11,"column":5},"end":{"line":11,"column":34}},{"start":{"line":11,"column":38},"end":{"line":11,"column":75}},{"start":{"line":11,"column":79},"end":{"line":11,"column":120}}]},"4":{"line":20,"type":"binary-expr","locations":[{"start":{"line":20,"column":13},"end":{"line":20,"column":22}},{"start":{"line":20,"column":26},"end":{"line":20,"column":28}}]},"5":{"line":34,"type":"if","locations":[{"start":{"line":34,"column":2},"end":{"line":34,"column":2}},{"start":{"line":34,"column":2},"end":{"line":34,"column":2}}]},"6":{"line":38,"type":"if","locations":[{"start":{"line":38,"column":9},"end":{"line":38,"column":9}},{"start":{"line":38,"column":9},"end":{"line":38,"column":9}}]},"7":{"line":43,"type":"if","locations":[{"start":{"line":43,"column":3},"end":{"line":43,"column":3}},{"start":{"line":43,"column":3},"end":{"line":43,"column":3}}]},"8":{"line":50,"type":"if","locations":[{"start":{"line":50,"column":2},"end":{"line":50,"column":2}},{"start":{"line":50,"column":2},"end":{"line":50,"column":2}}]},"9":{"line":64,"type":"if","locations":[{"start":{"line":64,"column":2},"end":{"line":64,"column":2}},{"start":{"line":64,"column":2},"end":{"line":64,"column":2}}]},"10":{"line":95,"type":"if","locations":[{"start":{"line":95,"column":2},"end":{"line":95,"column":2}},{"start":{"line":95,"column":2},"end":{"line":95,"column":2}}]},"11":{"line":95,"type":"binary-expr","locations":[{"start":{"line":95,"column":6},"end":{"line":95,"column":18}},{"start":{"line":95,"column":22},"end":{"line":95,"column":34}}]},"12":{"line":97,"type":"if","locations":[{"start":{"line":97,"column":9},"end":{"line":97,"column":9}},{"start":{"line":97,"column":9},"end":{"line":97,"column":9}}]},"13":{"line":97,"type":"binary-expr","locations":[{"start":{"line":97,"column":13},"end":{"line":97,"column":34}},{"start":{"line":97,"column":38},"end":{"line":97,"column":59}}]},"14":{"line":98,"type":"cond-expr","locations":[{"start":{"line":98,"column":28},"end":{"line":98,"column":30}},{"start":{"line":98,"column":33},"end":{"line":98,"column":56}}]},"15":{"line":98,"type":"cond-expr","locations":[{"start":{"line":98,"column":51},"end":{"line":98,"column":52}},{"start":{"line":98,"column":55},"end":{"line":98,"column":56}}]},"16":{"line":131,"type":"if","locations":[{"start":{"line":131,"column":3},"end":{"line":131,"column":3}},{"start":{"line":131,"column":3},"end":{"line":131,"column":3}}]},"17":{"line":131,"type":"binary-expr","locations":[{"start":{"line":131,"column":7},"end":{"line":131,"column":31}},{"start":{"line":131,"column":35},"end":{"line":131,"column":59}},{"start":{"line":131,"column":63},"end":{"line":131,"column":87}}]},"18":{"line":146,"type":"if","locations":[{"start":{"line":146,"column":3},"end":{"line":146,"column":3}},{"start":{"line":146,"column":3},"end":{"line":146,"column":3}}]},"19":{"line":146,"type":"binary-expr","locations":[{"start":{"line":146,"column":7},"end":{"line":146,"column":31}},{"start":{"line":146,"column":35},"end":{"line":146,"column":59}}]},"20":{"line":168,"type":"binary-expr","locations":[{"start":{"line":168,"column":11},"end":{"line":168,"column":25}},{"start":{"line":168,"column":29},"end":{"line":168,"column":45}},{"start":{"line":168,"column":50},"end":{"line":168,"column":66}}]},"21":{"line":178,"type":"if","locations":[{"start":{"line":178,"column":2},"end":{"line":178,"column":2}},{"start":{"line":178,"column":2},"end":{"line":178,"column":2}}]},"22":{"line":178,"type":"binary-expr","locations":[{"start":{"line":178,"column":6},"end":{"line":178,"column":12}},{"start":{"line":178,"column":16},"end":{"line":178,"column":38}}]},"23":{"line":182,"type":"cond-expr","locations":[{"start":{"line":182,"column":37},"end":{"line":182,"column":39}},{"start":{"line":182,"column":42},"end":{"line":182,"column":44}}]},"24":{"line":190,"type":"cond-expr","locations":[{"start":{"line":190,"column":30},"end":{"line":190,"column":69}},{"start":{"line":190,"column":72},"end":{"line":190,"column":116}}]},"25":{"line":190,"type":"binary-expr","locations":[{"start":{"line":190,"column":14},"end":{"line":190,"column":17}},{"start":{"line":190,"column":21},"end":{"line":190,"column":26}}]},"26":{"line":192,"type":"if","locations":[{"start":{"line":192,"column":3},"end":{"line":192,"column":3}},{"start":{"line":192,"column":3},"end":{"line":192,"column":3}}]},"27":{"line":193,"type":"if","locations":[{"start":{"line":193,"column":4},"end":{"line":193,"column":4}},{"start":{"line":193,"column":4},"end":{"line":193,"column":4}}]},"28":{"line":203,"type":"if","locations":[{"start":{"line":203,"column":2},"end":{"line":203,"column":2}},{"start":{"line":203,"column":2},"end":{"line":203,"column":2}}]},"29":{"line":205,"type":"if","locations":[{"start":{"line":205,"column":3},"end":{"line":205,"column":3}},{"start":{"line":205,"column":3},"end":{"line":205,"column":3}}]},"30":{"line":209,"type":"if","locations":[{"start":{"line":209,"column":2},"end":{"line":209,"column":2}},{"start":{"line":209,"column":2},"end":{"line":209,"column":2}}]},"31":{"line":212,"type":"if","locations":[{"start":{"line":212,"column":2},"end":{"line":212,"column":2}},{"start":{"line":212,"column":2},"end":{"line":212,"column":2}}]},"32":{"line":212,"type":"binary-expr","locations":[{"start":{"line":212,"column":6},"end":{"line":212,"column":20}},{"start":{"line":212,"column":24},"end":{"line":212,"column":28}}]},"33":{"line":216,"type":"if","locations":[{"start":{"line":216,"column":4},"end":{"line":216,"column":4}},{"start":{"line":216,"column":4},"end":{"line":216,"column":4}}]},"34":{"line":224,"type":"binary-expr","locations":[{"start":{"line":224,"column":6},"end":{"line":224,"column":7}},{"start":{"line":224,"column":11},"end":{"line":224,"column":21}}]},"35":{"line":230,"type":"binary-expr","locations":[{"start":{"line":230,"column":6},"end":{"line":230,"column":7}},{"start":{"line":230,"column":11},"end":{"line":230,"column":21}}]},"36":{"line":238,"type":"cond-expr","locations":[{"start":{"line":238,"column":16},"end":{"line":238,"column":20}},{"start":{"line":238,"column":23},"end":{"line":238,"column":31}}]},"37":{"line":239,"type":"if","locations":[{"start":{"line":239,"column":2},"end":{"line":239,"column":2}},{"start":{"line":239,"column":2},"end":{"line":239,"column":2}}]},"38":{"line":241,"type":"if","locations":[{"start":{"line":241,"column":9},"end":{"line":241,"column":9}},{"start":{"line":241,"column":9},"end":{"line":241,"column":9}}]},"39":{"line":243,"type":"if","locations":[{"start":{"line":243,"column":9},"end":{"line":243,"column":9}},{"start":{"line":243,"column":9},"end":{"line":243,"column":9}}]},"40":{"line":243,"type":"binary-expr","locations":[{"start":{"line":243,"column":13},"end":{"line":243,"column":20}},{"start":{"line":243,"column":24},"end":{"line":243,"column":31}}]},"41":{"line":294,"type":"if","locations":[{"start":{"line":294,"column":2},"end":{"line":294,"column":2}},{"start":{"line":294,"column":2},"end":{"line":294,"column":2}}]},"42":{"line":294,"type":"binary-expr","locations":[{"start":{"line":294,"column":6},"end":{"line":294,"column":24}},{"start":{"line":294,"column":28},"end":{"line":294,"column":41}},{"start":{"line":294,"column":45},"end":{"line":294,"column":64}},{"start":{"line":294,"column":68},"end":{"line":294,"column":82}}]},"43":{"line":340,"type":"binary-expr","locations":[{"start":{"line":340,"column":10},"end":{"line":340,"column":22}},{"start":{"line":340,"column":26},"end":{"line":340,"column":37}}]}}},"src/core/core-prototypes.js":{"path":"src/core/core-prototypes.js","s":{"1":1,"2":1,"3":4327,"4":2871,"5":4327,"6":1,"7":140,"8":140,"9":300,"10":109,"11":109,"12":109,"13":191,"14":140,"15":505,"16":505,"17":505,"18":295,"19":139,"20":1,"21":2083,"22":2083,"23":2083,"24":2083,"25":2083,"26":1,"27":3,"28":3,"29":3,"30":3,"31":3,"32":3,"33":1,"34":25,"35":1,"36":408,"37":1,"38":398,"39":1,"40":1,"41":1,"42":2,"43":1,"44":2,"45":1,"46":2,"47":1,"48":127,"49":0,"50":127,"51":127,"52":1,"53":42,"54":0,"55":42,"56":1,"57":46,"58":0,"59":46,"60":1,"61":37,"62":0,"63":37,"64":1,"65":1839,"66":6,"67":1833,"68":1833,"69":1,"70":14,"71":2,"72":12,"73":12,"74":12,"75":4,"76":2,"77":2,"78":2,"79":12,"80":5,"81":11,"82":11,"83":11,"84":5,"85":5,"86":7,"87":2,"88":7,"89":1,"90":55,"91":1,"92":54,"93":1,"94":403,"95":10,"96":393,"97":393,"98":393,"99":393,"100":393,"101":1,"102":1,"103":0,"104":1,"105":1,"106":183,"107":9,"108":174,"109":1,"110":478,"111":53,"112":53,"113":425,"114":425,"115":0,"116":0,"117":425,"118":1,"119":425,"120":31,"121":425,"122":31,"123":425,"124":31,"125":425,"126":1,"127":425,"128":109,"129":425,"130":109,"131":425,"132":119,"133":425,"134":1,"135":86,"136":86,"137":2,"138":2,"139":84,"140":86,"141":86,"142":86,"143":86,"144":86,"145":86,"146":86,"147":1,"148":2,"149":1,"150":3,"151":1,"152":0,"153":1,"154":2,"155":1,"156":1,"157":1,"158":1,"159":14,"160":1,"161":1,"162":1,"163":15,"164":5,"165":2,"166":2,"167":2,"168":3,"169":2,"170":2,"171":1,"172":1,"173":4,"174":10,"175":10,"176":8,"177":2,"178":2,"179":2,"180":1,"181":2,"182":8,"183":1,"184":2,"185":1183,"186":1183,"187":1,"188":1,"189":1,"190":1,"191":1,"192":1,"193":1,"194":1,"195":1,"196":1,"197":5,"198":5,"199":1,"200":1,"201":1,"202":3,"203":1,"204":7,"205":1,"206":3,"207":3,"208":2,"209":2,"210":1,"211":1,"212":1,"213":19,"214":1,"215":140,"216":139,"217":139,"218":295,"219":295,"220":295,"221":295,"222":201,"223":295,"224":295,"225":295,"226":90,"227":205,"228":62,"229":295,"230":158,"231":137,"232":28,"233":139,"234":109,"235":139,"236":1,"237":11,"238":1,"239":10,"240":1,"241":7,"242":1,"243":1,"244":1,"245":4,"246":1,"247":1466,"248":1466,"249":1446,"250":1,"251":1,"252":1,"253":2,"254":2,"255":1,"256":1,"257":1,"258":1,"259":1,"260":1,"261":10,"262":1,"263":1494,"264":4434,"265":3,"266":4431,"267":2,"268":4,"269":5,"270":1,"271":11,"272":1,"273":7,"274":1,"275":1456,"276":2,"277":0,"278":3,"279":3,"280":1424,"281":35,"282":5,"283":3,"284":1418,"285":33,"286":1,"287":5,"288":6,"289":2,"290":1,"291":1,"292":1,"293":0,"294":0,"295":0,"296":0,"297":0,"298":0,"299":0,"300":1,"301":2950,"302":1466,"303":1466,"304":1456,"305":1494,"306":1494},"b":{"1":[2871,1456],"2":[109,191],"3":[86,23],"4":[60,49],"5":[505,0],"6":[295,209],"7":[505,301,300],"8":[398,0],"9":[1,1],"10":[2,0],"11":[2,0],"12":[2,1],"13":[0,127],"14":[0,42],"15":[0,46],"16":[0,37],"17":[6,1833],"18":[2,12],"19":[4,8],"20":[12,9],"21":[2,2],"22":[5,7],"23":[5,6],"24":[11,9],"25":[2,5],"26":[7,7],"27":[1,54],"28":[10,393],"29":[0,1],"30":[9,174],"31":[53,425],"32":[0,425],"33":[0,0],"34":[1,424],"35":[31,394],"36":[31,394],"37":[31,394],"38":[1,424],"39":[109,316],"40":[109,316],"41":[119,306],"42":[2,84],"43":[86,0],"44":[1,2],"45":[0,1],"46":[0,0],"47":[1,1],"48":[5,10],"49":[2,3],"50":[2,0],"51":[2,1],"52":[1,1],"53":[8,2],"54":[2,0],"55":[1,1],"56":[1183,1],"57":[168,1015],"58":[168,0],"59":[5,0],"60":[5,1],"61":[3,1],"62":[2,1],"63":[19,0],"64":[295,0],"65":[201,94],"66":[295,294,204,203],"67":[90,205],"68":[62,143],"69":[158,137],"70":[295,186,185,183,182],"71":[28,109],"72":[137,136,134,133],"73":[109,30],"74":[1,1,1,1,1,1,1,4],"75":[1446,1,1,1,1,2,1,1,1,1,1,10],"76":[3,4431],"77":[2,4,5,1,11,1,7,1,1456,2,0,0,3,3,1424,35,5,3,1418,33,1,5,6,2,1,1,1,0,0,0,0,0,0,0,0],"78":[2,0],"79":[2,0],"80":[4,0],"81":[4,0],"82":[1,0],"83":[5,0],"84":[0,0],"85":[1466,1484],"86":[2950,2950,2936],"87":[1456,10],"88":[1480,14]},"f":{"1":1,"2":4327,"3":140,"4":300,"5":2083,"6":3,"7":25,"8":408,"9":398,"10":1,"11":2,"12":2,"13":2,"14":127,"15":42,"16":46,"17":37,"18":1839,"19":14,"20":55,"21":403,"22":1,"23":183,"24":478,"25":86,"26":2,"27":3,"28":1,"29":14,"30":1,"31":15,"32":2,"33":1183,"34":1,"35":1,"36":1,"37":5,"38":1,"39":3,"40":7,"41":3,"42":19,"43":140,"44":11,"45":10,"46":7,"47":1466,"48":1494,"49":4434,"50":2950},"fnMap":{"1":{"name":"(anonymous_1)","line":1,"loc":{"start":{"line":1,"column":1},"end":{"line":1,"column":13}}},"2":{"name":"(anonymous_2)","line":4,"loc":{"start":{"line":4,"column":6},"end":{"line":4,"column":22}}},"3":{"name":"(anonymous_3)","line":11,"loc":{"start":{"line":11,"column":28},"end":{"line":11,"column":43}}},"4":{"name":"(anonymous_4)","line":13,"loc":{"start":{"line":13,"column":13},"end":{"line":13,"column":42}}},"5":{"name":"(anonymous_5)","line":38,"loc":{"start":{"line":38,"column":16},"end":{"line":38,"column":28}}},"6":{"name":"(anonymous_6)","line":50,"loc":{"start":{"line":50,"column":19},"end":{"line":50,"column":31}}},"7":{"name":"(anonymous_7)","line":62,"loc":{"start":{"line":62,"column":12},"end":{"line":62,"column":24}}},"8":{"name":"(anonymous_8)","line":71,"loc":{"start":{"line":71,"column":16},"end":{"line":71,"column":32}}},"9":{"name":"(anonymous_9)","line":80,"loc":{"start":{"line":80,"column":13},"end":{"line":80,"column":29}}},"10":{"name":"(anonymous_10)","line":90,"loc":{"start":{"line":90,"column":14},"end":{"line":90,"column":36}}},"11":{"name":"(anonymous_11)","line":99,"loc":{"start":{"line":99,"column":14},"end":{"line":99,"column":30}}},"12":{"name":"(anonymous_12)","line":108,"loc":{"start":{"line":108,"column":15},"end":{"line":108,"column":31}}},"13":{"name":"(anonymous_13)","line":123,"loc":{"start":{"line":123,"column":29},"end":{"line":123,"column":45}}},"14":{"name":"(anonymous_14)","line":132,"loc":{"start":{"line":132,"column":22},"end":{"line":132,"column":39}}},"15":{"name":"(anonymous_15)","line":143,"loc":{"start":{"line":143,"column":17},"end":{"line":143,"column":34}}},"16":{"name":"(anonymous_16)","line":153,"loc":{"start":{"line":153,"column":17},"end":{"line":153,"column":34}}},"17":{"name":"(anonymous_17)","line":163,"loc":{"start":{"line":163,"column":15},"end":{"line":163,"column":32}}},"18":{"name":"(anonymous_18)","line":173,"loc":{"start":{"line":173,"column":14},"end":{"line":173,"column":31}}},"19":{"name":"(anonymous_19)","line":184,"loc":{"start":{"line":184,"column":18},"end":{"line":184,"column":35}}},"20":{"name":"(anonymous_20)","line":217,"loc":{"start":{"line":217,"column":15},"end":{"line":217,"column":32}}},"21":{"name":"(anonymous_21)","line":228,"loc":{"start":{"line":228,"column":16},"end":{"line":228,"column":33}}},"22":{"name":"(anonymous_22)","line":237,"loc":{"start":{"line":237,"column":18},"end":{"line":237,"column":35}}},"23":{"name":"(anonymous_23)","line":250,"loc":{"start":{"line":250,"column":15},"end":{"line":250,"column":32}}},"24":{"name":"(anonymous_24)","line":266,"loc":{"start":{"line":266,"column":10},"end":{"line":266,"column":28}}},"25":{"name":"(anonymous_25)","line":314,"loc":{"start":{"line":314,"column":14},"end":{"line":314,"column":29}}},"26":{"name":"(anonymous_26)","line":349,"loc":{"start":{"line":349,"column":17},"end":{"line":349,"column":29}}},"27":{"name":"(anonymous_27)","line":358,"loc":{"start":{"line":358,"column":14},"end":{"line":358,"column":27}}},"28":{"name":"(anonymous_28)","line":370,"loc":{"start":{"line":370,"column":17},"end":{"line":370,"column":32}}},"29":{"name":"(anonymous_29)","line":375,"loc":{"start":{"line":375,"column":17},"end":{"line":375,"column":29}}},"30":{"name":"(anonymous_30)","line":379,"loc":{"start":{"line":379,"column":27},"end":{"line":379,"column":39}}},"31":{"name":"(anonymous_31)","line":389,"loc":{"start":{"line":389,"column":26},"end":{"line":389,"column":59}}},"32":{"name":"(anonymous_32)","line":421,"loc":{"start":{"line":421,"column":15},"end":{"line":421,"column":49}}},"33":{"name":"(anonymous_33)","line":422,"loc":{"start":{"line":422,"column":9},"end":{"line":422,"column":34}}},"34":{"name":"(anonymous_34)","line":445,"loc":{"start":{"line":445,"column":18},"end":{"line":445,"column":30}}},"35":{"name":"(anonymous_35)","line":453,"loc":{"start":{"line":453,"column":23},"end":{"line":453,"column":35}}},"36":{"name":"(anonymous_36)","line":461,"loc":{"start":{"line":461,"column":18},"end":{"line":461,"column":30}}},"37":{"name":"(anonymous_37)","line":465,"loc":{"start":{"line":465,"column":24},"end":{"line":465,"column":42}}},"38":{"name":"(anonymous_38)","line":470,"loc":{"start":{"line":470,"column":18},"end":{"line":470,"column":36}}},"39":{"name":"(anonymous_39)","line":478,"loc":{"start":{"line":478,"column":28},"end":{"line":478,"column":40}}},"40":{"name":"(anonymous_40)","line":486,"loc":{"start":{"line":486,"column":27},"end":{"line":486,"column":39}}},"41":{"name":"(anonymous_41)","line":494,"loc":{"start":{"line":494,"column":19},"end":{"line":494,"column":37}}},"42":{"name":"(anonymous_42)","line":510,"loc":{"start":{"line":510,"column":17},"end":{"line":510,"column":33}}},"43":{"name":"(anonymous_43)","line":526,"loc":{"start":{"line":526,"column":10},"end":{"line":526,"column":28}}},"44":{"name":"(anonymous_44)","line":562,"loc":{"start":{"line":562,"column":28},"end":{"line":562,"column":40}}},"45":{"name":"(anonymous_45)","line":570,"loc":{"start":{"line":570,"column":27},"end":{"line":570,"column":39}}},"46":{"name":"(anonymous_46)","line":631,"loc":{"start":{"line":631,"column":11},"end":{"line":631,"column":24}}},"47":{"name":"(anonymous_47)","line":647,"loc":{"start":{"line":647,"column":28},"end":{"line":647,"column":46}}},"48":{"name":"(anonymous_48)","line":677,"loc":{"start":{"line":677,"column":33},"end":{"line":677,"column":52}}},"49":{"name":"(anonymous_49)","line":678,"loc":{"start":{"line":678,"column":9},"end":{"line":678,"column":22}}},"50":{"name":"(anonymous_50)","line":755,"loc":{"start":{"line":755,"column":15},"end":{"line":755,"column":50}}}},"statementMap":{"1":{"start":{"line":1,"column":0},"end":{"line":769,"column":5}},"2":{"start":{"line":2,"column":1},"end":{"line":9,"column":4}},"3":{"start":{"line":5,"column":3},"end":{"line":7,"column":4}},"4":{"start":{"line":6,"column":4},"end":{"line":6,"column":10}},"5":{"start":{"line":8,"column":3},"end":{"line":8,"column":36}},"6":{"start":{"line":11,"column":1},"end":{"line":32,"column":3}},"7":{"start":{"line":12,"column":2},"end":{"line":12,"column":47}},"8":{"start":{"line":13,"column":2},"end":{"line":21,"column":4}},"9":{"start":{"line":14,"column":3},"end":{"line":20,"column":4}},"10":{"start":{"line":15,"column":4},"end":{"line":15,"column":72}},"11":{"start":{"line":16,"column":4},"end":{"line":16,"column":72}},"12":{"start":{"line":17,"column":4},"end":{"line":17,"column":40}},"13":{"start":{"line":19,"column":4},"end":{"line":19,"column":27}},"14":{"start":{"line":22,"column":2},"end":{"line":30,"column":3}},"15":{"start":{"line":23,"column":3},"end":{"line":29,"column":4}},"16":{"start":{"line":24,"column":4},"end":{"line":24,"column":73}},"17":{"start":{"line":26,"column":4},"end":{"line":28,"column":5}},"18":{"start":{"line":27,"column":5},"end":{"line":27,"column":30}},"19":{"start":{"line":31,"column":2},"end":{"line":31,"column":16}},"20":{"start":{"line":38,"column":1},"end":{"line":44,"column":3}},"21":{"start":{"line":39,"column":2},"end":{"line":39,"column":19}},"22":{"start":{"line":40,"column":2},"end":{"line":40,"column":21}},"23":{"start":{"line":41,"column":2},"end":{"line":41,"column":21}},"24":{"start":{"line":42,"column":2},"end":{"line":42,"column":26}},"25":{"start":{"line":43,"column":2},"end":{"line":43,"column":14}},"26":{"start":{"line":50,"column":1},"end":{"line":57,"column":3}},"27":{"start":{"line":51,"column":2},"end":{"line":51,"column":21}},"28":{"start":{"line":52,"column":2},"end":{"line":52,"column":30}},"29":{"start":{"line":53,"column":2},"end":{"line":53,"column":34}},"30":{"start":{"line":54,"column":2},"end":{"line":54,"column":34}},"31":{"start":{"line":55,"column":2},"end":{"line":55,"column":44}},"32":{"start":{"line":56,"column":2},"end":{"line":56,"column":14}},"33":{"start":{"line":62,"column":1},"end":{"line":64,"column":3}},"34":{"start":{"line":63,"column":2},"end":{"line":63,"column":34}},"35":{"start":{"line":71,"column":1},"end":{"line":73,"column":3}},"36":{"start":{"line":72,"column":2},"end":{"line":72,"column":34}},"37":{"start":{"line":80,"column":1},"end":{"line":82,"column":3}},"38":{"start":{"line":81,"column":2},"end":{"line":81,"column":69}},"39":{"start":{"line":90,"column":1},"end":{"line":92,"column":3}},"40":{"start":{"line":91,"column":2},"end":{"line":91,"column":78}},"41":{"start":{"line":99,"column":1},"end":{"line":101,"column":3}},"42":{"start":{"line":100,"column":2},"end":{"line":100,"column":50}},"43":{"start":{"line":108,"column":1},"end":{"line":110,"column":3}},"44":{"start":{"line":109,"column":2},"end":{"line":109,"column":53}},"45":{"start":{"line":123,"column":1},"end":{"line":125,"column":3}},"46":{"start":{"line":124,"column":2},"end":{"line":124,"column":83}},"47":{"start":{"line":132,"column":1},"end":{"line":136,"column":3}},"48":{"start":{"line":133,"column":2},"end":{"line":133,"column":30}},"49":{"start":{"line":133,"column":16},"end":{"line":133,"column":28}},"50":{"start":{"line":134,"column":2},"end":{"line":134,"column":43}},"51":{"start":{"line":135,"column":2},"end":{"line":135,"column":14}},"52":{"start":{"line":143,"column":1},"end":{"line":146,"column":3}},"53":{"start":{"line":144,"column":2},"end":{"line":144,"column":30}},"54":{"start":{"line":144,"column":16},"end":{"line":144,"column":28}},"55":{"start":{"line":145,"column":2},"end":{"line":145,"column":44}},"56":{"start":{"line":153,"column":1},"end":{"line":156,"column":3}},"57":{"start":{"line":154,"column":2},"end":{"line":154,"column":30}},"58":{"start":{"line":154,"column":16},"end":{"line":154,"column":28}},"59":{"start":{"line":155,"column":2},"end":{"line":155,"column":45}},"60":{"start":{"line":163,"column":1},"end":{"line":166,"column":3}},"61":{"start":{"line":164,"column":2},"end":{"line":164,"column":30}},"62":{"start":{"line":164,"column":16},"end":{"line":164,"column":28}},"63":{"start":{"line":165,"column":2},"end":{"line":165,"column":47}},"64":{"start":{"line":173,"column":1},"end":{"line":177,"column":3}},"65":{"start":{"line":174,"column":2},"end":{"line":174,"column":30}},"66":{"start":{"line":174,"column":16},"end":{"line":174,"column":28}},"67":{"start":{"line":175,"column":2},"end":{"line":175,"column":43}},"68":{"start":{"line":176,"column":2},"end":{"line":176,"column":14}},"69":{"start":{"line":184,"column":1},"end":{"line":210,"column":3}},"70":{"start":{"line":185,"column":2},"end":{"line":185,"column":30}},"71":{"start":{"line":185,"column":16},"end":{"line":185,"column":28}},"72":{"start":{"line":186,"column":2},"end":{"line":186,"column":26}},"73":{"start":{"line":187,"column":2},"end":{"line":187,"column":45}},"74":{"start":{"line":188,"column":2},"end":{"line":194,"column":3}},"75":{"start":{"line":189,"column":3},"end":{"line":193,"column":4}},"76":{"start":{"line":190,"column":4},"end":{"line":190,"column":25}},"77":{"start":{"line":191,"column":4},"end":{"line":191,"column":21}},"78":{"start":{"line":192,"column":4},"end":{"line":192,"column":24}},"79":{"start":{"line":196,"column":2},"end":{"line":207,"column":3}},"80":{"start":{"line":197,"column":3},"end":{"line":203,"column":4}},"81":{"start":{"line":198,"column":4},"end":{"line":198,"column":21}},"82":{"start":{"line":199,"column":4},"end":{"line":199,"column":24}},"83":{"start":{"line":200,"column":4},"end":{"line":202,"column":5}},"84":{"start":{"line":201,"column":5},"end":{"line":201,"column":13}},"85":{"start":{"line":204,"column":3},"end":{"line":204,"column":15}},"86":{"start":{"line":205,"column":9},"end":{"line":207,"column":3}},"87":{"start":{"line":206,"column":3},"end":{"line":206,"column":31}},"88":{"start":{"line":209,"column":2},"end":{"line":209,"column":29}},"89":{"start":{"line":217,"column":1},"end":{"line":220,"column":3}},"90":{"start":{"line":218,"column":2},"end":{"line":218,"column":30}},"91":{"start":{"line":218,"column":16},"end":{"line":218,"column":28}},"92":{"start":{"line":219,"column":2},"end":{"line":219,"column":33}},"93":{"start":{"line":228,"column":1},"end":{"line":235,"column":3}},"94":{"start":{"line":229,"column":2},"end":{"line":229,"column":30}},"95":{"start":{"line":229,"column":16},"end":{"line":229,"column":28}},"96":{"start":{"line":230,"column":2},"end":{"line":230,"column":25}},"97":{"start":{"line":231,"column":2},"end":{"line":231,"column":18}},"98":{"start":{"line":232,"column":2},"end":{"line":232,"column":45}},"99":{"start":{"line":233,"column":2},"end":{"line":233,"column":84}},"100":{"start":{"line":234,"column":2},"end":{"line":234,"column":14}},"101":{"start":{"line":237,"column":1},"end":{"line":243,"column":3}},"102":{"start":{"line":238,"column":2},"end":{"line":238,"column":30}},"103":{"start":{"line":238,"column":16},"end":{"line":238,"column":28}},"104":{"start":{"line":242,"column":2},"end":{"line":242,"column":35}},"105":{"start":{"line":250,"column":1},"end":{"line":253,"column":3}},"106":{"start":{"line":251,"column":2},"end":{"line":251,"column":30}},"107":{"start":{"line":251,"column":16},"end":{"line":251,"column":28}},"108":{"start":{"line":252,"column":2},"end":{"line":252,"column":36}},"109":{"start":{"line":266,"column":1},"end":{"line":306,"column":3}},"110":{"start":{"line":267,"column":2},"end":{"line":270,"column":3}},"111":{"start":{"line":268,"column":3},"end":{"line":268,"column":25}},"112":{"start":{"line":269,"column":3},"end":{"line":269,"column":15}},"113":{"start":{"line":272,"column":2},"end":{"line":272,"column":17}},"114":{"start":{"line":274,"column":2},"end":{"line":280,"column":3}},"115":{"start":{"line":277,"column":3},"end":{"line":279,"column":4}},"116":{"start":{"line":278,"column":4},"end":{"line":278,"column":24}},"117":{"start":{"line":281,"column":2},"end":{"line":283,"column":3}},"118":{"start":{"line":282,"column":3},"end":{"line":282,"column":40}},"119":{"start":{"line":284,"column":2},"end":{"line":286,"column":3}},"120":{"start":{"line":285,"column":3},"end":{"line":285,"column":30}},"121":{"start":{"line":287,"column":2},"end":{"line":289,"column":3}},"122":{"start":{"line":288,"column":3},"end":{"line":288,"column":30}},"123":{"start":{"line":290,"column":2},"end":{"line":292,"column":3}},"124":{"start":{"line":291,"column":3},"end":{"line":291,"column":26}},"125":{"start":{"line":293,"column":2},"end":{"line":295,"column":3}},"126":{"start":{"line":294,"column":3},"end":{"line":294,"column":26}},"127":{"start":{"line":296,"column":2},"end":{"line":298,"column":3}},"128":{"start":{"line":297,"column":3},"end":{"line":297,"column":28}},"129":{"start":{"line":299,"column":2},"end":{"line":301,"column":3}},"130":{"start":{"line":300,"column":3},"end":{"line":300,"column":26}},"131":{"start":{"line":302,"column":2},"end":{"line":304,"column":3}},"132":{"start":{"line":303,"column":3},"end":{"line":303,"column":24}},"133":{"start":{"line":305,"column":2},"end":{"line":305,"column":14}},"134":{"start":{"line":314,"column":1},"end":{"line":342,"column":3}},"135":{"start":{"line":316,"column":2},"end":{"line":316,"column":46}},"136":{"start":{"line":317,"column":2},"end":{"line":322,"column":3}},"137":{"start":{"line":318,"column":3},"end":{"line":318,"column":49}},"138":{"start":{"line":319,"column":3},"end":{"line":319,"column":25}},"139":{"start":{"line":321,"column":3},"end":{"line":321,"column":15}},"140":{"start":{"line":325,"column":2},"end":{"line":325,"column":38}},"141":{"start":{"line":329,"column":2},"end":{"line":329,"column":47}},"142":{"start":{"line":331,"column":2},"end":{"line":331,"column":39}},"143":{"start":{"line":334,"column":2},"end":{"line":334,"column":24}},"144":{"start":{"line":336,"column":2},"end":{"line":338,"column":3}},"145":{"start":{"line":337,"column":3},"end":{"line":337,"column":59}},"146":{"start":{"line":341,"column":2},"end":{"line":341,"column":61}},"147":{"start":{"line":349,"column":1},"end":{"line":351,"column":3}},"148":{"start":{"line":350,"column":2},"end":{"line":350,"column":31}},"149":{"start":{"line":358,"column":1},"end":{"line":368,"column":3}},"150":{"start":{"line":359,"column":2},"end":{"line":367,"column":3}},"151":{"start":{"line":360,"column":3},"end":{"line":364,"column":4}},"152":{"start":{"line":361,"column":4},"end":{"line":361,"column":65}},"153":{"start":{"line":363,"column":4},"end":{"line":363,"column":16}},"154":{"start":{"line":366,"column":3},"end":{"line":366,"column":93}},"155":{"start":{"line":370,"column":1},"end":{"line":373,"column":3}},"156":{"start":{"line":371,"column":2},"end":{"line":371,"column":42}},"157":{"start":{"line":372,"column":2},"end":{"line":372,"column":33}},"158":{"start":{"line":375,"column":1},"end":{"line":377,"column":3}},"159":{"start":{"line":376,"column":2},"end":{"line":376,"column":31}},"160":{"start":{"line":379,"column":1},"end":{"line":381,"column":3}},"161":{"start":{"line":380,"column":2},"end":{"line":380,"column":41}},"162":{"start":{"line":389,"column":1},"end":{"line":418,"column":3}},"163":{"start":{"line":390,"column":2},"end":{"line":405,"column":3}},"164":{"start":{"line":391,"column":3},"end":{"line":403,"column":4}},"165":{"start":{"line":392,"column":4},"end":{"line":392,"column":33}},"166":{"start":{"line":393,"column":4},"end":{"line":395,"column":5}},"167":{"start":{"line":394,"column":5},"end":{"line":394,"column":21}},"168":{"start":{"line":396,"column":10},"end":{"line":403,"column":4}},"169":{"start":{"line":397,"column":4},"end":{"line":397,"column":32}},"170":{"start":{"line":398,"column":4},"end":{"line":400,"column":5}},"171":{"start":{"line":399,"column":5},"end":{"line":399,"column":21}},"172":{"start":{"line":402,"column":4},"end":{"line":402,"column":16}},"173":{"start":{"line":404,"column":3},"end":{"line":404,"column":39}},"174":{"start":{"line":406,"column":2},"end":{"line":406,"column":16}},"175":{"start":{"line":407,"column":2},"end":{"line":416,"column":3}},"176":{"start":{"line":408,"column":3},"end":{"line":408,"column":26}},"177":{"start":{"line":410,"column":7},"end":{"line":416,"column":3}},"178":{"start":{"line":411,"column":3},"end":{"line":411,"column":31}},"179":{"start":{"line":412,"column":3},"end":{"line":414,"column":4}},"180":{"start":{"line":413,"column":4},"end":{"line":413,"column":40}},"181":{"start":{"line":415,"column":3},"end":{"line":415,"column":15}},"182":{"start":{"line":417,"column":2},"end":{"line":417,"column":97}},"183":{"start":{"line":421,"column":1},"end":{"line":426,"column":3}},"184":{"start":{"line":422,"column":2},"end":{"line":425,"column":4}},"185":{"start":{"line":423,"column":3},"end":{"line":423,"column":71}},"186":{"start":{"line":424,"column":3},"end":{"line":424,"column":77}},"187":{"start":{"line":433,"column":1},"end":{"line":433,"column":54}},"188":{"start":{"line":440,"column":1},"end":{"line":440,"column":55}},"189":{"start":{"line":445,"column":1},"end":{"line":448,"column":3}},"190":{"start":{"line":446,"column":2},"end":{"line":446,"column":27}},"191":{"start":{"line":447,"column":2},"end":{"line":447,"column":18}},"192":{"start":{"line":453,"column":1},"end":{"line":455,"column":3}},"193":{"start":{"line":454,"column":2},"end":{"line":454,"column":99}},"194":{"start":{"line":461,"column":1},"end":{"line":463,"column":3}},"195":{"start":{"line":462,"column":2},"end":{"line":462,"column":86}},"196":{"start":{"line":465,"column":1},"end":{"line":468,"column":3}},"197":{"start":{"line":466,"column":2},"end":{"line":466,"column":72}},"198":{"start":{"line":467,"column":2},"end":{"line":467,"column":71}},"199":{"start":{"line":470,"column":1},"end":{"line":472,"column":3}},"200":{"start":{"line":471,"column":2},"end":{"line":471,"column":62}},"201":{"start":{"line":478,"column":1},"end":{"line":480,"column":3}},"202":{"start":{"line":479,"column":2},"end":{"line":479,"column":129}},"203":{"start":{"line":486,"column":1},"end":{"line":488,"column":3}},"204":{"start":{"line":487,"column":2},"end":{"line":487,"column":95}},"205":{"start":{"line":494,"column":1},"end":{"line":503,"column":3}},"206":{"start":{"line":495,"column":2},"end":{"line":495,"column":60}},"207":{"start":{"line":496,"column":2},"end":{"line":502,"column":3}},"208":{"start":{"line":497,"column":3},"end":{"line":497,"column":30}},"209":{"start":{"line":498,"column":3},"end":{"line":498,"column":36}},"210":{"start":{"line":500,"column":3},"end":{"line":500,"column":30}},"211":{"start":{"line":501,"column":3},"end":{"line":501,"column":28}},"212":{"start":{"line":510,"column":1},"end":{"line":512,"column":3}},"213":{"start":{"line":511,"column":2},"end":{"line":511,"column":37}},"214":{"start":{"line":526,"column":1},"end":{"line":556,"column":3}},"215":{"start":{"line":527,"column":2},"end":{"line":527,"column":51}},"216":{"start":{"line":528,"column":2},"end":{"line":528,"column":10}},"217":{"start":{"line":529,"column":2},"end":{"line":549,"column":3}},"218":{"start":{"line":530,"column":3},"end":{"line":548,"column":4}},"219":{"start":{"line":531,"column":4},"end":{"line":531,"column":58}},"220":{"start":{"line":532,"column":4},"end":{"line":532,"column":25}},"221":{"start":{"line":533,"column":4},"end":{"line":535,"column":5}},"222":{"start":{"line":534,"column":5},"end":{"line":534,"column":17}},"223":{"start":{"line":536,"column":4},"end":{"line":536,"column":27}},"224":{"start":{"line":537,"column":4},"end":{"line":537,"column":27}},"225":{"start":{"line":538,"column":4},"end":{"line":542,"column":5}},"226":{"start":{"line":539,"column":5},"end":{"line":539,"column":29}},"227":{"start":{"line":540,"column":11},"end":{"line":542,"column":5}},"228":{"start":{"line":541,"column":5},"end":{"line":541,"column":29}},"229":{"start":{"line":543,"column":4},"end":{"line":547,"column":5}},"230":{"start":{"line":544,"column":6},"end":{"line":544,"column":51}},"231":{"start":{"line":545,"column":11},"end":{"line":547,"column":5}},"232":{"start":{"line":546,"column":5},"end":{"line":546,"column":35}},"233":{"start":{"line":551,"column":2},"end":{"line":553,"column":3}},"234":{"start":{"line":552,"column":3},"end":{"line":552,"column":45}},"235":{"start":{"line":555,"column":2},"end":{"line":555,"column":14}},"236":{"start":{"line":562,"column":1},"end":{"line":564,"column":3}},"237":{"start":{"line":563,"column":2},"end":{"line":563,"column":30}},"238":{"start":{"line":570,"column":1},"end":{"line":572,"column":3}},"239":{"start":{"line":571,"column":2},"end":{"line":571,"column":82}},"240":{"start":{"line":631,"column":1},"end":{"line":646,"column":3}},"241":{"start":{"line":632,"column":2},"end":{"line":645,"column":3}},"242":{"start":{"line":636,"column":3},"end":{"line":636,"column":15}},"243":{"start":{"line":639,"column":3},"end":{"line":639,"column":15}},"244":{"start":{"line":642,"column":3},"end":{"line":642,"column":15}},"245":{"start":{"line":644,"column":3},"end":{"line":644,"column":15}},"246":{"start":{"line":647,"column":1},"end":{"line":676,"column":3}},"247":{"start":{"line":648,"column":2},"end":{"line":648,"column":45}},"248":{"start":{"line":649,"column":2},"end":{"line":675,"column":3}},"249":{"start":{"line":651,"column":4},"end":{"line":651,"column":38}},"250":{"start":{"line":653,"column":4},"end":{"line":653,"column":37}},"251":{"start":{"line":655,"column":4},"end":{"line":655,"column":41}},"252":{"start":{"line":657,"column":4},"end":{"line":657,"column":37}},"253":{"start":{"line":660,"column":4},"end":{"line":660,"column":58}},"254":{"start":{"line":661,"column":4},"end":{"line":661,"column":42}},"255":{"start":{"line":663,"column":4},"end":{"line":663,"column":45}},"256":{"start":{"line":665,"column":4},"end":{"line":665,"column":38}},"257":{"start":{"line":667,"column":4},"end":{"line":667,"column":37}},"258":{"start":{"line":669,"column":4},"end":{"line":669,"column":58}},"259":{"start":{"line":670,"column":4},"end":{"line":670,"column":51}},"260":{"start":{"line":672,"column":4},"end":{"line":672,"column":38}},"261":{"start":{"line":674,"column":4},"end":{"line":674,"column":17}},"262":{"start":{"line":677,"column":1},"end":{"line":754,"column":3}},"263":{"start":{"line":678,"column":2},"end":{"line":753,"column":4}},"264":{"start":{"line":679,"column":3},"end":{"line":681,"column":4}},"265":{"start":{"line":680,"column":4},"end":{"line":680,"column":31}},"266":{"start":{"line":682,"column":3},"end":{"line":752,"column":4}},"267":{"start":{"line":684,"column":5},"end":{"line":684,"column":122}},"268":{"start":{"line":686,"column":5},"end":{"line":686,"column":119}},"269":{"start":{"line":688,"column":5},"end":{"line":688,"column":34}},"270":{"start":{"line":690,"column":5},"end":{"line":690,"column":31}},"271":{"start":{"line":692,"column":5},"end":{"line":692,"column":36}},"272":{"start":{"line":694,"column":5},"end":{"line":694,"column":33}},"273":{"start":{"line":696,"column":5},"end":{"line":696,"column":36}},"274":{"start":{"line":698,"column":5},"end":{"line":698,"column":33}},"275":{"start":{"line":700,"column":5},"end":{"line":700,"column":40}},"276":{"start":{"line":702,"column":5},"end":{"line":702,"column":37}},"277":{"start":{"line":704,"column":5},"end":{"line":704,"column":34}},"278":{"start":{"line":707,"column":5},"end":{"line":707,"column":56}},"279":{"start":{"line":709,"column":5},"end":{"line":709,"column":67}},"280":{"start":{"line":711,"column":5},"end":{"line":711,"column":33}},"281":{"start":{"line":713,"column":5},"end":{"line":713,"column":30}},"282":{"start":{"line":715,"column":5},"end":{"line":715,"column":60}},"283":{"start":{"line":717,"column":5},"end":{"line":717,"column":71}},"284":{"start":{"line":719,"column":5},"end":{"line":719,"column":40}},"285":{"start":{"line":721,"column":5},"end":{"line":721,"column":35}},"286":{"start":{"line":723,"column":5},"end":{"line":723,"column":132}},"287":{"start":{"line":725,"column":5},"end":{"line":725,"column":100}},"288":{"start":{"line":727,"column":5},"end":{"line":727,"column":35}},"289":{"start":{"line":729,"column":5},"end":{"line":729,"column":30}},"290":{"start":{"line":731,"column":5},"end":{"line":731,"column":33}},"291":{"start":{"line":733,"column":5},"end":{"line":733,"column":39}},"292":{"start":{"line":735,"column":5},"end":{"line":735,"column":41}},"293":{"start":{"line":737,"column":5},"end":{"line":737,"column":34}},"294":{"start":{"line":740,"column":5},"end":{"line":740,"column":58}},"295":{"start":{"line":742,"column":5},"end":{"line":742,"column":46}},"296":{"start":{"line":744,"column":5},"end":{"line":744,"column":29}},"297":{"start":{"line":746,"column":5},"end":{"line":746,"column":59}},"298":{"start":{"line":749,"column":5},"end":{"line":749,"column":115}},"299":{"start":{"line":751,"column":5},"end":{"line":751,"column":14}},"300":{"start":{"line":755,"column":1},"end":{"line":767,"column":3}},"301":{"start":{"line":759,"column":2},"end":{"line":764,"column":3}},"302":{"start":{"line":760,"column":3},"end":{"line":760,"column":52}},"303":{"start":{"line":761,"column":3},"end":{"line":763,"column":4}},"304":{"start":{"line":762,"column":4},"end":{"line":762,"column":18}},"305":{"start":{"line":765,"column":2},"end":{"line":765,"column":59}},"306":{"start":{"line":766,"column":2},"end":{"line":766,"column":177}}},"branchMap":{"1":{"line":5,"type":"if","locations":[{"start":{"line":5,"column":3},"end":{"line":5,"column":3}},{"start":{"line":5,"column":3},"end":{"line":5,"column":3}}]},"2":{"line":14,"type":"if","locations":[{"start":{"line":14,"column":3},"end":{"line":14,"column":3}},{"start":{"line":14,"column":3},"end":{"line":14,"column":3}}]},"3":{"line":15,"type":"cond-expr","locations":[{"start":{"line":15,"column":44},"end":{"line":15,"column":53}},{"start":{"line":15,"column":56},"end":{"line":15,"column":71}}]},"4":{"line":16,"type":"cond-expr","locations":[{"start":{"line":16,"column":42},"end":{"line":16,"column":50}},{"start":{"line":16,"column":53},"end":{"line":16,"column":71}}]},"5":{"line":23,"type":"if","locations":[{"start":{"line":23,"column":3},"end":{"line":23,"column":3}},{"start":{"line":23,"column":3},"end":{"line":23,"column":3}}]},"6":{"line":26,"type":"if","locations":[{"start":{"line":26,"column":4},"end":{"line":26,"column":4}},{"start":{"line":26,"column":4},"end":{"line":26,"column":4}}]},"7":{"line":26,"type":"binary-expr","locations":[{"start":{"line":26,"column":8},"end":{"line":26,"column":16}},{"start":{"line":26,"column":20},"end":{"line":26,"column":38}},{"start":{"line":26,"column":42},"end":{"line":26,"column":73}}]},"8":{"line":81,"type":"cond-expr","locations":[{"start":{"line":81,"column":49},"end":{"line":81,"column":53}},{"start":{"line":81,"column":56},"end":{"line":81,"column":66}}]},"9":{"line":91,"type":"binary-expr","locations":[{"start":{"line":91,"column":9},"end":{"line":91,"column":42}},{"start":{"line":91,"column":46},"end":{"line":91,"column":77}}]},"10":{"line":100,"type":"binary-expr","locations":[{"start":{"line":100,"column":24},"end":{"line":100,"column":28}},{"start":{"line":100,"column":32},"end":{"line":100,"column":42}}]},"11":{"line":109,"type":"binary-expr","locations":[{"st
[...]
3,"column":9},"end":{"line":80,"column":3}},"41":{"start":{"line":64,"column":3},"end":{"line":64,"column":40}},"42":{"start":{"line":65,"column":3},"end":{"line":65,"column":38}},"43":{"start":{"line":66,"column":3},"end":{"line":66,"column":48}},"44":{"start":{"line":67,"column":3},"end":{"line":70,"column":5}},"45":{"start":{"line":72,"column":3},"end":{"line":72,"column":55}},"46":{"start":{"line":73,"column":3},"end":{"line":73,"column":44}},"47":{"start":{"line":75,"column":3},"end":{"line":75,"column":34}},"48":{"start":{"line":76,"column":3},"end":{"line":79,"column":4}},"49":{"start":{"line":77,"column":4},"end":{"line":77,"column":32}},"50":{"start":{"line":78,"column":4},"end":{"line":78,"column":123}},"51":{"start":{"line":81,"column":2},"end":{"line":81,"column":14}},"52":{"start":{"line":84,"column":1},"end":{"line":84,"column":32}},"53":{"start":{"line":85,"column":1},"end":{"line":93,"column":3}},"54":{"start":{"line":86,"column":2},"end":{"line":86,"column":42}},"55":{"start":{"line":87,"column":2},"end":{"line":87,"column":45}},"56":{"start":{"line":88,"column":2},"end":{"line":88,"column":39}},"57":{"start":{"line":89,"column":2},"end":{"line":89,"column":42}},"58":{"start":{"line":90,"column":2},"end":{"line":90,"column":48}},"59":{"start":{"line":91,"column":2},"end":{"line":91,"column":48}},"60":{"start":{"line":92,"column":2},"end":{"line":92,"column":63}},"61":{"start":{"line":95,"column":1},"end":{"line":95,"column":30}},"62":{"start":{"line":97,"column":1},"end":{"line":100,"column":2}},"63":{"start":{"line":99,"column":2},"end":{"line":99,"column":33}}},"branchMap":{"1":{"line":29,"type":"if","locations":[{"start":{"line":29,"column":3},"end":{"line":29,"column":3}},{"start":{"line":29,"column":3},"end":{"line":29,"column":3}}]},"2":{"line":34,"type":"if","locations":[{"start":{"line":34,"column":2},"end":{"line":34,"column":2}},{"start":{"line":34,"column":2},"end":{"line":34,"column":2}}]},"3":{"line":50,"type":"if","locations":[{"start":{"line":50,"column":2},"end":{"line":50,"column":2}},{"start":{"line":50,"column":2},"end":{"line":50,"column":2}}]},"4":{"line":50,"type":"binary-expr","locations":[{"start":{"line":50,"column":6},"end":{"line":50,"column":20}},{"start":{"line":50,"column":24},"end":{"line":50,"column":36}}]},"5":{"line":52,"type":"if","locations":[{"start":{"line":52,"column":9},"end":{"line":52,"column":9}},{"start":{"line":52,"column":9},"end":{"line":52,"column":9}}]},"6":{"line":61,"type":"if","locations":[{"start":{"line":61,"column":2},"end":{"line":61,"column":2}},{"start":{"line":61,"column":2},"end":{"line":61,"column":2}}]},"7":{"line":63,"type":"if","locations":[{"start":{"line":63,"column":9},"end":{"line":63,"column":9}},{"start":{"line":63,"column":9},"end":{"line":63,"column":9}}]},"8":{"line":63,"type":"binary-expr","locations":[{"start":{"line":63,"column":13},"end":{"line":63,"column":35}},{"start":{"line":63,"column":39},"end":{"line":63,"column":67}},{"start":{"line":63,"column":71},"end":{"line":63,"column":99}}]},"9":{"line":66,"type":"cond-expr","locations":[{"start":{"line":66,"column":40},"end":{"line":66,"column":42}},{"start":{"line":66,"column":45},"end":{"line":66,"column":47}}]},"10":{"line":76,"type":"if","locations":[{"start":{"line":76,"column":3},"end":{"line":76,"column":3}},{"start":{"line":76,"column":3},"end":{"line":76,"column":3}}]},"11":{"line":86,"type":"binary-expr","locations":[{"start":{"line":86,"column":16},"end":{"line":86,"column":21}},{"start":{"line":86,"column":25},"end":{"line":86,"column":40}}]},"12":{"line":87,"type":"binary-expr","locations":[{"start":{"line":87,"column":17},"end":{"line":87,"column":23}},{"start":{"line":87,"column":27},"end":{"line":87,"column":43}}]},"13":{"line":88,"type":"binary-expr","locations":[{"start":{"line":88,"column":15},"end":{"line":88,"column":19}},{"start":{"line":88,"column":23},"end":{"line":88,"column":37}}]},"14":{"line":89,"type":"binary-expr","locations":[{"start":{"line":89,"column":16},"end":{"line":89,"column":21}},{"start":{"line":89,"column":25},"end":{"line":89,"column":40}}]},"15":{"line":90,"type":"binary-expr","locations":[{"start":{"line":90,"column":18},"end":{"line":90,"column":25}},{"start":{"line":90,"column":29},"end":{"line":90,"column":46}}]},"16":{"line":91,"type":"binary-expr","locations":[{"start":{"line":91,"column":18},"end":{"line":91,"column":25}},{"start":{"line":91,"column":29},"end":{"line":91,"column":46}}]},"17":{"line":92,"type":"binary-expr","locations":[{"start":{"line":92,"column":23},"end":{"line":92,"column":35}},{"start":{"line":92,"column":39},"end":{"line":92,"column":61}}]},"18":{"line":97,"type":"if","locations":[{"start":{"line":97,"column":1},"end":{"line":97,"column":1}},{"start":{"line":97,"column":1},"end":{"line":97,"column":1}}]}}},"src/core/time_span.js":{"path":"src/core/time_span.js","s":{"1":1,"2":1,"3":5,"4":0,"5":1,"6":5,"7":0,"8":0,"9":1,"10":1,"11":1,"12":5,"13":5,"14":5,"15":5,"16":1,"17":0,"18":0,"19":0,"20":0,"21":0,"22":0,"23":0,"24":0,"25":0,"26":0,"27":0,"28":0,"29":0,"30":0,"31":0,"32":0,"33":0,"34":0,"35":0,"36":0,"37":0,"38":0,"39":0,"40":0,"41":0,"42":0,"43":0,"44":0,"45":0,"46":0,"47":0,"48":0,"49":0,"50":0,"51":0,"52":0,"53":0,"54":0,"55":0,"56":0,"57":0,"58":0,"59":0,"60":0,"61":0,"62":0,"63":0,"64":0,"65":0,"66":0,"67":0,"68":0,"69":0,"70":0,"71":0,"72":0,"73":0,"74":0,"75":0,"76":0,"77":0,"78":0,"79":0,"80":0,"81":1,"82":1,"83":0,"84":0,"85":0,"86":0,"87":0,"88":1,"89":0,"90":1,"91":1,"92":1},"b":{"1":[0,0],"2":[0,0],"3":[0,0],"4":[0,0],"5":[0,0],"6":[0,0],"7":[0,0],"8":[0,0],"9":[0,0],"10":[0,0],"11":[0,0],"12":[0,0],"13":[0,0],"14":[0,0],"15":[0,0],"16":[0,0,0,0,0,0,0,0,0,0,0,0],"17":[0,0],"18":[0,0],"19":[0,0],"20":[0,0],"21":[0,0],"22":[0,0],"23":[0,0],"24":[1,0]},"f":{"1":1,"2":5,"3":0,"4":5,"5":0,"6":1,"7":0,"8":0,"9":0,"10":0,"11":0,"12":0,"13":0,"14":0,"15":0,"16":0,"17":0,"18":0,"19":0,"20":0,"21":0,"22":0,"23":0,"24":0,"25":0},"fnMap":{"1":{"name":"(anonymous_1)","line":1,"loc":{"start":{"line":1,"column":1},"end":{"line":1,"column":13}}},"2":{"name":"(anonymous_2)","line":3,"loc":{"start":{"line":3,"column":11},"end":{"line":3,"column":27}}},"3":{"name":"(anonymous_3)","line":4,"loc":{"start":{"line":4,"column":9},"end":{"line":4,"column":21}}},"4":{"name":"(anonymous_4)","line":9,"loc":{"start":{"line":9,"column":11},"end":{"line":9,"column":27}}},"5":{"name":"(anonymous_5)","line":10,"loc":{"start":{"line":10,"column":9},"end":{"line":10,"column":24}}},"6":{"name":"(anonymous_6)","line":16,"loc":{"start":{"line":16,"column":19},"end":{"line":16,"column":45}}},"7":{"name":"(anonymous_7)","line":29,"loc":{"start":{"line":29,"column":16},"end":{"line":29,"column":71}}},"8":{"name":"(anonymous_8)","line":46,"loc":{"start":{"line":46,"column":30},"end":{"line":46,"column":42}}},"9":{"name":"(anonymous_9)","line":53,"loc":{"start":{"line":53,"column":19},"end":{"line":53,"column":35}}},"10":{"name":"(anonymous_10)","line":64,"loc":{"start":{"line":64,"column":16},"end":{"line":64,"column":32}}},"11":{"name":"(anonymous_11)","line":68,"loc":{"start":{"line":68,"column":13},"end":{"line":68,"column":29}}},"12":{"name":"(anonymous_12)","line":72,"loc":{"start":{"line":72,"column":18},"end":{"line":72,"column":34}}},"13":{"name":"(anonymous_13)","line":76,"loc":{"start":{"line":76,"column":17},"end":{"line":76,"column":30}}},"14":{"name":"(anonymous_14)","line":80,"loc":{"start":{"line":80,"column":18},"end":{"line":80,"column":31}}},"15":{"name":"(anonymous_15)","line":84,"loc":{"start":{"line":84,"column":20},"end":{"line":84,"column":33}}},"16":{"name":"(anonymous_16)","line":88,"loc":{"start":{"line":88,"column":20},"end":{"line":88,"column":33}}},"17":{"name":"(anonymous_17)","line":92,"loc":{"start":{"line":92,"column":25},"end":{"line":92,"column":38}}},"18":{"name":"(anonymous_18)","line":96,"loc":{"start":{"line":96,"column":23},"end":{"line":96,"column":35}}},"19":{"name":"(anonymous_19)","line":100,"loc":{"start":{"line":100,"column":23},"end":{"line":100,"column":35}}},"20":{"name":"(anonymous_20)","line":104,"loc":{"start":{"line":104,"column":18},"end":{"line":104,"column":36}}},"21":{"name":"(anonymous_21)","line":105,"loc":{"start":{"line":105,"column":20},"end":{"line":105,"column":32}}},"22":{"name":"(anonymous_22)","line":113,"loc":{"start":{"line":113,"column":12},"end":{"line":113,"column":25}}},"23":{"name":"(anonymous_23)","line":120,"loc":{"start":{"line":120,"column":3},"end":{"line":120,"column":21}}},"24":{"name":"(anonymous_24)","line":153,"loc":{"start":{"line":153,"column":26},"end":{"line":153,"column":80}}},"25":{"name":"(anonymous_25)","line":166,"loc":{"start":{"line":166,"column":31},"end":{"line":166,"column":43}}}},"statementMap":{"1":{"start":{"line":1,"column":0},"end":{"line":176,"column":5}},"2":{"start":{"line":3,"column":1},"end":{"line":7,"column":3}},"3":{"start":{"line":4,"column":2},"end":{"line":6,"column":4}},"4":{"start":{"line":5,"column":3},"end":{"line":5,"column":21}},"5":{"start":{"line":9,"column":1},"end":{"line":14,"column":3}},"6":{"start":{"line":10,"column":2},"end":{"line":13,"column":4}},"7":{"start":{"line":11,"column":3},"end":{"line":11,"column":20}},"8":{"start":{"line":12,"column":3},"end":{"line":12,"column":15}},"9":{"start":{"line":15,"column":1},"end":{"line":15,"column":88}},"10":{"start":{"line":16,"column":1},"end":{"line":23,"column":3}},"11":{"start":{"line":17,"column":2},"end":{"line":22,"column":3}},"12":{"start":{"line":18,"column":3},"end":{"line":18,"column":70}},"13":{"start":{"line":19,"column":3},"end":{"line":19,"column":29}},"14":{"start":{"line":20,"column":3},"end":{"line":20,"column":43}},"15":{"start":{"line":21,"column":3},"end":{"line":21,"column":43}},"16":{"start":{"line":29,"column":1},"end":{"line":151,"column":3}},"17":{"start":{"line":30,"column":2},"end":{"line":44,"column":3}},"18":{"start":{"line":31,"column":3},"end":{"line":31,"column":37}},"19":{"start":{"line":32,"column":3},"end":{"line":32,"column":34}},"20":{"start":{"line":33,"column":3},"end":{"line":33,"column":59}},"21":{"start":{"line":34,"column":3},"end":{"line":34,"column":36}},"22":{"start":{"line":35,"column":3},"end":{"line":35,"column":59}},"23":{"start":{"line":36,"column":3},"end":{"line":36,"column":35}},"24":{"start":{"line":37,"column":3},"end":{"line":37,"column":59}},"25":{"start":{"line":38,"column":3},"end":{"line":38,"column":33}},"26":{"start":{"line":39,"column":3},"end":{"line":39,"column":58}},"27":{"start":{"line":40,"column":3},"end":{"line":40,"column":32}},"28":{"start":{"line":41,"column":3},"end":{"line":41,"column":44}},"29":{"start":{"line":43,"column":3},"end":{"line":43,"column":57}},"30":{"start":{"line":46,"column":2},"end":{"line":51,"column":4}},"31":{"start":{"line":47,"column":3},"end":{"line":50,"column":32}},"32":{"start":{"line":53,"column":2},"end":{"line":62,"column":4}},"33":{"start":{"line":54,"column":3},"end":{"line":54,"column":92}},"34":{"start":{"line":55,"column":3},"end":{"line":60,"column":4}},"35":{"start":{"line":56,"column":4},"end":{"line":56,"column":39}},"36":{"start":{"line":59,"column":4},"end":{"line":59,"column":85}},"37":{"start":{"line":61,"column":3},"end":{"line":61,"column":45}},"38":{"start":{"line":64,"column":2},"end":{"line":66,"column":4}},"39":{"start":{"line":65,"column":3},"end":{"line":65,"column":39}},"40":{"start":{"line":68,"column":2},"end":{"line":70,"column":4}},"41":{"start":{"line":69,"column":3},"end":{"line":69,"column":87}},"42":{"start":{"line":72,"column":2},"end":{"line":74,"column":4}},"43":{"start":{"line":73,"column":3},"end":{"line":73,"column":88}},"44":{"start":{"line":76,"column":2},"end":{"line":78,"column":4}},"45":{"start":{"line":77,"column":3},"end":{"line":77,"column":69}},"46":{"start":{"line":80,"column":2},"end":{"line":82,"column":4}},"47":{"start":{"line":81,"column":3},"end":{"line":81,"column":68}},"48":{"start":{"line":84,"column":2},"end":{"line":86,"column":4}},"49":{"start":{"line":85,"column":3},"end":{"line":85,"column":66}},"50":{"start":{"line":88,"column":2},"end":{"line":90,"column":4}},"51":{"start":{"line":89,"column":3},"end":{"line":89,"column":65}},"52":{"start":{"line":92,"column":2},"end":{"line":94,"column":4}},"53":{"start":{"line":93,"column":3},"end":{"line":93,"column":56}},"54":{"start":{"line":96,"column":2},"end":{"line":98,"column":4}},"55":{"start":{"line":97,"column":3},"end":{"line":97,"column":105}},"56":{"start":{"line":100,"column":2},"end":{"line":102,"column":4}},"57":{"start":{"line":101,"column":3},"end":{"line":101,"column":97}},"58":{"start":{"line":104,"column":2},"end":{"line":149,"column":4}},"59":{"start":{"line":105,"column":3},"end":{"line":111,"column":5}},"60":{"start":{"line":106,"column":4},"end":{"line":110,"column":5}},"61":{"start":{"line":107,"column":5},"end":{"line":107,"column":119}},"62":{"start":{"line":109,"column":5},"end":{"line":109,"column":96}},"63":{"start":{"line":113,"column":3},"end":{"line":115,"column":5}},"64":{"start":{"line":114,"column":4},"end":{"line":114,"column":51}},"65":{"start":{"line":117,"column":3},"end":{"line":117,"column":17}},"66":{"start":{"line":119,"column":3},"end":{"line":148,"column":24}},"67":{"start":{"line":121,"column":4},"end":{"line":146,"column":5}},"68":{"start":{"line":123,"column":5},"end":{"line":123,"column":25}},"69":{"start":{"line":125,"column":5},"end":{"line":125,"column":31}},"70":{"start":{"line":127,"column":5},"end":{"line":127,"column":26}},"71":{"start":{"line":129,"column":5},"end":{"line":129,"column":32}},"72":{"start":{"line":131,"column":5},"end":{"line":131,"column":31}},"73":{"start":{"line":133,"column":5},"end":{"line":133,"column":37}},"74":{"start":{"line":135,"column":5},"end":{"line":135,"column":28}},"75":{"start":{"line":137,"column":5},"end":{"line":137,"column":34}},"76":{"start":{"line":139,"column":5},"end":{"line":139,"column":28}},"77":{"start":{"line":141,"column":5},"end":{"line":141,"column":34}},"78":{"start":{"line":143,"column":5},"end":{"line":143,"column":115}},"79":{"start":{"line":145,"column":5},"end":{"line":145,"column":97}},"80":{"start":{"line":150,"column":2},"end":{"line":150,"column":14}},"81":{"start":{"line":152,"column":1},"end":{"line":152,"column":39}},"82":{"start":{"line":153,"column":1},"end":{"line":159,"column":3}},"83":{"start":{"line":154,"column":2},"end":{"line":154,"column":39}},"84":{"start":{"line":155,"column":2},"end":{"line":155,"column":42}},"85":{"start":{"line":156,"column":2},"end":{"line":156,"column":48}},"86":{"start":{"line":157,"column":2},"end":{"line":157,"column":48}},"87":{"start":{"line":158,"column":2},"end":{"line":158,"column":63}},"88":{"start":{"line":166,"column":1},"end":{"line":168,"column":3}},"89":{"start":{"line":167,"column":2},"end":{"line":167,"column":104}},"90":{"start":{"line":170,"column":1},"end":{"line":170,"column":26}},"91":{"start":{"line":172,"column":1},"end":{"line":175,"column":2}},"92":{"start":{"line":174,"column":2},"end":{"line":174,"column":29}}},"branchMap":{"1":{"line":30,"type":"if","locations":[{"start":{"line":30,"column":2},"end":{"line":30,"column":2}},{"start":{"line":30,"column":2},"end":{"line":30,"column":2}}]},"2":{"line":30,"type":"binary-expr","locations":[{"start":{"line":30,"column":6},"end":{"line":30,"column":28}},{"start":{"line":30,"column":32},"end":{"line":30,"column":56}}]},"3":{"line":31,"type":"cond-expr","locations":[{"start":{"line":31,"column":29},"end":{"line":31,"column":31}},{"start":{"line":31,"column":34},"end":{"line":31,"column":36}}]},"4":{"line":55,"type":"if","locations":[{"start":{"line":55,"column":3},"end":{"line":55,"column":3}},{"start":{"line":55,"column":3},"end":{"line":55,"column":3}}]},"5":{"line":61,"type":"cond-expr","locations":[{"start":{"line":61,"column":22},"end":{"line":61,"column":24}},{"start":{"line":61,"column":27},"end":{"line":61,"column":44}}]},"6":{"line":61,"type":"cond-expr","locations":[{"start":{"line":61,"column":39},"end":{"line":61,"column":40}},{"start":{"line":61,"column":43},"end":{"line":61,"column":44}}]},"7":{"line":69,"type":"cond-expr","locations":[{"start":{"line":69,"column":28},"end":{"line":69,"column":32}},{"start":{"line":69,"column":35},"end":{"line":69,"column":86}}]},"8":{"line":73,"type":"cond-expr","locations":[{"start":{"line":73,"column":28},"end":{"line":73,"column":32}},{"start":{"line":73,"column":35},"end":{"line":73,"column":87}}]},"9":{"line":97,"type":"cond-expr","locations":[{"start":{"line":97,"column":35},"end":{"line":97,"column":55}},{"start":{"line":97,"column":58},"end":{"line":97,"column":104}}]},"10":{"line":97,"type":"cond-expr","locations":[{"start":{"line":97,"column":84},"end":{"line":97,"column":86}},{"start":{"line":97,"column":89},"end":{"line":97,"column":104}}]},"11":{"line":101,"type":"cond-expr","locations":[{"start":{"line":101,"column":35},"end":{"line":101,"column":64}},{"start":{"line":101,"column":67},"end":{"line":101,"column":96}}]},"12":{"line":106,"type":"if","locations":[{"start":{"line":106,"column":4},"end":{"line":106,"column":4}},{"start":{"line":106,"column":4},"end":{"line":106,"column":4}}]},"13":{"line":106,"type":"binary-expr","locations":[{"start":{"line":106,"column":8},"end":{"line":106,"column":31}},{"start":{"line":106,"column":35},"end":{"line":106,"column":53}}]},"14":{"line":114,"type":"cond-expr","locations":[{"start":{"line":114,"column":39},"end":{"line":114,"column":46}},{"start":{"line":114,"column":49},"end":{"line":114,"column":50}}]},"15":{"line":119,"type":"cond-expr","locations":[{"start":{"line":119,"column":19},"end":{"line":148,"column":4}},{"start":{"line":148,"column":7},"end":{"line":148,"column":23}}]},"16":{"line":121,"type":"switch","locations":[{"start":{"line":122,"column":4},"end":{"line":123,"column":25}},{"start":{"line":124,"column":4},"end":{"line":125,"column":31}},{"start":{"line":126,"column":4},"end":{"line":127,"column":26}},{"start":{"line":128,"column":4},"end":{"line":129,"column":32}},{"start":{"line":130,"column":4},"end":{"line":131,"column":31}},{"start":{"line":132,"column":4},"end":{"line":133,"column":37}},{"start":{"line":134,"column":4},"end":{"line":135,"column":28}},{"start":{"line":136,"column":4},"end":{"line":137,"column":34}},{"start":{"line":138,"column":4},"end":{"line":139,"column":28}},{"start":{"line":140,"column":4},"end":{"line":141,"column":34}},{"start":{"line":142,"column":4},"end":{"line":143,"column":115}},{"start":{"line":144,"column":4},"end":{"line":145,"column":97}}]},"17":{"line":143,"type":"cond-expr","locations":[{"start":{"line":143,"column":36},"end":{"line":143,"column":65}},{"start":{"line":143,"column":68},"end":{"line":143,"column":97}}]},"18":{"line":145,"type":"cond-expr","locations":[{"start":{"line":145,"column":35},"end":{"line":145,"column":64}},{"start":{"line":145,"column":67},"end":{"line":145,"column":96}}]},"19":{"line":154,"type":"binary-expr","locations":[{"start":{"line":154,"column":15},"end":{"line":154,"column":19}},{"start":{"line":154,"column":23},"end":{"line":154,"column":37}}]},"20":{"line":155,"type":"binary-expr","locations":[{"start":{"line":155,"column":16},"end":{"line":155,"column":21}},{"start":{"line":155,"column":25},"end":{"line":155,"column":40}}]},"21":{"line":156,"type":"binary-expr","locations":[{"start":{"line":156,"column":18},"end":{"line":156,"column":25}},{"start":{"line":156,"column":29},"end":{"line":156,"column":46}}]},"22":{"line":157,"type":"binary-expr","locations":[{"start":{"line":157,"column":18},"end":{"line":157,"column":25}},{"start":{"line":157,"column":29},"end":{"line":157,"column":46}}]},"23":{"line":158,"type":"binary-expr","locations":[{"start":{"line":158,"column":23},"end":{"line":158,"column":35}},{"start":{"line":158,"column":39},"end":{"line":158,"column":61}}]},"24":{"line":172,"type":"if","locations":[{"start":{"line":172,"column":1},"end":{"line":172,"column":1}},{"start":{"line":172,"column":1},"end":{"line":172,"column":1}}]}}}}