TN:
SF:src/core/i18n.js
FN:1,(anonymous_1)
FN:6,(anonymous_2)
FN:18,(anonymous_3)
FN:27,(anonymous_4)
FN:36,(anonymous_5)
FN:45,(anonymous_6)
FN:78,(anonymous_7)
FN:89,(anonymous_8)
FN:97,(anonymous_9)
FN:111,(anonymous_10)
FN:120,(anonymous_11)
FN:123,(anonymous_12)
FN:130,(anonymous_13)
FN:135,(anonymous_14)
FN:136,(anonymous_15)
FN:146,(anonymous_16)
FN:155,(anonymous_17)
FN:178,(anonymous_18)
FN:222,(anonymous_19)
FN:237,(anonymous_20)
FN:240,(anonymous_21)
FN:243,(anonymous_22)
FN:246,(anonymous_23)
FN:249,(anonymous_24)
FN:252,(anonymous_25)
FN:255,(anonymous_26)
FN:269,(anonymous_27)
FN:321,(anonymous_28)
FN:352,(anonymous_29)
FN:355,(anonymous_30)
FN:358,(anonymous_31)
FN:381,(anonymous_32)
FN:408,(anonymous_33)
FN:411,(anonymous_34)
FNF:34
FNH:32
FNDA:1,(anonymous_1)
FNDA:28001,(anonymous_2)
FNDA:480,(anonymous_3)
FNDA:320,(anonymous_4)
FNDA:960,(anonymous_5)
FNDA:1939,(anonymous_6)
FNDA:7360,(anonymous_7)
FNDA:160,(anonymous_8)
FNDA:1601,(anonymous_9)
FNDA:1,(anonymous_10)
FNDA:0,(anonymous_11)
FNDA:1,(anonymous_12)
FNDA:1,(anonymous_13)
FNDA:1,(anonymous_14)
FNDA:1,(anonymous_15)
FNDA:160,(anonymous_16)
FNDA:160,(anonymous_17)
FNDA:160,(anonymous_18)
FNDA:160,(anonymous_19)
FNDA:160,(anonymous_20)
FNDA:160,(anonymous_21)
FNDA:160,(anonymous_22)
FNDA:160,(anonymous_23)
FNDA:160,(anonymous_24)
FNDA:160,(anonymous_25)
FNDA:160,(anonymous_26)
FNDA:160,(anonymous_27)
FNDA:160,(anonymous_28)
FNDA:321,(anonymous_29)
FNDA:637,(anonymous_30)
FNDA:159,(anonymous_31)
FNDA:1,(anonymous_32)
FNDA:0,(anonymous_33)
FNDA:2,(anonymous_34)
DA:1,1
DA:2,1
DA:3,1
DA:4,1
DA:5,1
DA:7,28001
DA:8,28001
DA:9,26062
DA:11,1939
DA:13,28001
DA:14,7360
DA:16,28001
DA:19,480
DA:20,480
DA:21,10240
DA:22,10240
DA:25,480
DA:28,320
DA:29,320
DA:30,9120
DA:31,9120
DA:34,320
DA:37,960
DA:38,960
DA:39,8320
DA:40,8320
DA:43,960
DA:46,1939
DA:47,1939
DA:49,3
DA:50,3
DA:52,3
DA:53,3
DA:55,3
DA:56,3
DA:58,3
DA:59,3
DA:61,160
DA:62,160
DA:64,1767
DA:65,1767
DA:66,1767
DA:67,1767
DA:69,214
DA:70,214
DA:71,214
DA:74,1767
DA:76,1939
DA:79,7360
DA:80,7360
DA:81,6123
DA:83,1237
DA:85,7360
DA:89,1
DA:90,160
DA:91,1600
DA:92,1600
DA:97,1
DA:98,1601
DA:99,1601
DA:100,1601
DA:101,1280
DA:102,960
DA:104,320
DA:107,321
DA:111,1
DA:113,1
DA:114,1
DA:115,1
DA:116,1
DA:118,1
DA:119,1
DA:123,1
DA:124,1
DA:125,1
DA:126,1
DA:130,1
DA:131,1
DA:134,1
DA:136,1
DA:137,1
DA:138,1
DA:145,1
DA:147,160
DA:148,160
DA:149,1600
DA:150,1600
DA:153,160
DA:156,160
DA:176,160
DA:179,160
DA:220,160
DA:223,160
DA:224,160
DA:225,160
DA:226,6240
DA:227,6240
DA:230,160
DA:231,2880
DA:232,2880
DA:235,160
DA:238,160
DA:241,160
DA:244,160
DA:247,160
DA:250,160
DA:253,160
DA:256,160
DA:270,160
DA:321,1
DA:322,160
DA:333,160
DA:346,160
DA:347,160
DA:348,160
DA:351,1
DA:353,321
DA:356,637
DA:359,159
DA:360,159
DA:361,157
DA:362,157
DA:363,157
DA:364,157
DA:366,2
DA:367,2
DA:369,0
DA:370,0
DA:371,0
DA:372,0
DA:373,0
DA:376,0
DA:378,2
DA:380,1
DA:381,1
DA:382,1
DA:383,1
DA:384,1
DA:385,1
DA:386,1
DA:387,1
DA:388,1
DA:390,1
DA:391,1
DA:395,1
DA:396,1
DA:400,158
DA:401,158
DA:402,158
DA:404,158
DA:405,156
DA:409,0
DA:412,2
DA:415,1
LF:154
LH:147
BRDA:3,1,0,0
BRDA:3,1,1,1
BRDA:8,2,0,26062
BRDA:8,2,1,1939
BRDA:8,3,0,28001
BRDA:8,3,1,27824
BRDA:8,3,2,27475
BRDA:13,4,0,7360
BRDA:13,4,1,20641
BRDA:21,5,0,10240
BRDA:21,5,1,0
BRDA:30,6,0,9120
BRDA:30,6,1,0
BRDA:39,7,0,8320
BRDA:39,7,1,0
BRDA:47,8,0,3
BRDA:47,8,1,3
BRDA:47,8,2,3
BRDA:47,8,3,3
BRDA:47,8,4,160
BRDA:47,8,5,1767
BRDA:67,9,0,214
BRDA:67,9,1,1553
BRDA:67,10,0,1767
BRDA:67,10,1,214
BRDA:70,11,0,214
BRDA:70,11,1,0
BRDA:70,12,0,214
BRDA:70,12,1,36
BRDA:80,13,0,6123
BRDA:80,13,1,1237
BRDA:80,14,0,7360
BRDA:80,14,1,7314
BRDA:80,14,2,7222
BRDA:91,15,0,1600
BRDA:91,15,1,0
BRDA:98,16,0,0
BRDA:98,16,1,1601
BRDA:100,17,0,1280
BRDA:100,17,1,321
BRDA:101,18,0,960
BRDA:101,18,1,320
BRDA:114,19,0,1
BRDA:114,19,1,0
BRDA:124,20,0,1
BRDA:124,20,1,0
BRDA:124,21,0,1
BRDA:124,21,1,1
BRDA:124,21,2,0
BRDA:124,21,3,0
BRDA:137,22,0,1
BRDA:137,22,1,0
BRDA:149,23,0,1600
BRDA:149,23,1,0
BRDA:226,24,0,6240
BRDA:226,24,1,0
BRDA:231,25,0,2880
BRDA:231,25,1,0
BRDA:356,26,0,637
BRDA:356,26,1,9
BRDA:360,27,0,157
BRDA:360,27,1,2
BRDA:360,28,0,159
BRDA:360,28,1,158
BRDA:360,28,2,158
BRDA:360,28,3,157
BRDA:362,29,0,157
BRDA:362,29,1,0
BRDA:366,30,0,2
BRDA:366,30,1,0
BRDA:366,31,0,2
BRDA:366,31,1,1
BRDA:367,32,0,0
BRDA:367,32,1,2
BRDA:367,33,0,2
BRDA:367,33,1,0
BRDA:378,34,0,1
BRDA:378,34,1,1
BRDA:378,35,0,2
BRDA:378,35,1,2
BRDA:383,36,0,1
BRDA:383,36,1,0
BRDA:387,37,0,1
BRDA:387,37,1,0
BRDA:390,38,0,1
BRDA:390,38,1,0
BRDA:401,39,0,158
BRDA:401,39,1,0
BRDA:404,40,0,156
BRDA:404,40,1,2
BRDA:404,41,0,158
BRDA:404,41,1,157
BRF:92
BRH:69
end_of_record
TN:
SF:src/core/core.js
FN:1,(anonymous_1)
FN:4,(anonymous_2)
FN:16,(anonymous_3)
FN:17,(anonymous_4)
FN:22,(anonymous_5)
FN:35,now
FN:42,(anonymous_7)
FN:51,(anonymous_8)
FN:76,(anonymous_9)
FN:84,(anonymous_10)
FN:94,(anonymous_11)
FN:110,(anonymous_12)
FN:119,(anonymous_13)
FN:128,(anonymous_14)
FN:143,(anonymous_15)
FN:158,(anonymous_16)
FN:167,(anonymous_17)
FN:177,(anonymous_18)
FN:185,(anonymous_19)
FN:189,(anonymous_20)
FN:201,(anonymous_21)
FN:223,(anonymous_22)
FN:229,(anonymous_23)
FN:237,(anonymous_24)
FN:257,(anonymous_25)
FN:266,(anonymous_26)
FN:275,(anonymous_27)
FN:284,(anonymous_28)
FN:293,(anonymous_29)
FN:303,(anonymous_30)
FN:312,(anonymous_31)
FN:321,(anonymous_32)
FN:334,(anonymous_33)
FN:338,(anonymous_34)
FNF:34
FNH:31
FNDA:1,(anonymous_1)
FNDA:15,(anonymous_2)
FNDA:0,(anonymous_3)
FNDA:0,(anonymous_4)
FNDA:5,(anonymous_5)
FNDA:1,now
FNDA:4,(anonymous_7)
FNDA:3,(anonymous_8)
FNDA:2077,(anonymous_9)
FNDA:4,(anonymous_10)
FNDA:408,(anonymous_11)
FNDA:398,(anonymous_12)
FNDA:2,(anonymous_13)
FNDA:26,(anonymous_14)
FNDA:24,(anonymous_15)
FNDA:2,(anonymous_16)
FNDA:569,(anonymous_17)
FNDA:566,(anonymous_18)
FNDA:0,(anonymous_19)
FNDA:6,(anonymous_20)
FNDA:7,(anonymous_21)
FNDA:15,(anonymous_22)
FNDA:2,(anonymous_23)
FNDA:334,(anonymous_24)
FNDA:1,(anonymous_25)
FNDA:3,(anonymous_26)
FNDA:3,(anonymous_27)
FNDA:24,(anonymous_28)
FNDA:109,(anonymous_29)
FNDA:1,(anonymous_30)
FNDA:129,(anonymous_31)
FNDA:64,(anonymous_32)
FNDA:3,(anonymous_33)
FNDA:2,(anonymous_34)
DA:1,1
DA:2,1
DA:5,15
DA:6,15
DA:8,15
DA:11,1
DA:12,1
DA:15,0
DA:20,1
DA:22,1
DA:34,5
DA:35,1
DA:36,1
DA:38,4
DA:39,2
DA:42,5
DA:43,4
DA:44,3
DA:46,1
DA:50,5
DA:51,1
DA:52,3
DA:64,5
DA:65,2
DA:69,1
DA:76,1
DA:77,2077
DA:84,1
DA:85,4
DA:94,1
DA:95,408
DA:96,5
DA:97,403
DA:98,401
DA:100,2
DA:110,1
DA:111,398
DA:119,1
DA:120,2
DA:128,1
DA:129,26
DA:130,26
DA:131,105
DA:132,24
DA:135,2
DA:143,1
DA:144,24
DA:145,24
DA:146,163
DA:147,23
DA:150,1
DA:158,1
DA:159,2
DA:167,1
DA:168,569
DA:177,1
DA:178,566
DA:179,12
DA:180,12
DA:182,566
DA:185,1
DA:186,0
DA:189,1
DA:190,6
DA:191,6
DA:192,166
DA:193,166
DA:194,5
DA:198,1
DA:201,1
DA:202,7
DA:203,7
DA:204,7
DA:205,399
DA:206,8
DA:209,7
DA:210,1
DA:212,6
DA:213,5
DA:215,1
DA:216,2
DA:217,1
DA:223,1
DA:224,15
DA:225,15
DA:226,15
DA:229,1
DA:230,2
DA:231,2
DA:232,2
DA:233,2
DA:237,1
DA:238,334
DA:239,334
DA:240,1
DA:241,333
DA:242,1
DA:243,332
DA:247,28
DA:249,304
DA:257,1
DA:258,1
DA:266,1
DA:267,3
DA:275,1
DA:276,3
DA:284,1
DA:285,24
DA:293,1
DA:294,109
DA:295,109
DA:303,1
DA:304,1
DA:312,1
DA:313,129
DA:321,1
DA:332,64
DA:334,1
DA:335,3
DA:336,3
DA:338,1
DA:340,2
LF:122
LH:120
BRDA:5,1,0,15
BRDA:5,1,1,0
BRDA:11,2,0,1
BRDA:11,2,1,0
BRDA:11,3,0,1
BRDA:11,3,1,1
BRDA:11,3,2,1
BRDA:20,4,0,1
BRDA:20,4,1,0
BRDA:34,5,0,1
BRDA:34,5,1,4
BRDA:38,6,0,2
BRDA:38,6,1,2
BRDA:43,7,0,3
BRDA:43,7,1,1
BRDA:50,8,0,1
BRDA:50,8,1,4
BRDA:64,9,0,2
BRDA:64,9,1,3
BRDA:95,10,0,5
BRDA:95,10,1,403
BRDA:95,11,0,408
BRDA:95,11,1,405
BRDA:97,12,0,401
BRDA:97,12,1,2
BRDA:97,13,0,403
BRDA:97,13,1,403
BRDA:98,14,0,4
BRDA:98,14,1,397
BRDA:98,15,0,4
BRDA:98,15,1,393
BRDA:131,16,0,24
BRDA:131,16,1,81
BRDA:131,17,0,105
BRDA:131,17,1,97
BRDA:131,17,2,88
BRDA:146,18,0,23
BRDA:146,18,1,140
BRDA:146,19,0,163
BRDA:146,19,1,151
BRDA:168,20,0,569
BRDA:168,20,1,29
BRDA:168,20,2,540
BRDA:178,21,0,12
BRDA:178,21,1,554
BRDA:178,22,0,566
BRDA:178,22,1,38
BRDA:182,23,0,28
BRDA:182,23,1,538
BRDA:190,24,0,1
BRDA:190,24,1,5
BRDA:190,25,0,6
BRDA:190,25,1,5
BRDA:192,26,0,166
BRDA:192,26,1,0
BRDA:193,27,0,5
BRDA:193,27,1,161
BRDA:203,28,0,0
BRDA:203,28,1,7
BRDA:205,29,0,8
BRDA:205,29,1,391
BRDA:209,30,0,1
BRDA:209,30,1,6
BRDA:212,31,0,5
BRDA:212,31,1,1
BRDA:212,32,0,6
BRDA:212,32,1,2
BRDA:216,33,0,1
BRDA:216,33,1,1
BRDA:224,34,0,15
BRDA:224,34,1,0
BRDA:230,35,0,2
BRDA:230,35,1,0
BRDA:238,36,0,334
BRDA:238,36,1,0
BRDA:239,37,0,1
BRDA:239,37,1,333
BRDA:241,38,0,1
BRDA:241,38,1,332
BRDA:243,39,0,28
BRDA:243,39,1,304
BRDA:243,40,0,332
BRDA:243,40,1,331
BRDA:294,41,0,0
BRDA:294,41,1,109
BRDA:294,42,0,109
BRDA:294,42,1,109
BRDA:294,42,2,109
BRDA:294,42,3,109
BRDA:340,43,0,2
BRDA:340,43,1,2
BRF:91
BRH:82
end_of_record
TN:
SF:src/core/core-prototypes.js
FN:1,(anonymous_1)
FN:4,(anonymous_2)
FN:11,(anonymous_3)
FN:13,(anonymous_4)
FN:38,(anonymous_5)
FN:50,(anonymous_6)
FN:62,(anonymous_7)
FN:71,(anonymous_8)
FN:80,(anonymous_9)
FN:90,(anonymous_10)
FN:99,(anonymous_11)
FN:108,(anonymous_12)
FN:123,(anonymous_13)
FN:132,(anonymous_14)
FN:143,(anonymous_15)
FN:153,(anonymous_16)
FN:163,(anonymous_17)
FN:173,(anonymous_18)
FN:184,(anonymous_19)
FN:217,(anonymous_20)
FN:228,(anonymous_21)
FN:237,(anonymous_22)
FN:250,(anonymous_23)
FN:266,(anonymous_24)
FN:314,(anonymous_25)
FN:349,(anonymous_26)
FN:358,(anonymous_27)
FN:370,(anonymous_28)
FN:375,(anonymous_29)
FN:379,(anonymous_30)
FN:389,(anonymous_31)
FN:421,(anonymous_32)
FN:422,(anonymous_33)
FN:445,(anonymous_34)
FN:453,(anonymous_35)
FN:461,(anonymous_36)
FN:465,(anonymous_37)
FN:470,(anonymous_38)
FN:478,(anonymous_39)
FN:486,(anonymous_40)
FN:494,(anonymous_41)
FN:510,(anonymous_42)
FN:526,(anonymous_43)
FN:562,(anonymous_44)
FN:570,(anonymous_45)
FN:631,(anonymous_46)
FN:647,(anonymous_47)
FN:677,(anonymous_48)
FN:678,(anonymous_49)
FN:755,(anonymous_50)
FNF:50
FNH:50
FNDA:1,(anonymous_1)
FNDA:4327,(anonymous_2)
FNDA:140,(anonymous_3)
FNDA:300,(anonymous_4)
FNDA:2083,(anonymous_5)
FNDA:3,(anonymous_6)
FNDA:25,(anonymous_7)
FNDA:408,(anonymous_8)
FNDA:398,(anonymous_9)
FNDA:1,(anonymous_10)
FNDA:2,(anonymous_11)
FNDA:2,(anonymous_12)
FNDA:2,(anonymous_13)
FNDA:127,(anonymous_14)
FNDA:42,(anonymous_15)
FNDA:46,(anonymous_16)
FNDA:37,(anonymous_17)
FNDA:1839,(anonymous_18)
FNDA:14,(anonymous_19)
FNDA:55,(anonymous_20)
FNDA:403,(anonymous_21)
FNDA:1,(anonymous_22)
FNDA:183,(anonymous_23)
FNDA:478,(anonymous_24)
FNDA:86,(anonymous_25)
FNDA:2,(anonymous_26)
FNDA:3,(anonymous_27)
FNDA:1,(anonymous_28)
FNDA:14,(anonymous_29)
FNDA:1,(anonymous_30)
FNDA:15,(anonymous_31)
FNDA:2,(anonymous_32)
FNDA:1183,(anonymous_33)
FNDA:1,(anonymous_34)
FNDA:1,(anonymous_35)
FNDA:1,(anonymous_36)
FNDA:5,(anonymous_37)
FNDA:1,(anonymous_38)
FNDA:3,(anonymous_39)
FNDA:7,(anonymous_40)
FNDA:3,(anonymous_41)
FNDA:19,(anonymous_42)
FNDA:140,(anonymous_43)
FNDA:11,(anonymous_44)
FNDA:10,(anonymous_45)
FNDA:7,(anonymous_46)
FNDA:1466,(anonymous_47)
FNDA:1494,(anonymous_48)
FNDA:4434,(anonymous_49)
FNDA:2950,(anonymous_50)
DA:1,1
DA:2,1
DA:5,4327
DA:6,2871
DA:8,4327
DA:11,1
DA:12,140
DA:13,140
DA:14,300
DA:15,109
DA:16,109
DA:17,109
DA:19,191
DA:22,140
DA:23,505
DA:24,505
DA:26,505
DA:27,295
DA:31,139
DA:38,1
DA:39,2083
DA:40,2083
DA:41,2083
DA:42,2083
DA:43,2083
DA:50,1
DA:51,3
DA:52,3
DA:53,3
DA:54,3
DA:55,3
DA:56,3
DA:62,1
DA:63,25
DA:71,1
DA:72,408
DA:80,1
DA:81,398
DA:90,1
DA:91,1
DA:99,1
DA:100,2
DA:108,1
DA:109,2
DA:123,1
DA:124,2
DA:132,1
DA:133,127
DA:134,127
DA:135,127
DA:143,1
DA:144,42
DA:145,42
DA:153,1
DA:154,46
DA:155,46
DA:163,1
DA:164,37
DA:165,37
DA:173,1
DA:174,1839
DA:175,1833
DA:176,1833
DA:184,1
DA:185,14
DA:186,12
DA:187,12
DA:188,12
DA:189,4
DA:190,2
DA:191,2
DA:192,2
DA:196,12
DA:197,5
DA:198,11
DA:199,11
DA:200,11
DA:201,5
DA:204,5
DA:205,7
DA:206,2
DA:209,7
DA:217,1
DA:218,55
DA:219,54
DA:228,1
DA:229,403
DA:230,393
DA:231,393
DA:232,393
DA:233,393
DA:234,393
DA:237,1
DA:238,1
DA:242,1
DA:250,1
DA:251,183
DA:252,174
DA:266,1
DA:267,478
DA:268,53
DA:269,53
DA:272,425
DA:274,425
DA:277,0
DA:278,0
DA:281,425
DA:282,1
DA:284,425
DA:285,31
DA:287,425
DA:288,31
DA:290,425
DA:291,31
DA:293,425
DA:294,1
DA:296,425
DA:297,109
DA:299,425
DA:300,109
DA:302,425
DA:303,119
DA:305,425
DA:314,1
DA:316,86
DA:317,86
DA:318,2
DA:319,2
DA:321,84
DA:325,86
DA:329,86
DA:331,86
DA:334,86
DA:336,86
DA:337,86
DA:341,86
DA:349,1
DA:350,2
DA:358,1
DA:359,3
DA:360,1
DA:361,0
DA:363,1
DA:366,2
DA:370,1
DA:371,1
DA:372,1
DA:375,1
DA:376,14
DA:379,1
DA:380,1
DA:389,1
DA:390,15
DA:391,5
DA:392,2
DA:393,2
DA:394,2
DA:396,3
DA:397,2
DA:398,2
DA:399,1
DA:402,1
DA:404,4
DA:406,10
DA:407,10
DA:408,8
DA:410,2
DA:411,2
DA:412,2
DA:413,1
DA:415,2
DA:417,8
DA:421,1
DA:422,2
DA:423,1183
DA:424,1183
DA:433,1
DA:440,1
DA:445,1
DA:446,1
DA:447,1
DA:453,1
DA:454,1
DA:461,1
DA:462,1
DA:465,1
DA:466,5
DA:467,5
DA:470,1
DA:471,1
DA:478,1
DA:479,3
DA:486,1
DA:487,7
DA:494,1
DA:495,3
DA:496,3
DA:497,2
DA:498,2
DA:500,1
DA:501,1
DA:510,1
DA:511,19
DA:526,1
DA:527,140
DA:528,139
DA:529,139
DA:530,295
DA:531,295
DA:532,295
DA:533,295
DA:534,201
DA:536,295
DA:537,295
DA:538,295
DA:539,90
DA:540,205
DA:541,62
DA:543,295
DA:544,158
DA:545,137
DA:546,28
DA:551,139
DA:552,109
DA:555,139
DA:562,1
DA:563,11
DA:570,1
DA:571,10
DA:631,1
DA:632,7
DA:636,1
DA:639,1
DA:642,1
DA:644,4
DA:647,1
DA:648,1466
DA:649,1466
DA:651,1446
DA:653,1
DA:655,1
DA:657,1
DA:660,2
DA:661,2
DA:663,1
DA:665,1
DA:667,1
DA:669,1
DA:670,1
DA:672,1
DA:674,10
DA:677,1
DA:678,1494
DA:679,4434
DA:680,3
DA:682,4431
DA:684,2
DA:686,4
DA:688,5
DA:690,1
DA:692,11
DA:694,1
DA:696,7
DA:698,1
DA:700,1456
DA:702,2
DA:704,0
DA:707,3
DA:709,3
DA:711,1424
DA:713,35
DA:715,5
DA:717,3
DA:719,1418
DA:721,33
DA:723,1
DA:725,5
DA:727,6
DA:729,2
DA:731,1
DA:733,1
DA:735,1
DA:737,0
DA:740,0
DA:742,0
DA:744,0
DA:746,0
DA:749,0
DA:751,0
DA:755,1
DA:759,2950
DA:760,1466
DA:761,1466
DA:762,1456
DA:765,1494
DA:766,1494
LF:296
LH:285
BRDA:5,1,0,2871
BRDA:5,1,1,1456
BRDA:14,2,0,109
BRDA:14,2,1,191
BRDA:15,3,0,86
BRDA:15,3,1,23
BRDA:16,4,0,60
BRDA:16,4,1,49
BRDA:23,5,0,505
BRDA:23,5,1,0
BRDA:26,6,0,295
BRDA:26,6,1,209
BRDA:26,7,0,505
BRDA:26,7,1,301
BRDA:26,7,2,300
BRDA:81,8,0,398
BRDA:81,8,1,0
BRDA:91,9,0,1
BRDA:91,9,1,1
BRDA:100,10,0,2
BRDA:100,10,1,0
BRDA:109,11,0,2
BRDA:109,11,1,0
BRDA:124,12,0,2
BRDA:124,12,1,1
BRDA:133,13,0,0
BRDA:133,13,1,127
BRDA:144,14,0,0
BRDA:144,14,1,42
BRDA:154,15,0,0
BRDA:154,15,1,46
BRDA:164,16,0,0
BRDA:164,16,1,37
BRDA:174,17,0,6
BRDA:174,17,1,1833
BRDA:185,18,0,2
BRDA:185,18,1,12
BRDA:188,19,0,4
BRDA:188,19,1,8
BRDA:188,20,0,12
BRDA:188,20,1,9
BRDA:189,21,0,2
BRDA:189,21,1,2
BRDA:196,22,0,5
BRDA:196,22,1,7
BRDA:200,23,0,5
BRDA:200,23,1,6
BRDA:200,24,0,11
BRDA:200,24,1,9
BRDA:205,25,0,2
BRDA:205,25,1,5
BRDA:205,26,0,7
BRDA:205,26,1,7
BRDA:218,27,0,1
BRDA:218,27,1,54
BRDA:229,28,0,10
BRDA:229,28,1,393
BRDA:238,29,0,0
BRDA:238,29,1,1
BRDA:251,30,0,9
BRDA:251,30,1,174
BRDA:267,31,0,53
BRDA:267,31,1,425
BRDA:274,32,0,0
BRDA:274,32,1,425
BRDA:277,33,0,0
BRDA:277,33,1,0
BRDA:281,34,0,1
BRDA:281,34,1,424
BRDA:284,35,0,31
BRDA:284,35,1,394
BRDA:287,36,0,31
BRDA:287,36,1,394
BRDA:290,37,0,31
BRDA:290,37,1,394
BRDA:293,38,0,1
BRDA:293,38,1,424
BRDA:296,39,0,109
BRDA:296,39,1,316
BRDA:299,40,0,109
BRDA:299,40,1,316
BRDA:302,41,0,119
BRDA:302,41,1,306
BRDA:317,42,0,2
BRDA:317,42,1,84
BRDA:336,43,0,86
BRDA:336,43,1,0
BRDA:359,44,0,1
BRDA:359,44,1,2
BRDA:360,45,0,0
BRDA:360,45,1,1
BRDA:361,46,0,0
BRDA:361,46,1,0
BRDA:366,47,0,1
BRDA:366,47,1,1
BRDA:390,48,0,5
BRDA:390,48,1,10
BRDA:391,49,0,2
BRDA:391,49,1,3
BRDA:393,50,0,2
BRDA:393,50,1,0
BRDA:396,51,0,2
BRDA:396,51,1,1
BRDA:398,52,0,1
BRDA:398,52,1,1
BRDA:407,53,0,8
BRDA:407,53,1,2
BRDA:410,54,0,2
BRDA:410,54,1,0
BRDA:412,55,0,1
BRDA:412,55,1,1
BRDA:423,56,0,1183
BRDA:423,56,1,1
BRDA:424,57,0,168
BRDA:424,57,1,1015
BRDA:424,58,0,168
BRDA:424,58,1,0
BRDA:467,59,0,5
BRDA:467,59,1,0
BRDA:467,60,0,5
BRDA:467,60,1,1
BRDA:495,61,0,3
BRDA:495,61,1,1
BRDA:496,62,0,2
BRDA:496,62,1,1
BRDA:511,63,0,19
BRDA:511,63,1,0
BRDA:530,64,0,295
BRDA:530,64,1,0
BRDA:533,65,0,201
BRDA:533,65,1,94
BRDA:533,66,0,295
BRDA:533,66,1,294
BRDA:533,66,2,204
BRDA:533,66,3,203
BRDA:538,67,0,90
BRDA:538,67,1,205
BRDA:540,68,0,62
BRDA:540,68,1,143
BRDA:543,69,0,158
BRDA:543,69,1,137
BRDA:543,70,0,295
BRDA:543,70,1,186
BRDA:543,70,2,185
BRDA:543,70,3,183
BRDA:543,70,4,182
BRDA:545,71,0,28
BRDA:545,71,1,109
BRDA:545,72,0,137
BRDA:545,72,1,136
BRDA:545,72,2,134
BRDA:545,72,3,133
BRDA:551,73,0,109
BRDA:551,73,1,30
BRDA:632,74,0,1
BRDA:632,74,1,1
BRDA:632,74,2,1
BRDA:632,74,3,1
BRDA:632,74,4,1
BRDA:632,74,5,1
BRDA:632,74,6,1
BRDA:632,74,7,4
BRDA:649,75,0,1446
BRDA:649,75,1,1
BRDA:649,75,2,1
BRDA:649,75,3,1
BRDA:649,75,4,1
BRDA:649,75,5,2
BRDA:649,75,6,1
BRDA:649,75,7,1
BRDA:649,75,8,1
BRDA:649,75,9,1
BRDA:649,75,10,1
BRDA:649,75,11,10
BRDA:679,76,0,3
BRDA:679,76,1,4431
BRDA:682,77,0,2
BRDA:682,77,1,4
BRDA:682,77,2,5
BRDA:682,77,3,1
BRDA:682,77,4,11
BRDA:682,77,5,1
BRDA:682,77,6,7
BRDA:682,77,7,1
BRDA:682,77,8,1456
BRDA:682,77,9,2
BRDA:682,77,10,0
BRDA:682,77,11,0
BRDA:682,77,12,3
BRDA:682,77,13,3
BRDA:682,77,14,1424
BRDA:682,77,15,35
BRDA:682,77,16,5
BRDA:682,77,17,3
BRDA:682,77,18,1418
BRDA:682,77,19,33
BRDA:682,77,20,1
BRDA:682,77,21,5
BRDA:682,77,22,6
BRDA:682,77,23,2
BRDA:682,77,24,1
BRDA:682,77,25,1
BRDA:682,77,26,1
BRDA:682,77,27,0
BRDA:682,77,28,0
BRDA:682,77,29,0
BRDA:682,77,30,0
BRDA:682,77,31,0
BRDA:682,77,32,0
BRDA:682,77,33,0
BRDA:682,77,34,0
BRDA:684,78,0,2
BRDA:684,78,1,0
BRDA:684,79,0,2
BRDA:684,79,1,0
BRDA:686,80,0,4
BRDA:686,80,1,0
BRDA:686,81,0,4
BRDA:686,81,1,0
BRDA:723,82,0,1
BRDA:723,82,1,0
BRDA:725,83,0,5
BRDA:725,83,1,0
BRDA:746,84,0,0
BRDA:746,84,1,0
BRDA:759,85,0,1466
BRDA:759,85,1,1484
BRDA:759,86,0,2950
BRDA:759,86,1,2950
BRDA:759,86,2,2936
BRDA:761,87,0,1456
BRDA:761,87,1,10
BRDA:766,88,0,1480
BRDA:766,88,1,14
BRF:234
BRH:194
end_of_record
TN:
SF:src/core/sugarpak.js
FN:5,(anonymous_1)
FN:39,(anonymous_2)
FN:58,(anonymous_3)
FN:75,(anonymous_4)
FN:94,(anonymous_5)
FN:110,(anonymous_6)
FN:150,(anonymous_7)
FN:168,(anonymous_8)
FN:181,(anonymous_9)
FN:203,(anonymous_10)
FN:224,(anonymous_11)
FN:243,(anonymous_12)
FN:264,(anonymous_13)
FN:296,(anonymous_14)
FN:320,(anonymous_15)
FN:327,(anonymous_16)
FN:328,(anonymous_17)
FN:366,(anonymous_18)
FN:367,(anonymous_19)
FN:379,(anonymous_20)
FN:380,(anonymous_21)
FN:389,(anonymous_22)
FN:390,(anonymous_23)
FN:395,(anonymous_24)
FN:411,(anonymous_25)
FN:412,(anonymous_26)
FN:451,(anonymous_27)
FN:452,(anonymous_28)
FN:471,(anonymous_29)
FN:472,(anonymous_30)
FNF:30
FNH:30
FNDA:1,(anonymous_1)
FNDA:24,(anonymous_2)
FNDA:7,(anonymous_3)
FNDA:1137,(anonymous_4)
FNDA:7,(anonymous_5)
FNDA:34,(anonymous_6)
FNDA:5,(anonymous_7)
FNDA:3,(anonymous_8)
FNDA:13,(anonymous_9)
FNDA:3,(anonymous_10)
FNDA:1,(anonymous_11)
FNDA:1,(anonymous_12)
FNDA:1,(anonymous_13)
FNDA:10,(anonymous_14)
FNDA:1,(anonymous_15)
FNDA:8,(anonymous_16)
FNDA:1179,(anonymous_17)
FNDA:7,(anonymous_18)
FNDA:8,(anonymous_19)
FNDA:12,(anonymous_20)
FNDA:17,(anonymous_21)
FNDA:12,(anonymous_22)
FNDA:12,(anonymous_23)
FNDA:2,(anonymous_24)
FNDA:10,(anonymous_25)
FNDA:59,(anonymous_26)
FNDA:9,(anonymous_27)
FNDA:2,(anonymous_28)
FNDA:6,(anonymous_29)
FNDA:5,(anonymous_30)
DA:5,1
DA:6,1
DA:9,1
DA:12,1
DA:15,1
DA:18,1
DA:21,1
DA:24,1
DA:39,1
DA:40,24
DA:41,24
DA:42,24
DA:58,1
DA:59,7
DA:75,1
DA:76,1137
DA:77,1137
DA:78,1137
DA:94,1
DA:95,7
DA:110,1
DA:111,34
DA:112,34
DA:150,1
DA:151,5
DA:152,5
DA:153,5
DA:168,1
DA:169,3
DA:181,1
DA:182,13
DA:183,1
DA:185,12
DA:186,4
DA:188,8
DA:189,7
DA:190,7
DA:192,1
DA:203,1
DA:204,3
DA:205,2
DA:206,2
DA:208,1
DA:224,1
DA:225,1
DA:243,1
DA:244,1
DA:245,1
DA:246,1
DA:264,1
DA:265,1
DA:267,1
DA:268,1
DA:273,1
DA:296,1
DA:297,10
DA:298,10
DA:299,100
DA:300,90
DA:303,10
DA:320,1
DA:321,1
DA:322,1
DA:327,1
DA:328,8
DA:329,1179
DA:330,20
DA:331,20
DA:333,1159
DA:334,1159
DA:347,4
DA:348,3
DA:351,4
DA:353,4
DA:354,4
DA:355,4
DA:356,4
DA:357,4
DA:358,1
DA:360,3
DA:362,1155
DA:366,1
DA:367,7
DA:368,8
DA:369,8
DA:370,0
DA:372,8
DA:379,1
DA:380,12
DA:381,17
DA:382,2
DA:383,2
DA:385,15
DA:389,1
DA:390,12
DA:391,12
DA:395,1
DA:396,2
DA:398,19
DA:400,19
DA:402,19
DA:407,1
DA:408,1
DA:411,1
DA:412,10
DA:415,59
DA:416,0
DA:417,0
DA:420,59
DA:421,5
DA:422,5
DA:428,5
DA:430,5
DA:431,31
DA:432,31
DA:433,1
DA:435,30
DA:436,4
DA:439,4
DA:442,54
DA:443,7
DA:445,54
DA:446,54
DA:451,1
DA:452,9
DA:453,2
DA:454,2
DA:458,1
DA:459,10
DA:460,10
DA:462,9
DA:465,9
DA:469,1
DA:471,1
DA:472,6
DA:473,5
DA:474,0
DA:476,5
DA:477,0
DA:479,5
DA:482,5
DA:483,4
DA:484,4
DA:486,1
DA:490,1
DA:491,6
LF:146
LH:141
BRDA:182,1,0,1
BRDA:182,1,1,12
BRDA:185,2,0,4
BRDA:185,2,1,8
BRDA:188,3,0,7
BRDA:188,3,1,1
BRDA:190,4,0,7
BRDA:190,4,1,7
BRDA:204,5,0,2
BRDA:204,5,1,1
BRDA:206,6,0,2
BRDA:206,6,1,2
BRDA:225,7,0,1
BRDA:225,7,1,0
BRDA:246,8,0,1
BRDA:246,8,1,0
BRDA:266,9,0,0
BRDA:266,9,1,1
BRDA:268,10,0,1
BRDA:268,10,1,0
BRDA:299,11,0,90
BRDA:299,11,1,10
BRDA:329,12,0,20
BRDA:329,12,1,1159
BRDA:333,13,0,1155
BRDA:333,13,1,4
BRDA:334,14,0,4
BRDA:334,14,1,1155
BRDA:347,15,0,3
BRDA:347,15,1,1
BRDA:357,16,0,1
BRDA:357,16,1,3
BRDA:369,17,0,0
BRDA:369,17,1,8
BRDA:369,18,0,8
BRDA:369,18,1,0
BRDA:369,18,2,0
BRDA:381,19,0,2
BRDA:381,19,1,15
BRDA:415,20,0,0
BRDA:415,20,1,59
BRDA:420,21,0,5
BRDA:420,21,1,54
BRDA:423,22,0,5
BRDA:423,22,1,3
BRDA:428,23,0,5
BRDA:428,23,1,0
BRDA:432,24,0,1
BRDA:432,24,1,30
BRDA:435,25,0,4
BRDA:435,25,1,26
BRDA:442,26,0,7
BRDA:442,26,1,47
BRDA:445,27,0,2
BRDA:445,27,1,52
BRDA:460,28,0,9
BRDA:460,28,1,1
BRDA:473,29,0,0
BRDA:473,29,1,5
BRDA:476,30,0,0
BRDA:476,30,1,5
BRDA:476,31,0,5
BRDA:476,31,1,5
BRDA:482,32,0,4
BRDA:482,32,1,1
BRDA:482,33,0,5
BRDA:482,33,1,4
BRDA:482,33,2,0
BRDA:491,34,0,1
BRDA:491,34,1,5
BRF:70
BRH:58
end_of_record
TN:
SF:src/core/format_parser.js
FN:1,(anonymous_1)
FN:4,(anonymous_2)
FN:14,(anonymous_3)
FN:19,(anonymous_4)
FN:34,(anonymous_5)
FN:43,(anonymous_6)
FN:57,(anonymous_7)
FN:72,(anonymous_8)
FN:85,(anonymous_9)
FN:99,(anonymous_10)
FN:117,(anonymous_11)
FN:137,(anonymous_12)
FN:140,(anonymous_13)
FN:144,(anonymous_14)
FN:147,(anonymous_15)
FN:150,(anonymous_16)
FN:171,(anonymous_17)
FN:180,(anonymous_18)
FN:183,(anonymous_19)
FN:191,(anonymous_20)
FN:205,(anonymous_21)
FN:227,(anonymous_22)
FN:243,(anonymous_23)
FN:245,(anonymous_24)
FN:279,(anonymous_25)
FN:293,(anonymous_26)
FN:316,(anonymous_27)
FN:329,(anonymous_28)
FN:336,(anonymous_29)
FN:340,(anonymous_30)
FN:341,(anonymous_31)
FN:345,(anonymous_32)
FN:349,(anonymous_33)
FN:355,(anonymous_34)
FNF:34
FNH:32
FNDA:1,(anonymous_1)
FNDA:38767,(anonymous_2)
FNDA:84,(anonymous_3)
FNDA:522,(anonymous_4)
FNDA:17,(anonymous_5)
FNDA:31,(anonymous_6)
FNDA:21,(anonymous_7)
FNDA:84,(anonymous_8)
FNDA:960,(anonymous_9)
FNDA:80,(anonymous_10)
FNDA:80,(anonymous_11)
FNDA:48,(anonymous_12)
FNDA:17,(anonymous_13)
FNDA:52,(anonymous_14)
FNDA:40,(anonymous_15)
FNDA:29,(anonymous_16)
FNDA:160,(anonymous_17)
FNDA:1120,(anonymous_18)
FNDA:1440,(anonymous_19)
FNDA:160,(anonymous_20)
FNDA:84,(anonymous_21)
FNDA:446,(anonymous_22)
FNDA:561,(anonymous_23)
FNDA:367,(anonymous_24)
FNDA:160,(anonymous_25)
FNDA:160,(anonymous_26)
FNDA:160,(anonymous_27)
FNDA:160,(anonymous_28)
FNDA:4,(anonymous_29)
FNDA:0,(anonymous_30)
FNDA:0,(anonymous_31)
FNDA:160,(anonymous_32)
FNDA:522,(anonymous_33)
FNDA:522,(anonymous_34)
DA:1,1
DA:3,1
DA:5,38767
DA:8,1
DA:9,1
DA:14,1
DA:15,84
DA:18,1
DA:20,522
DA:21,522
DA:22,13572
DA:23,13572
DA:24,13572
DA:27,13572
DA:29,13572
DA:32,522
DA:35,17
DA:36,17
DA:37,17
DA:38,17
DA:39,17
DA:40,17
DA:41,17
DA:44,31
DA:45,17
DA:47,31
DA:48,403
DA:49,31
DA:50,31
DA:52,372
DA:55,31
DA:58,21
DA:59,21
DA:61,16
DA:63,5
DA:64,5
DA:65,2
DA:67,5
DA:69,21
DA:70,21
DA:73,84
DA:74,84
DA:75,84
DA:76,84
DA:77,84
DA:78,84
DA:80,53
DA:81,53
DA:83,84
DA:86,960
DA:87,960
DA:88,400
DA:89,240
DA:91,160
DA:93,560
DA:94,400
DA:96,160
DA:100,80
DA:101,80
DA:102,1200
DA:103,1200
DA:106,80
DA:107,8
DA:108,8
DA:109,4
DA:110,4
DA:111,4
DA:113,8
DA:115,80
DA:118,80
DA:138,48
DA:141,17
DA:142,17
DA:145,52
DA:148,40
DA:151,29
DA:169,80
DA:172,160
DA:173,160
DA:174,160
DA:175,160
DA:176,1440
DA:178,160
DA:181,1120
DA:184,1440
DA:185,320
DA:186,1120
DA:187,1120
DA:192,160
DA:193,160
DA:194,160
DA:195,1440
DA:196,1120
DA:198,320
DA:201,160
DA:205,1
DA:206,84
DA:208,84
DA:209,84
DA:211,84
DA:212,31
DA:214,53
DA:217,84
DA:219,84
DA:220,21
DA:222,84
DA:225,1
DA:228,446
DA:229,446
DA:230,366
DA:233,80
DA:235,80
DA:236,0
DA:238,80
DA:242,1
DA:243,561
DA:246,367
DA:249,367
DA:251,361
DA:253,6
DA:254,1
DA:255,1
DA:257,5
DA:258,5
DA:259,1
DA:261,4
DA:262,12
DA:264,4
DA:265,4
DA:267,4
DA:268,4
DA:270,4
DA:271,4
DA:274,4
DA:278,1
DA:280,160
DA:281,160
DA:294,160
DA:295,160
DA:317,160
DA:330,160
DA:331,160
DA:332,160
DA:334,160
DA:337,4
DA:338,4
DA:340,0
DA:341,0
DA:346,160
DA:347,160
DA:350,522
DA:351,1566
DA:353,522
DA:356,522
DA:357,522
DA:359,522
DA:360,522
DA:361,522
DA:367,0
DA:368,0
DA:373,522
DA:376,1
LF:162
LH:157
BRDA:15,1,0,84
BRDA:15,1,1,2
BRDA:15,1,2,82
BRDA:22,2,0,13572
BRDA:22,2,1,0
BRDA:24,3,0,0
BRDA:24,3,1,13572
BRDA:27,4,0,13050
BRDA:27,4,1,522
BRDA:36,5,0,0
BRDA:36,5,1,17
BRDA:36,6,0,17
BRDA:36,6,1,0
BRDA:38,7,0,1
BRDA:38,7,1,16
BRDA:40,8,0,0
BRDA:40,8,1,17
BRDA:44,9,0,17
BRDA:44,9,1,14
BRDA:48,10,0,31
BRDA:48,10,1,372
BRDA:48,11,0,403
BRDA:48,11,1,403
BRDA:49,12,0,0
BRDA:49,12,1,31
BRDA:59,13,0,16
BRDA:59,13,1,5
BRDA:59,14,0,21
BRDA:59,14,1,6
BRDA:59,14,2,1
BRDA:63,15,0,5
BRDA:63,15,1,5
BRDA:64,16,0,2
BRDA:64,16,1,3
BRDA:73,17,0,84
BRDA:73,17,1,1
BRDA:74,18,0,84
BRDA:74,18,1,21
BRDA:75,19,0,84
BRDA:75,19,1,29
BRDA:76,20,0,84
BRDA:76,20,1,41
BRDA:77,21,0,84
BRDA:77,21,1,55
BRDA:78,22,0,53
BRDA:78,22,1,31
BRDA:78,23,0,84
BRDA:78,23,1,34
BRDA:78,23,2,17
BRDA:80,24,0,53
BRDA:80,24,1,3
BRDA:81,25,0,53
BRDA:81,25,1,11
BRDA:87,26,0,400
BRDA:87,26,1,560
BRDA:88,27,0,240
BRDA:88,27,1,160
BRDA:89,28,0,121
BRDA:89,28,1,119
BRDA:91,29,0,65
BRDA:91,29,1,95
BRDA:93,30,0,400
BRDA:93,30,1,160
BRDA:94,31,0,214
BRDA:94,31,1,186
BRDA:96,32,0,9
BRDA:96,32,1,151
BRDA:96,33,0,160
BRDA:96,33,1,9
BRDA:102,34,0,1200
BRDA:102,34,1,0
BRDA:103,35,0,240
BRDA:103,35,1,960
BRDA:106,36,0,8
BRDA:106,36,1,72
BRDA:108,37,0,4
BRDA:108,37,1,4
BRDA:110,38,0,4
BRDA:110,38,1,0
BRDA:142,39,0,0
BRDA:142,39,1,17
BRDA:184,40,0,320
BRDA:184,40,1,1120
BRDA:186,41,0,1120
BRDA:186,41,1,0
BRDA:195,42,0,1120
BRDA:195,42,1,320
BRDA:209,43,0,2
BRDA:209,43,1,82
BRDA:211,44,0,31
BRDA:211,44,1,53
BRDA:211,45,0,84
BRDA:211,45,1,34
BRDA:211,45,2,17
BRDA:219,46,0,21
BRDA:219,46,1,63
BRDA:229,47,0,366
BRDA:229,47,1,80
BRDA:229,48,0,446
BRDA:229,48,1,80
BRDA:235,49,0,0
BRDA:235,49,1,80
BRDA:235,50,0,80
BRDA:235,50,1,80
BRDA:235,50,2,0
BRDA:235,50,3,0
BRDA:235,50,4,0
BRDA:235,50,5,0
BRDA:243,51,0,561
BRDA:243,51,1,76
BRDA:249,52,0,361
BRDA:249,52,1,6
BRDA:249,53,0,367
BRDA:249,53,1,6
BRDA:249,53,2,0
BRDA:253,54,0,1
BRDA:253,54,1,5
BRDA:258,55,0,1
BRDA:258,55,1,4
BRDA:258,56,0,5
BRDA:258,56,1,4
BRDA:262,57,0,4
BRDA:262,57,1,4
BRDA:262,57,2,4
BRDA:361,58,0,0
BRDA:361,58,1,522
BRDA:361,59,0,522
BRDA:361,59,1,156
BRDA:361,59,2,38
BRDA:361,59,3,0
BRDA:367,60,0,0
BRDA:367,60,1,0
BRF:132
BRH:112
end_of_record
TN:
SF:src/core/parsing_operators.js
FN:1,(anonymous_1)
FN:7,(anonymous_2)
FN:8,(anonymous_3)
FN:17,(anonymous_4)
FN:18,(anonymous_5)
FN:22,(anonymous_6)
FN:28,(anonymous_7)
FN:29,(anonymous_8)
FN:44,(anonymous_9)
FN:45,(anonymous_10)
FN:61,(anonymous_11)
FN:62,(anonymous_12)
FN:72,(anonymous_13)
FN:73,(anonymous_14)
FN:82,(anonymous_15)
FN:84,(anonymous_16)
FN:90,(anonymous_17)
FN:98,(anonymous_18)
FN:100,(anonymous_19)
FN:112,(anonymous_20)
FN:130,(anonymous_21)
FN:132,(anonymous_22)
FN:150,(anonymous_23)
FN:152,(anonymous_24)
FN:169,(anonymous_25)
FN:175,(anonymous_26)
FN:182,(anonymous_27)
FN:221,(anonymous_28)
FN:224,(anonymous_29)
FN:229,(anonymous_30)
FN:236,(anonymous_31)
FN:239,(anonymous_32)
FN:357,(anonymous_33)
FN:358,(anonymous_34)
FN:366,(anonymous_35)
FN:367,(anonymous_36)
FN:372,(anonymous_37)
FN:373,(anonymous_38)
FN:378,(anonymous_39)
FN:379,(anonymous_40)
FN:412,(anonymous_41)
FN:413,gen
FN:442,(anonymous_43)
FN:443,(anonymous_44)
FNF:44
FNH:31
FNDA:1,(anonymous_1)
FNDA:10780,(anonymous_2)
FNDA:25246,(anonymous_3)
FNDA:0,(anonymous_4)
FNDA:0,(anonymous_5)
FNDA:217,(anonymous_6)
FNDA:0,(anonymous_7)
FNDA:0,(anonymous_8)
FNDA:160,(anonymous_9)
FNDA:20,(anonymous_10)
FNDA:480,(anonymous_11)
FNDA:613,(anonymous_12)
FNDA:480,(anonymous_13)
FNDA:301,(anonymous_14)
FNDA:376,(anonymous_15)
FNDA:1089,(anonymous_16)
FNDA:0,(anonymous_17)
FNDA:4000,(anonymous_18)
FNDA:15158,(anonymous_19)
FNDA:15158,(anonymous_20)
FNDA:1601,(anonymous_21)
FNDA:5413,(anonymous_22)
FNDA:1140,(anonymous_23)
FNDA:13791,(anonymous_24)
FNDA:0,(anonymous_25)
FNDA:160,(anonymous_26)
FNDA:468,(anonymous_27)
FNDA:0,(anonymous_28)
FNDA:0,(anonymous_29)
FNDA:0,(anonymous_30)
FNDA:2315,(anonymous_31)
FNDA:2873,(anonymous_32)
FNDA:0,(anonymous_33)
FNDA:0,(anonymous_34)
FNDA:5440,(anonymous_35)
FNDA:16810,(anonymous_36)
FNDA:5300,(anonymous_37)
FNDA:18489,(anonymous_38)
FNDA:0,(anonymous_39)
FNDA:0,(anonymous_40)
FNDA:4,(anonymous_41)
FNDA:5336,gen
FNDA:3,(anonymous_43)
FNDA:2741,(anonymous_44)
DA:1,1
DA:2,1
DA:3,1
DA:8,10780
DA:9,25246
DA:10,25246
DA:11,3991
DA:13,21255
DA:18,0
DA:19,0
DA:23,217
DA:29,0
DA:30,0
DA:31,0
DA:32,0
DA:33,0
DA:35,0
DA:36,0
DA:37,0
DA:39,0
DA:41,0
DA:45,160
DA:46,20
DA:47,20
DA:48,147
DA:49,147
DA:51,0
DA:53,147
DA:54,147
DA:56,20
DA:62,480
DA:63,613
DA:64,613
DA:65,613
DA:67,613
DA:69,0
DA:73,480
DA:74,301
DA:75,301
DA:77,295
DA:79,6
DA:83,376
DA:85,1089
DA:86,1089
DA:87,39
DA:91,0
DA:93,0
DA:94,0
DA:96,0
DA:99,4000
DA:100,4000
DA:101,15158
DA:103,0
DA:104,0
DA:105,0
DA:106,0
DA:107,0
DA:112,4000
DA:113,15158
DA:114,15158
DA:115,15158
DA:117,5086
DA:119,15158
DA:120,15158
DA:121,15158
DA:122,14374
DA:124,784
DA:131,1601
DA:132,1601
DA:133,5413
DA:134,5413
DA:135,30652
DA:136,0
DA:138,30652
DA:139,30652
DA:141,28996
DA:143,30652
DA:144,1656
DA:147,3757
DA:151,1140
DA:152,1140
DA:153,13791
DA:154,13791
DA:155,15153
DA:156,0
DA:158,15153
DA:159,15153
DA:161,13291
DA:163,1862
DA:164,1862
DA:166,500
DA:170,0
DA:171,0
DA:176,160
DA:177,160
DA:179,160
DA:180,0
DA:182,160
DA:183,468
DA:184,468
DA:185,468
DA:186,469
DA:187,469
DA:189,458
DA:191,11
DA:192,11
DA:193,11
DA:195,10
DA:196,10
DA:198,1
DA:200,468
DA:201,458
DA:203,10
DA:204,0
DA:206,10
DA:207,0
DA:208,0
DA:210,0
DA:213,10
DA:222,0
DA:223,0
DA:224,0
DA:225,0
DA:226,0
DA:230,0
DA:231,0
DA:232,0
DA:237,2315
DA:238,2315
DA:239,2315
DA:242,2873
DA:244,2873
DA:248,6303
DA:249,6303
DA:250,6303
DA:251,6303
DA:254,6303
DA:255,6303
DA:257,3396
DA:261,2907
DA:267,2907
DA:268,1869
DA:269,1869
DA:271,514
DA:274,1038
DA:280,2907
DA:281,0
DA:288,2907
DA:291,1355
DA:292,1355
DA:293,7777
DA:294,6422
DA:301,1355
DA:305,1355
DA:310,1313
DA:311,1313
DA:320,2907
DA:321,2403
DA:325,2907
DA:326,2277
DA:335,2873
DA:336,508
DA:340,2365
DA:343,520
DA:344,520
DA:346,0
DA:350,520
DA:354,2365
DA:358,0
DA:359,0
DA:367,5440
DA:368,16810
DA:369,1170
DA:373,5300
DA:374,18489
DA:375,2652
DA:379,0
DA:380,0
DA:381,0
DA:382,0
DA:384,0
DA:412,1
DA:413,1
DA:414,5336
DA:415,5336
DA:416,0
DA:417,5336
DA:418,0
DA:420,5336
DA:421,0
DA:422,0
DA:423,0
DA:424,0
DA:425,0
DA:426,0
DA:429,5336
DA:433,4
DA:436,1
DA:438,1
DA:439,4
DA:442,1
DA:443,3
DA:444,2741
DA:445,0
DA:447,2741
DA:452,1
DA:454,1
DA:455,3
LF:208
LH:150
BRDA:10,1,0,3991
BRDA:10,1,1,21255
BRDA:83,2,0,376
BRDA:83,2,1,0
BRDA:99,3,0,4000
BRDA:99,3,1,4000
BRDA:101,4,0,0
BRDA:101,4,1,15158
BRDA:105,5,0,0
BRDA:105,5,1,0
BRDA:115,6,0,15158
BRDA:115,6,1,5426
BRDA:121,7,0,14374
BRDA:121,7,1,784
BRDA:135,8,0,0
BRDA:135,8,1,30652
BRDA:143,9,0,1656
BRDA:143,9,1,28996
BRDA:155,10,0,0
BRDA:155,10,1,15153
BRDA:176,11,0,160
BRDA:176,11,1,0
BRDA:177,12,0,160
BRDA:177,12,1,160
BRDA:179,13,0,0
BRDA:179,13,1,160
BRDA:200,14,0,458
BRDA:200,14,1,10
BRDA:203,15,0,0
BRDA:203,15,1,10
BRDA:206,16,0,0
BRDA:206,16,1,10
BRDA:213,17,0,10
BRDA:213,17,1,0
BRDA:222,18,0,0
BRDA:222,18,1,0
BRDA:230,19,0,0
BRDA:230,19,1,0
BRDA:231,20,0,0
BRDA:231,20,1,0
BRDA:232,21,0,0
BRDA:232,21,1,0
BRDA:237,22,0,2315
BRDA:237,22,1,320
BRDA:238,23,0,2315
BRDA:238,23,1,2155
BRDA:267,24,0,1869
BRDA:267,24,1,1038
BRDA:267,25,0,2907
BRDA:267,25,1,1869
BRDA:280,26,0,0
BRDA:280,26,1,2907
BRDA:280,27,0,2907
BRDA:280,27,1,1355
BRDA:288,28,0,1355
BRDA:288,28,1,1552
BRDA:293,29,0,6422
BRDA:293,29,1,1355
BRDA:305,30,0,1313
BRDA:305,30,1,42
BRDA:320,31,0,2403
BRDA:320,31,1,504
BRDA:325,32,0,2277
BRDA:325,32,1,630
BRDA:335,33,0,508
BRDA:335,33,1,2365
BRDA:340,34,0,520
BRDA:340,34,1,1845
BRDA:381,35,0,0
BRDA:381,35,1,0
BRDA:415,36,0,0
BRDA:415,36,1,5336
BRDA:417,37,0,0
BRDA:417,37,1,5336
BRDA:420,38,0,0
BRDA:420,38,1,5336
BRDA:422,39,0,0
BRDA:422,39,1,0
BRDA:444,40,0,0
BRDA:444,40,1,2741
BRF:80
BRH:52
end_of_record
TN:
SF:src/core/parsing_translator.js
FN:1,(anonymous_1)
FN:4,(anonymous_2)
FN:18,(anonymous_3)
FN:32,(anonymous_4)
FN:67,(anonymous_5)
FN:74,(anonymous_6)
FN:81,(anonymous_7)
FN:89,(anonymous_8)
FN:98,(anonymous_9)
FN:108,(anonymous_10)
FN:119,(anonymous_11)
FN:120,(anonymous_12)
FN:124,(anonymous_13)
FN:125,(anonymous_14)
FN:129,(anonymous_15)
FN:130,(anonymous_16)
FN:135,(anonymous_17)
FN:136,(anonymous_18)
FN:142,(anonymous_19)
FN:143,(anonymous_20)
FN:147,(anonymous_21)
FN:148,(anonymous_22)
FN:157,(anonymous_23)
FN:159,(anonymous_24)
FN:166,(anonymous_25)
FN:167,(anonymous_26)
FN:174,(anonymous_27)
FN:175,(anonymous_28)
FN:181,(anonymous_29)
FN:182,(anonymous_30)
FN:200,(anonymous_31)
FN:229,(anonymous_32)
FNF:32
FNH:28
FNDA:1,(anonymous_1)
FNDA:1270,(anonymous_2)
FNDA:560,(anonymous_3)
FNDA:40,(anonymous_4)
FNDA:520,(anonymous_5)
FNDA:2,(anonymous_6)
FNDA:108,(anonymous_7)
FNDA:1,(anonymous_8)
FNDA:520,(anonymous_9)
FNDA:35,(anonymous_10)
FNDA:10,(anonymous_11)
FNDA:13,(anonymous_12)
FNDA:1,(anonymous_13)
FNDA:1,(anonymous_14)
FNDA:0,(anonymous_15)
FNDA:0,(anonymous_16)
FNDA:0,(anonymous_17)
FNDA:0,(anonymous_18)
FNDA:4,(anonymous_19)
FNDA:11,(anonymous_20)
FNDA:2,(anonymous_21)
FNDA:2,(anonymous_22)
FNDA:139,(anonymous_23)
FNDA:91,(anonymous_24)
FNDA:124,(anonymous_25)
FNDA:59,(anonymous_26)
FNDA:37,(anonymous_27)
FNDA:65,(anonymous_28)
FNDA:231,(anonymous_29)
FNDA:223,(anonymous_30)
FNDA:40,(anonymous_31)
FNDA:522,(anonymous_32)
DA:1,1
DA:2,1
DA:4,1
DA:5,1270
DA:6,1270
DA:7,2741
DA:8,748
DA:10,1993
DA:11,1792
DA:15,1270
DA:18,1
DA:19,560
DA:20,11
DA:21,0
DA:22,11
DA:23,0
DA:24,11
DA:25,7
DA:26,4
DA:27,0
DA:32,1
DA:33,40
DA:34,40
DA:35,0
DA:38,40
DA:39,33
DA:42,40
DA:43,40
DA:46,40
DA:47,7
DA:50,40
DA:51,40
DA:54,40
DA:55,40
DA:58,40
DA:59,40
DA:61,40
DA:62,40
DA:66,1
DA:68,520
DA:69,91
DA:71,429
DA:75,2
DA:76,2
DA:77,2
DA:78,2
DA:79,2
DA:82,108
DA:83,108
DA:84,108
DA:85,108
DA:86,108
DA:87,108
DA:90,1
DA:91,1
DA:92,1
DA:93,1
DA:95,1
DA:96,1
DA:99,520
DA:100,0
DA:101,520
DA:102,516
DA:103,71
DA:105,516
DA:109,35
DA:110,35
DA:111,35
DA:112,1
DA:114,35
DA:118,1
DA:120,10
DA:121,13
DA:125,1
DA:126,1
DA:130,0
DA:131,0
DA:136,0
DA:137,0
DA:138,0
DA:139,0
DA:143,4
DA:144,11
DA:148,2
DA:149,2
DA:150,2
DA:151,0
DA:153,2
DA:158,139
DA:159,139
DA:160,91
DA:161,91
DA:162,0
DA:167,124
DA:168,59
DA:169,59
DA:170,0
DA:175,37
DA:176,65
DA:177,65
DA:182,231
DA:183,223
DA:185,0
DA:186,0
DA:188,0
DA:189,0
DA:191,222
DA:192,222
DA:194,1
DA:195,1
DA:196,1
DA:201,40
DA:202,40
DA:204,40
DA:205,40
DA:206,40
DA:210,40
DA:211,40
DA:213,40
DA:214,2
DA:217,38
DA:218,38
DA:219,0
DA:221,38
DA:222,0
DA:223,38
DA:224,0
DA:227,38
DA:230,522
DA:232,522
DA:234,522
DA:235,2
DA:238,520
DA:239,1792
DA:240,1792
DA:244,520
DA:245,0
DA:247,520
DA:250,520
DA:251,520
DA:253,520
DA:254,1
DA:255,1
DA:256,1
DA:259,520
DA:260,0
DA:261,0
DA:263,0
DA:264,0
DA:267,520
DA:268,1
DA:271,520
DA:272,2
DA:275,520
DA:276,0
DA:277,0
DA:278,0
DA:279,0
DA:283,520
DA:284,0
DA:285,0
DA:287,0
DA:290,520
DA:291,0
DA:294,520
DA:295,0
DA:296,0
DA:297,0
DA:301,520
DA:302,108
DA:303,108
DA:306,520
DA:307,108
DA:310,520
DA:311,69
DA:314,520
DA:315,520
DA:317,520
DA:318,0
DA:321,520
DA:322,0
DA:325,520
DA:326,35
DA:329,485
DA:330,0
DA:333,485
DA:335,485
DA:336,2
DA:337,2
DA:338,2
DA:339,2
DA:341,2
DA:342,2
DA:344,1
DA:347,2
DA:350,485
LF:196
LH:156
BRDA:7,1,0,748
BRDA:7,1,1,1993
BRDA:10,2,0,1792
BRDA:10,2,1,201
BRDA:19,3,0,11
BRDA:19,3,1,549
BRDA:19,4,0,560
BRDA:19,4,1,11
BRDA:19,4,2,0
BRDA:20,5,0,0
BRDA:20,5,1,11
BRDA:20,6,0,11
BRDA:20,6,1,4
BRDA:20,6,2,0
BRDA:22,7,0,0
BRDA:22,7,1,11
BRDA:22,8,0,11
BRDA:22,8,1,7
BRDA:22,8,2,7
BRDA:24,9,0,7
BRDA:24,9,1,4
BRDA:24,10,0,11
BRDA:24,10,1,7
BRDA:26,11,0,0
BRDA:26,11,1,4
BRDA:26,12,0,4
BRDA:26,12,1,4
BRDA:34,13,0,0
BRDA:34,13,1,40
BRDA:34,14,0,40
BRDA:34,14,1,40
BRDA:34,14,2,0
BRDA:34,14,3,0
BRDA:34,14,4,0
BRDA:38,15,0,33
BRDA:38,15,1,7
BRDA:42,16,0,40
BRDA:42,16,1,0
BRDA:42,17,0,40
BRDA:42,17,1,40
BRDA:46,18,0,7
BRDA:46,18,1,33
BRDA:50,19,0,40
BRDA:50,19,1,0
BRDA:54,20,0,40
BRDA:54,20,1,0
BRDA:58,21,0,40
BRDA:58,21,1,0
BRDA:61,22,0,40
BRDA:61,22,1,0
BRDA:68,23,0,91
BRDA:68,23,1,429
BRDA:68,24,0,520
BRDA:68,24,1,519
BRDA:75,25,0,2
BRDA:75,25,1,0
BRDA:78,26,0,2
BRDA:78,26,1,0
BRDA:82,27,0,108
BRDA:82,27,1,0
BRDA:85,28,0,108
BRDA:85,28,1,0
BRDA:92,29,0,1
BRDA:92,29,1,0
BRDA:99,30,0,0
BRDA:99,30,1,520
BRDA:99,31,0,520
BRDA:99,31,1,75
BRDA:99,31,2,6
BRDA:99,31,3,6
BRDA:99,31,4,0
BRDA:100,32,0,0
BRDA:100,32,1,0
BRDA:100,33,0,0
BRDA:100,33,1,0
BRDA:101,34,0,516
BRDA:101,34,1,4
BRDA:101,35,0,520
BRDA:101,35,1,188
BRDA:102,36,0,71
BRDA:102,36,1,445
BRDA:109,37,0,3
BRDA:109,37,1,32
BRDA:111,38,0,1
BRDA:111,38,1,34
BRDA:150,39,0,0
BRDA:150,39,1,2
BRDA:161,40,0,0
BRDA:161,40,1,91
BRDA:168,41,0,37
BRDA:168,41,1,22
BRDA:169,42,0,0
BRDA:169,42,1,59
BRDA:177,43,0,52
BRDA:177,43,1,13
BRDA:178,44,0,1
BRDA:178,44,1,12
BRDA:183,45,0,0
BRDA:183,45,1,0
BRDA:183,45,2,222
BRDA:183,45,3,1
BRDA:202,46,0,40
BRDA:202,46,1,0
BRDA:205,47,0,40
BRDA:205,47,1,0
BRDA:213,48,0,2
BRDA:213,48,1,38
BRDA:218,49,0,0
BRDA:218,49,1,38
BRDA:221,50,0,0
BRDA:221,50,1,38
BRDA:223,51,0,0
BRDA:223,51,1,38
BRDA:232,52,0,522
BRDA:232,52,1,0
BRDA:234,53,0,2
BRDA:234,53,1,520
BRDA:239,54,0,1792
BRDA:239,54,1,0
BRDA:244,55,0,0
BRDA:244,55,1,520
BRDA:244,56,0,520
BRDA:244,56,1,1
BRDA:244,56,2,0
BRDA:250,57,0,520
BRDA:250,57,1,0
BRDA:250,57,2,520
BRDA:250,57,3,514
BRDA:251,58,0,228
BRDA:251,58,1,292
BRDA:251,59,0,520
BRDA:251,59,1,517
BRDA:253,60,0,1
BRDA:253,60,1,519
BRDA:253,61,0,520
BRDA:253,61,1,59
BRDA:259,62,0,0
BRDA:259,62,1,520
BRDA:259,63,0,520
BRDA:259,63,1,462
BRDA:259,63,2,58
BRDA:260,64,0,0
BRDA:260,64,1,0
BRDA:267,65,0,1
BRDA:267,65,1,519
BRDA:267,66,0,520
BRDA:267,66,1,63
BRDA:267,66,2,5
BRDA:267,66,3,1
BRDA:271,67,0,2
BRDA:271,67,1,518
BRDA:271,68,0,520
BRDA:271,68,1,457
BRDA:271,68,2,5
BRDA:271,68,3,5
BRDA:275,69,0,0
BRDA:275,69,1,520
BRDA:275,70,0,520
BRDA:275,70,1,10
BRDA:275,70,2,7
BRDA:275,70,3,2
BRDA:278,71,0,0
BRDA:278,71,1,0
BRDA:283,72,0,0
BRDA:283,72,1,520
BRDA:283,73,0,520
BRDA:283,73,1,59
BRDA:283,73,2,0
BRDA:284,74,0,0
BRDA:284,74,1,0
BRDA:290,75,0,0
BRDA:290,75,1,520
BRDA:290,76,0,520
BRDA:290,76,1,451
BRDA:290,76,2,0
BRDA:294,77,0,0
BRDA:294,77,1,520
BRDA:294,78,0,520
BRDA:294,78,1,59
BRDA:294,78,2,0
BRDA:296,79,0,0
BRDA:296,79,1,0
BRDA:301,80,0,108
BRDA:301,80,1,412
BRDA:301,81,0,520
BRDA:301,81,1,461
BRDA:301,81,2,445
BRDA:301,81,3,108
BRDA:306,82,0,108
BRDA:306,82,1,412
BRDA:306,83,0,520
BRDA:306,83,1,457
BRDA:306,83,2,349
BRDA:306,83,3,108
BRDA:310,84,0,69
BRDA:310,84,1,451
BRDA:317,85,0,0
BRDA:317,85,1,520
BRDA:317,86,0,520
BRDA:317,86,1,461
BRDA:317,86,2,59
BRDA:321,87,0,0
BRDA:321,87,1,520
BRDA:321,88,0,520
BRDA:321,88,1,514
BRDA:321,88,2,63
BRDA:321,88,3,0
BRDA:321,88,4,0
BRDA:321,88,5,0
BRDA:325,89,0,35
BRDA:325,89,1,485
BRDA:325,90,0,520
BRDA:325,90,1,35
BRDA:325,90,2,35
BRDA:325,90,3,35
BRDA:329,91,0,0
BRDA:329,91,1,485
BRDA:329,92,0,485
BRDA:329,92,1,422
BRDA:329,92,2,0
BRDA:329,92,3,0
BRDA:333,93,0,422
BRDA:333,93,1,63
BRDA:335,94,0,2
BRDA:335,94,1,483
BRDA:339,95,0,2
BRDA:339,95,1,0
BRDA:342,96,0,1
BRDA:342,96,1,1
BRDA:344,97,0,0
BRDA:344,97,1,1
BRF:231
BRH:165
end_of_record
TN:
SF:src/core/parsing_grammar.js
FN:1,(anonymous_1)
FN:12,(anonymous_2)
FN:24,(anonymous_3)
FN:27,(anonymous_4)
FN:48,(anonymous_5)
FN:53,(anonymous_6)
FN:65,(anonymous_7)
FN:78,(anonymous_8)
FN:101,(anonymous_9)
FN:103,(anonymous_10)
FN:110,(anonymous_11)
FN:111,(anonymous_12)
FN:130,(anonymous_13)
FN:137,(anonymous_14)
FN:141,(anonymous_15)
FN:144,(anonymous_16)
FN:145,(anonymous_17)
FN:152,(anonymous_18)
FN:153,(anonymous_19)
FN:160,(anonymous_20)
FN:161,(anonymous_21)
FN:169,(anonymous_22)
FN:179,(anonymous_23)
FN:180,(anonymous_24)
FN:192,(anonymous_25)
FN:202,(anonymous_26)
FN:209,(anonymous_27)
FN:249,(anonymous_28)
FNF:28
FNH:27
FNDA:1,(anonymous_1)
FNDA:960,(anonymous_2)
FNDA:1280,(anonymous_3)
FNDA:3040,(anonymous_4)
FNDA:20,(anonymous_5)
FNDA:0,(anonymous_6)
FNDA:1,(anonymous_7)
FNDA:160,(anonymous_8)
FNDA:160,(anonymous_9)
FNDA:480,(anonymous_10)
FNDA:13,(anonymous_11)
FNDA:10,(anonymous_12)
FNDA:480,(anonymous_13)
FNDA:522,(anonymous_14)
FNDA:160,(anonymous_15)
FNDA:6,(anonymous_16)
FNDA:6,(anonymous_17)
FNDA:451,(anonymous_18)
FNDA:451,(anonymous_19)
FNDA:449,(anonymous_20)
FNDA:449,(anonymous_21)
FNDA:160,(anonymous_22)
FNDA:456,(anonymous_23)
FNDA:451,(anonymous_24)
FNDA:91,(anonymous_25)
FNDA:56,(anonymous_26)
FNDA:20,(anonymous_27)
FNDA:522,(anonymous_28)
DA:1,1
DA:2,1
DA:3,1
DA:4,1
DA:6,1
DA:7,1
DA:8,1
DA:9,1
DA:11,1
DA:12,1
DA:13,960
DA:14,960
DA:15,960
DA:16,960
DA:17,960
DA:18,5440
DA:20,960
DA:22,960
DA:24,1
DA:25,1280
DA:27,1
DA:28,3040
DA:29,320
DA:31,2720
DA:35,1
DA:48,1
DA:49,20
DA:50,20
DA:53,1
DA:54,0
DA:55,0
DA:56,0
DA:57,0
DA:60,0
DA:62,0
DA:65,1
DA:66,1
DA:67,1
DA:68,1
DA:69,20
DA:71,1
DA:73,0
DA:77,1
DA:80,160
DA:81,160
DA:82,160
DA:83,160
DA:84,160
DA:85,160
DA:86,160
DA:87,160
DA:88,160
DA:89,160
DA:92,160
DA:93,160
DA:94,160
DA:95,160
DA:97,160
DA:98,160
DA:99,160
DA:103,160
DA:104,480
DA:107,160
DA:108,160
DA:109,160
DA:111,13
DA:112,10
DA:116,160
DA:117,160
DA:118,160
DA:120,160
DA:121,160
DA:122,160
DA:123,160
DA:125,160
DA:126,160
DA:127,160
DA:130,160
DA:131,480
DA:133,160
DA:134,160
DA:135,160
DA:137,160
DA:138,522
DA:143,160
DA:145,6
DA:146,6
DA:151,160
DA:153,451
DA:154,451
DA:158,160
DA:159,160
DA:161,449
DA:162,449
DA:169,1
DA:171,160
DA:173,160
DA:174,160
DA:175,160
DA:178,160
DA:180,456
DA:181,451
DA:185,160
DA:187,160
DA:193,91
DA:194,91
DA:196,0
DA:203,56
DA:210,20
DA:215,160
DA:219,1
DA:224,1
DA:249,1
DA:250,522
DA:251,522
DA:252,38
DA:253,0
DA:256,522
LF:118
LH:109
BRDA:14,1,0,960
BRDA:14,1,1,0
BRDA:28,2,0,320
BRDA:28,2,1,2720
BRDA:49,3,0,20
BRDA:49,3,1,20
BRDA:55,4,0,0
BRDA:55,4,1,0
BRDA:66,5,0,1
BRDA:66,5,1,0
BRDA:138,6,0,522
BRDA:138,6,1,0
BRDA:193,7,0,91
BRDA:193,7,1,0
BRDA:252,8,0,0
BRDA:252,8,1,38
BRF:16
BRH:9
end_of_record
TN:
SF:src/core/parser.js
FN:1,(anonymous_1)
FN:105,(anonymous_2)
FN:110,(anonymous_3)
FN:120,(anonymous_4)
FN:131,parse
FN:162,(anonymous_6)
FN:164,(anonymous_7)
FN:203,(anonymous_8)
FNF:8
FNH:5
FNDA:1,(anonymous_1)
FNDA:522,(anonymous_2)
FNDA:522,(anonymous_3)
FNDA:2,(anonymous_4)
FNDA:612,parse
FNDA:0,(anonymous_6)
FNDA:0,(anonymous_7)
FNDA:0,(anonymous_8)
DA:1,1
DA:2,1
DA:104,1
DA:106,522
DA:107,522
DA:108,522
DA:111,522
DA:112,522
DA:113,522
DA:115,0
DA:118,522
DA:121,2
DA:122,2
DA:124,2
DA:125,2
DA:127,0
DA:131,1
DA:132,612
DA:133,612
DA:134,6
DA:136,606
DA:137,3
DA:139,603
DA:141,441
DA:143,603
DA:144,81
DA:147,522
DA:148,522
DA:149,522
DA:150,520
DA:152,2
DA:157,1
DA:158,1
DA:160,1
DA:162,1
DA:163,0
DA:164,0
DA:165,0
DA:166,0
DA:167,0
DA:168,0
DA:170,0
DA:172,0
DA:173,0
DA:176,0
DA:203,1
DA:204,0
LF:47
LH:34
BRDA:107,1,0,8
BRDA:107,1,1,514
BRDA:107,2,0,522
BRDA:107,2,1,8
BRDA:118,3,0,520
BRDA:118,3,1,2
BRDA:125,4,0,0
BRDA:125,4,1,2
BRDA:125,5,0,2
BRDA:125,5,1,2
BRDA:133,6,0,6
BRDA:133,6,1,606
BRDA:136,7,0,3
BRDA:136,7,1,603
BRDA:139,8,0,441
BRDA:139,8,1,162
BRDA:139,9,0,603
BRDA:139,9,1,588
BRDA:139,9,2,583
BRDA:139,9,3,512
BRDA:141,10,0,441
BRDA:141,10,1,364
BRDA:143,11,0,81
BRDA:143,11,1,522
BRDA:143,12,0,603
BRDA:143,12,1,81
BRDA:149,13,0,520
BRDA:149,13,1,2
BRDA:157,14,0,1
BRDA:157,14,1,0
BRDA:172,15,0,0
BRDA:172,15,1,0
BRF:32
BRH:28
end_of_record
TN:
SF:src/core/extras.js
FN:1,(anonymous_1)
FN:5,(anonymous_2)
FN:31,(anonymous_3)
FN:112,(anonymous_4)
FN:162,(anonymous_5)
FN:170,(anonymous_6)
FN:186,(anonymous_7)
FN:187,(anonymous_8)
FN:202,(anonymous_9)
FN:218,(anonymous_10)
FN:315,(anonymous_11)
FN:316,(anonymous_12)
FN:329,(anonymous_13)
FNF:13
FNH:12
FNDA:1,(anonymous_1)
FNDA:0,(anonymous_2)
FNDA:166,(anonymous_3)
FNDA:81,(anonymous_4)
FNDA:6,(anonymous_5)
FNDA:166,(anonymous_6)
FNDA:8,(anonymous_7)
FNDA:166,(anonymous_8)
FNDA:2,(anonymous_9)
FNDA:2,(anonymous_10)
FNDA:3,(anonymous_11)
FNDA:6,(anonymous_12)
FNDA:3,(anonymous_13)
DA:1,1
DA:2,1
DA:6,0
DA:7,0
DA:9,0
DA:30,1
DA:32,166
DA:35,9
DA:38,4
DA:42,6
DA:44,2
DA:47,4
DA:50,5
DA:54,6
DA:56,2
DA:59,4
DA:62,5
DA:65,4
DA:67,2
DA:69,2
DA:72,4
DA:75,4
DA:78,4
DA:80,2
DA:82,2
DA:84,2
DA:86,2
DA:89,4
DA:91,2
DA:93,2
DA:95,2
DA:100,0
DA:102,0
DA:106,0
DA:109,0
DA:113,81
DA:114,81
DA:116,0
DA:118,0
DA:120,0
DA:122,0
DA:124,0
DA:127,0
DA:129,0
DA:132,0
DA:134,0
DA:137,0
DA:139,0
DA:141,0
DA:143,0
DA:145,0
DA:147,0
DA:148,0
DA:150,0
DA:151,0
DA:153,1
DA:155,0
DA:157,0
DA:159,0
DA:163,6
DA:165,0
DA:167,6
DA:171,166
DA:172,166
DA:173,166
DA:174,85
DA:176,81
DA:178,81
DA:179,1
DA:181,80
DA:186,1
DA:187,8
DA:188,166
DA:202,1
DA:203,2
DA:204,2
DA:218,1
DA:219,2
DA:220,2
DA:315,1
DA:316,3
DA:317,6
DA:318,6
DA:319,0
DA:322,6
DA:323,6
DA:324,6
DA:325,6
DA:329,1
DA:330,3
DA:331,3
DA:332,1
DA:334,2
DA:338,1
DA:339,1
LF:95
LH:65
BRDA:6,1,0,0
BRDA:6,1,1,0
BRDA:32,2,0,6
BRDA:32,2,1,9
BRDA:32,2,2,2
BRDA:32,2,3,4
BRDA:32,2,4,2
BRDA:32,2,5,4
BRDA:32,2,6,6
BRDA:32,2,7,2
BRDA:32,2,8,2
BRDA:32,2,9,4
BRDA:32,2,10,2
BRDA:32,2,11,5
BRDA:32,2,12,2
BRDA:32,2,13,4
BRDA:32,2,14,6
BRDA:32,2,15,2
BRDA:32,2,16,2
BRDA:32,2,17,4
BRDA:32,2,18,2
BRDA:32,2,19,5
BRDA:32,2,20,2
BRDA:32,2,21,4
BRDA:32,2,22,2
BRDA:32,2,23,2
BRDA:32,2,24,2
BRDA:32,2,25,4
BRDA:32,2,26,2
BRDA:32,2,27,4
BRDA:32,2,28,2
BRDA:32,2,29,4
BRDA:32,2,30,2
BRDA:32,2,31,2
BRDA:32,2,32,2
BRDA:32,2,33,2
BRDA:32,2,34,2
BRDA:32,2,35,4
BRDA:32,2,36,2
BRDA:32,2,37,2
BRDA:32,2,38,2
BRDA:32,2,39,0
BRDA:32,2,40,0
BRDA:32,2,41,0
BRDA:32,2,42,0
BRDA:32,2,43,0
BRDA:32,2,44,0
BRDA:32,2,45,0
BRDA:32,2,46,0
BRDA:32,2,47,0
BRDA:32,2,48,0
BRDA:114,3,0,0
BRDA:114,3,1,0
BRDA:114,3,2,0
BRDA:114,3,3,0
BRDA:114,3,4,0
BRDA:114,3,5,0
BRDA:114,3,6,0
BRDA:114,3,7,0
BRDA:114,3,8,0
BRDA:114,3,9,0
BRDA:114,3,10,0
BRDA:114,3,11,0
BRDA:114,3,12,0
BRDA:114,3,13,0
BRDA:114,3,14,0
BRDA:114,3,15,0
BRDA:114,3,16,0
BRDA:114,3,17,1
BRDA:114,3,18,0
BRDA:114,3,19,0
BRDA:114,3,20,0
BRDA:124,4,0,0
BRDA:124,4,1,0
BRDA:143,5,0,0
BRDA:143,5,1,0
BRDA:163,6,0,0
BRDA:163,6,1,6
BRDA:171,7,0,166
BRDA:171,7,1,160
BRDA:173,8,0,85
BRDA:173,8,1,81
BRDA:178,9,0,1
BRDA:178,9,1,80
BRDA:318,10,0,0
BRDA:318,10,1,6
BRDA:318,11,0,6
BRDA:318,11,1,6
BRDA:324,12,0,6
BRDA:324,12,1,0
BRDA:331,13,0,1
BRDA:331,13,1,2
BRDA:338,14,0,1
BRDA:338,14,1,0
BRF:94
BRH:54
end_of_record
TN:
SF:src/core/time_period.js
FN:1,(anonymous_1)
FN:4,(anonymous_2)
FN:5,(anonymous_3)
FN:10,(anonymous_4)
FN:11,(anonymous_5)
FN:16,(anonymous_6)
FN:25,(anonymous_7)
FN:26,inc
FN:48,(anonymous_9)
FN:60,(anonymous_10)
FN:85,(anonymous_11)
FNF:11
FNH:4
FNDA:1,(anonymous_1)
FNDA:7,(anonymous_2)
FNDA:0,(anonymous_3)
FNDA:7,(anonymous_4)
FNDA:0,(anonymous_5)
FNDA:1,(anonymous_6)
FNDA:0,(anonymous_7)
FNDA:0,inc
FNDA:0,(anonymous_9)
FNDA:0,(anonymous_10)
FNDA:0,(anonymous_11)
DA:1,1
DA:3,1
DA:4,1
DA:5,7
DA:6,0
DA:10,1
DA:11,7
DA:12,0
DA:13,0
DA:16,1
DA:17,1
DA:18,7
DA:19,7
DA:20,7
DA:21,7
DA:25,1
DA:26,1
DA:27,0
DA:28,0
DA:29,0
DA:30,0
DA:31,0
DA:34,0
DA:35,0
DA:36,0
DA:39,0
DA:40,0
DA:43,0
DA:44,0
DA:45,0
DA:48,1
DA:49,0
DA:50,0
DA:51,0
DA:52,0
DA:53,0
DA:60,1
DA:61,0
DA:62,0
DA:63,0
DA:64,0
DA:65,0
DA:66,0
DA:67,0
DA:72,0
DA:73,0
DA:75,0
DA:76,0
DA:77,0
DA:78,0
DA:81,0
DA:84,1
DA:85,1
DA:86,0
DA:87,0
DA:88,0
DA:89,0
DA:90,0
DA:91,0
DA:92,0
DA:95,1
DA:97,1
DA:99,1
LF:63
LH:21
BRDA:29,1,0,0
BRDA:29,1,1,0
BRDA:34,2,0,0
BRDA:34,2,1,0
BRDA:50,3,0,0
BRDA:50,3,1,0
BRDA:50,4,0,0
BRDA:50,4,1,0
BRDA:52,5,0,0
BRDA:52,5,1,0
BRDA:61,6,0,0
BRDA:61,6,1,0
BRDA:63,7,0,0
BRDA:63,7,1,0
BRDA:63,8,0,0
BRDA:63,8,1,0
BRDA:63,8,2,0
BRDA:66,9,0,0
BRDA:66,9,1,0
BRDA:76,10,0,0
BRDA:76,10,1,0
BRDA:86,11,0,0
BRDA:86,11,1,0
BRDA:87,12,0,0
BRDA:87,12,1,0
BRDA:88,13,0,0
BRDA:88,13,1,0
BRDA:89,14,0,0
BRDA:89,14,1,0
BRDA:90,15,0,0
BRDA:90,15,1,0
BRDA:91,16,0,0
BRDA:91,16,1,0
BRDA:92,17,0,0
BRDA:92,17,1,0
BRDA:97,18,0,1
BRDA:97,18,1,0
BRF:37
BRH:1
end_of_record
TN:
SF:src/core/time_span.js
FN:1,(anonymous_1)
FN:3,(anonymous_2)
FN:4,(anonymous_3)
FN:9,(anonymous_4)
FN:10,(anonymous_5)
FN:16,(anonymous_6)
FN:29,(anonymous_7)
FN:46,(anonymous_8)
FN:53,(anonymous_9)
FN:64,(anonymous_10)
FN:68,(anonymous_11)
FN:72,(anonymous_12)
FN:76,(anonymous_13)
FN:80,(anonymous_14)
FN:84,(anonymous_15)
FN:88,(anonymous_16)
FN:92,(anonymous_17)
FN:96,(anonymous_18)
FN:100,(anonymous_19)
FN:104,(anonymous_20)
FN:105,(anonymous_21)
FN:113,(anonymous_22)
FN:120,(anonymous_23)
FN:153,(anonymous_24)
FN:166,(anonymous_25)
FNF:25
FNH:4
FNDA:1,(anonymous_1)
FNDA:5,(anonymous_2)
FNDA:0,(anonymous_3)
FNDA:5,(anonymous_4)
FNDA:0,(anonymous_5)
FNDA:1,(anonymous_6)
FNDA:0,(anonymous_7)
FNDA:0,(anonymous_8)
FNDA:0,(anonymous_9)
FNDA:0,(anonymous_10)
FNDA:0,(anonymous_11)
FNDA:0,(anonymous_12)
FNDA:0,(anonymous_13)
FNDA:0,(anonymous_14)
FNDA:0,(anonymous_15)
FNDA:0,(anonymous_16)
FNDA:0,(anonymous_17)
FNDA:0,(anonymous_18)
FNDA:0,(anonymous_19)
FNDA:0,(anonymous_20)
FNDA:0,(anonymous_21)
FNDA:0,(anonymous_22)
FNDA:0,(anonymous_23)
FNDA:0,(anonymous_24)
FNDA:0,(anonymous_25)
DA:1,1
DA:3,1
DA:4,5
DA:5,0
DA:9,1
DA:10,5
DA:11,0
DA:12,0
DA:15,1
DA:16,1
DA:17,1
DA:18,5
DA:19,5
DA:20,5
DA:21,5
DA:29,1
DA:30,0
DA:31,0
DA:32,0
DA:33,0
DA:34,0
DA:35,0
DA:36,0
DA:37,0
DA:38,0
DA:39,0
DA:40,0
DA:41,0
DA:43,0
DA:46,0
DA:47,0
DA:53,0
DA:54,0
DA:55,0
DA:56,0
DA:59,0
DA:61,0
DA:64,0
DA:65,0
DA:68,0
DA:69,0
DA:72,0
DA:73,0
DA:76,0
DA:77,0
DA:80,0
DA:81,0
DA:84,0
DA:85,0
DA:88,0
DA:89,0
DA:92,0
DA:93,0
DA:96,0
DA:97,0
DA:100,0
DA:101,0
DA:104,0
DA:105,0
DA:106,0
DA:107,0
DA:109,0
DA:113,0
DA:114,0
DA:117,0
DA:119,0
DA:121,0
DA:123,0
DA:125,0
DA:127,0
DA:129,0
DA:131,0
DA:133,0
DA:135,0
DA:137,0
DA:139,0
DA:141,0
DA:143,0
DA:145,0
DA:150,0
DA:152,1
DA:153,1
DA:154,0
DA:155,0
DA:156,0
DA:157,0
DA:158,0
DA:166,1
DA:167,0
DA:170,1
DA:172,1
DA:174,1
LF:92
LH:19
BRDA:30,1,0,0
BRDA:30,1,1,0
BRDA:30,2,0,0
BRDA:30,2,1,0
BRDA:31,3,0,0
BRDA:31,3,1,0
BRDA:55,4,0,0
BRDA:55,4,1,0
BRDA:61,5,0,0
BRDA:61,5,1,0
BRDA:61,6,0,0
BRDA:61,6,1,0
BRDA:69,7,0,0
BRDA:69,7,1,0
BRDA:73,8,0,0
BRDA:73,8,1,0
BRDA:97,9,0,0
BRDA:97,9,1,0
BRDA:97,10,0,0
BRDA:97,10,1,0
BRDA:101,11,0,0
BRDA:101,11,1,0
BRDA:106,12,0,0
BRDA:106,12,1,0
BRDA:106,13,0,0
BRDA:106,13,1,0
BRDA:114,14,0,0
BRDA:114,14,1,0
BRDA:119,15,0,0
BRDA:119,15,1,0
BRDA:121,16,0,0
BRDA:121,16,1,0
BRDA:121,16,2,0
BRDA:121,16,3,0
BRDA:121,16,4,0
BRDA:121,16,5,0
BRDA:121,16,6,0
BRDA:121,16,7,0
BRDA:121,16,8,0
BRDA:121,16,9,0
BRDA:121,16,10,0
BRDA:121,16,11,0
BRDA:143,17,0,0
BRDA:143,17,1,0
BRDA:145,18,0,0
BRDA:145,18,1,0
BRDA:154,19,0,0
BRDA:154,19,1,0
BRDA:155,20,0,0
BRDA:155,20,1,0
BRDA:156,21,0,0
BRDA:156,21,1,0
BRDA:157,22,0,0
BRDA:157,22,1,0
BRDA:158,23,0,0
BRDA:158,23,1,0
BRDA:172,24,0,1
BRDA:172,24,1,0
BRF:58
BRH:1
end_of_record
